Log file open, 12/15/17 01:46:47
LogWindows: Failed to load 'aqProf.dll' (GetLastError=126)
LogWindows: File 'aqProf.dll' does not exist
LogWindows: Failed to load 'VSPerf140.dll' (GetLastError=126)
LogWindows: File 'VSPerf140.dll' does not exist
LogWindows: Failed to load 'VtuneApi.dll' (GetLastError=126)
LogWindows: File 'VtuneApi.dll' does not exist
LogWindows: Failed to load 'VtuneApi32e.dll' (GetLastError=126)
LogWindows: File 'VtuneApi32e.dll' does not exist
LogInit: Display: Running engine for game: unrealengineproject
LogPlatformFile: Not using cached read wrapper
LogInit: Display: RandInit(575171911) SRandInit(575171911).
LogInit: Read version file with build ID '3709383'
LogInit: Overriding engine version to CL 3754814, compatible CL 3709383
LogInit: Registered custom module enumerator with build ID '3709383'
LogTaskGraph: Started task graph with 5 named threads and 8 total threads with 3 sets of task threads.
LogStats: Stats thread started at 1.264639
LogD3D11RHI: Aftermath initialized
LogPluginManager: Mounting plugin Paper2D
LogPluginManager: Mounting plugin LightPropagationVolume
LogPluginManager: Mounting plugin CodeLiteSourceCodeAccess
LogPluginManager: Mounting plugin GitSourceControl
LogPluginManager: Mounting plugin KDevelopSourceCodeAccess
LogPluginManager: Mounting plugin NullSourceCodeAccess
LogPluginManager: Mounting plugin PerforceSourceControl
LogPluginManager: Mounting plugin SubversionSourceControl
LogPluginManager: Mounting plugin UObjectPlugin
LogPluginManager: Mounting plugin VisualStudioCodeSourceCodeAccess
LogPluginManager: Mounting plugin VisualStudioSourceCodeAccess
LogPluginManager: Mounting plugin XCodeSourceCodeAccess
LogPluginManager: Mounting plugin AssetManagerEditor
LogPluginManager: Mounting plugin AudioCapture
LogPluginManager: Mounting plugin FacialAnimation
LogPluginManager: Mounting plugin GameplayTagsEditor
LogPluginManager: Mounting plugin MobileLauncherProfileWizard
LogPluginManager: Mounting plugin PluginBrowser
LogPluginManager: Mounting plugin SpeedTreeImporter
LogPluginManager: Mounting plugin AlembicImporter
LogPluginManager: Mounting plugin CharacterAI
LogPluginManager: Mounting plugin HTML5Networking
LogPluginManager: Mounting plugin AndroidMedia
LogPluginManager: Mounting plugin AvfMedia
LogPluginManager: Mounting plugin ImgMedia
LogPluginManager: Mounting plugin MediaCompositing
LogPluginManager: Mounting plugin MediaPlayerEditor
LogPluginManager: Mounting plugin WmfMedia
LogPluginManager: Mounting plugin TcpMessaging
LogPluginManager: Mounting plugin UdpMessaging
LogPluginManager: Mounting plugin ActorSequence
LogPluginManager: Mounting plugin LevelSequenceEditor
LogPluginManager: Mounting plugin MatineeToLevelSequence
LogPluginManager: Mounting plugin OnlineSubsystemGooglePlay
LogPluginManager: Mounting plugin OnlineSubsystemIOS
LogPluginManager: Mounting plugin OnlineSubsystem
LogPluginManager: Mounting plugin OnlineSubsystemNull
LogPluginManager: Mounting plugin OnlineSubsystemUtils
LogPluginManager: Mounting plugin AndroidDeviceProfileSelector
LogPluginManager: Mounting plugin AndroidMoviePlayer
LogPluginManager: Mounting plugin AndroidPermission
LogPluginManager: Mounting plugin AppleARKit
LogPluginManager: Mounting plugin AppleMoviePlayer
LogPluginManager: Mounting plugin ArchVisCharacter
LogPluginManager: Mounting plugin CableComponent
LogPluginManager: Mounting plugin CustomMeshComponent
LogPluginManager: Mounting plugin ExampleDeviceProfileSelector
LogPluginManager: Mounting plugin GoogleCloudMessaging
LogPluginManager: Mounting plugin ImmediatePhysics
LogPluginManager: Mounting plugin IOSDeviceProfileSelector
LogPluginManager: Mounting plugin LinuxDeviceProfileSelector
LogPluginManager: Mounting plugin LocationServicesBPLibrary
LogPluginManager: Mounting plugin MobilePatchingUtils
LogPluginManager: Mounting plugin OculusVR
LogPluginManager: Plugin shader directory ../../../Engine/Plugins/Runtime/Oculus/OculusVR/Shaders found
LogPluginManager: Mapping shader source directory ../../../Engine/Plugins/Runtime/Oculus/OculusVR/Shaders to virtual directory /Plugin/OculusVR
LogPluginManager: Mounting plugin PhysXVehicles
LogPluginManager: Mounting plugin ProceduralMeshComponent
LogPluginManager: Mounting plugin RuntimePhysXCooking
LogPluginManager: Mounting plugin SteamVR
LogPluginManager: Mounting plugin WindowsMoviePlayer
LogModuleManager: Display: Found up-to-date module file ../../../../../../Users/first/Documents/GitHub/infiniteloop-project/unrealengineproject/Binaries/Win64/UE4Editor-unrealengineproject.dll (API version 3709383).
LogModuleManager: Display: Found up-to-date module file ../../../Engine/Plugins/2D/Paper2D/Binaries/Win64/UE4Editor-Paper2D.dll (API version 3709383).
LogModuleManager: Display: Found up-to-date module file ../../../Engine/Plugins/2D/Paper2D/Binaries/Win64/UE4Editor-Paper2DEditor.dll (API version 3709383).
LogModuleManager: Display: Found up-to-date module file ../../../Engine/Plugins/2D/Paper2D/Binaries/Win64/UE4Editor-PaperSpriteSheetImporter.dll (API version 3709383).
LogModuleManager: Display: Found up-to-date module file ../../../Engine/Plugins/2D/Paper2D/Binaries/Win64/UE4Editor-PaperTiledImporter.dll (API version 3709383).
LogModuleManager: Display: Found up-to-date module file ../../../Engine/Plugins/2D/Paper2D/Binaries/Win64/UE4Editor-SmartSnapping.dll (API version 3709383).
LogModuleManager: Display: Found up-to-date module file ../../../Engine/Plugins/Blendables/LightPropagationVolume/Binaries/Win64/UE4Editor-LightPropagationVolumeRuntime.dll (API version 3709383).
LogModuleManager: Display: Found up-to-date module file ../../../Engine/Plugins/Blendables/LightPropagationVolume/Binaries/Win64/UE4Editor-LightPropagationVolumeEditor.dll (API version 3709383).
LogModuleManager: Display: Found up-to-date module file ../../../Engine/Plugins/Developer/GitSourceControl/Binaries/Win64/UE4Editor-GitSourceControl.dll (API version 3709383).
LogModuleManager: Display: Found up-to-date module file ../../../Engine/Plugins/Developer/PerforceSourceControl/Binaries/Win64/UE4Editor-PerforceSourceControl.dll (API version 3709383).
LogModuleManager: Display: Found up-to-date module file ../../../Engine/Plugins/Developer/SubversionSourceControl/Binaries/Win64/UE4Editor-SubversionSourceControl.dll (API version 3709383).
LogModuleManager: Display: Found up-to-date module file ../../../Engine/Plugins/Developer/UObjectPlugin/Binaries/Win64/UE4Editor-UObjectPlugin.dll (API version 3709383).
LogModuleManager: Display: Found up-to-date module file ../../../Engine/Plugins/Developer/VisualStudioCodeSourceCodeAccess/Binaries/Win64/UE4Editor-VisualStudioCodeSourceCodeAccess.dll (API version 3709383).
LogModuleManager: Display: Found up-to-date module file ../../../Engine/Plugins/Developer/VisualStudioSourceCodeAccess/Binaries/Win64/UE4Editor-VisualStudioSourceCodeAccess.dll (API version 3709383).
LogModuleManager: Display: Found up-to-date module file ../../../Engine/Plugins/Editor/AssetManagerEditor/Binaries/Win64/UE4Editor-AssetManagerEditor.dll (API version 3709383).
LogModuleManager: Display: Found up-to-date module file ../../../Engine/Plugins/Editor/AudioCapture/Binaries/Win64/UE4Editor-AudioCapture.dll (API version 3709383).
LogModuleManager: Display: Found up-to-date module file ../../../Engine/Plugins/Editor/FacialAnimation/Binaries/Win64/UE4Editor-FacialAnimation.dll (API version 3709383).
LogModuleManager: Display: Found up-to-date module file ../../../Engine/Plugins/Editor/FacialAnimation/Binaries/Win64/UE4Editor-FacialAnimationEditor.dll (API version 3709383).
LogModuleManager: Display: Found up-to-date module file ../../../Engine/Plugins/Editor/GameplayTagsEditor/Binaries/Win64/UE4Editor-GameplayTagsEditor.dll (API version 3709383).
LogModuleManager: Display: Found up-to-date module file ../../../Engine/Plugins/Editor/MobileLauncherProfileWizard/Binaries/Win64/UE4Editor-MobileLauncherProfileWizard.dll (API version 3709383).
LogModuleManager: Display: Found up-to-date module file ../../../Engine/Plugins/Editor/PluginBrowser/Binaries/Win64/UE4Editor-PluginBrowser.dll (API version 3709383).
LogModuleManager: Display: Found up-to-date module file ../../../Engine/Plugins/Editor/SpeedTreeImporter/Binaries/Win64/UE4Editor-SpeedTreeImporter.dll (API version 3709383).
LogModuleManager: Display: Found up-to-date module file ../../../Engine/Plugins/Experimental/AlembicImporter/Binaries/Win64/UE4Editor-AlembicImporter.dll (API version 3709383).
LogModuleManager: Display: Found up-to-date module file ../../../Engine/Plugins/Experimental/AlembicImporter/Binaries/Win64/UE4Editor-AlembicLibrary.dll (API version 3709383).
LogModuleManager: Display: Found up-to-date module file ../../../Engine/Plugins/Experimental/CharacterAI/Binaries/Win64/UE4Editor-CharacterAI.dll (API version 3709383).
LogModuleManager: Display: Found up-to-date module file ../../../Engine/Plugins/Experimental/HTML5Networking/Binaries/Win64/UE4Editor-HTML5Networking.dll (API version 3709383).
LogModuleManager: Display: Found up-to-date module file ../../../Engine/Plugins/Media/AndroidMedia/Binaries/Win64/UE4Editor-AndroidMediaEditor.dll (API version 3709383).
LogModuleManager: Display: Found up-to-date module file ../../../Engine/Plugins/Media/AndroidMedia/Binaries/Win64/UE4Editor-AndroidMediaFactory.dll (API version 3709383).
LogModuleManager: Display: Found up-to-date module file ../../../Engine/Plugins/Media/AvfMedia/Binaries/Win64/UE4Editor-AvfMediaEditor.dll (API version 3709383).
LogModuleManager: Display: Found up-to-date module file ../../../Engine/Plugins/Media/AvfMedia/Binaries/Win64/UE4Editor-AvfMediaFactory.dll (API version 3709383).
LogModuleManager: Display: Found up-to-date module file ../../../Engine/Plugins/Media/AvfMedia/Binaries/Win64/UE4Editor-AvfMediaFactory.dll (API version 3709383).
LogModuleManager: Display: Found up-to-date module file ../../../Engine/Plugins/Media/ImgMedia/Binaries/Win64/UE4Editor-ImgMedia.dll (API version 3709383).
LogModuleManager: Display: Found up-to-date module file ../../../Engine/Plugins/Media/ImgMedia/Binaries/Win64/UE4Editor-ImgMediaEditor.dll (API version 3709383).
LogModuleManager: Display: Found up-to-date module file ../../../Engine/Plugins/Media/ImgMedia/Binaries/Win64/UE4Editor-ImgMediaFactory.dll (API version 3709383).
LogModuleManager: Display: Found up-to-date module file ../../../Engine/Plugins/Media/ImgMedia/Binaries/Win64/UE4Editor-ImgMediaFactory.dll (API version 3709383).
LogModuleManager: Display: Found up-to-date module file ../../../Engine/Plugins/Media/ImgMedia/Binaries/Win64/UE4Editor-OpenExrWrapper.dll (API version 3709383).
LogModuleManager: Display: Found up-to-date module file ../../../Engine/Plugins/Media/MediaCompositing/Binaries/Win64/UE4Editor-MediaCompositing.dll (API version 3709383).
LogModuleManager: Display: Found up-to-date module file ../../../Engine/Plugins/Media/MediaCompositing/Binaries/Win64/UE4Editor-MediaCompositingEditor.dll (API version 3709383).
LogModuleManager: Display: Found up-to-date module file ../../../Engine/Plugins/Media/MediaPlayerEditor/Binaries/Win64/UE4Editor-MediaPlayerEditor.dll (API version 3709383).
LogModuleManager: Display: Found up-to-date module file ../../../Engine/Plugins/Media/WmfMedia/Binaries/Win64/UE4Editor-WmfMedia.dll (API version 3709383).
LogModuleManager: Display: Found up-to-date module file ../../../Engine/Plugins/Media/WmfMedia/Binaries/Win64/UE4Editor-WmfMediaEditor.dll (API version 3709383).
LogModuleManager: Display: Found up-to-date module file ../../../Engine/Plugins/Media/WmfMedia/Binaries/Win64/UE4Editor-WmfMediaFactory.dll (API version 3709383).
LogModuleManager: Display: Found up-to-date module file ../../../Engine/Plugins/Media/WmfMedia/Binaries/Win64/UE4Editor-WmfMediaFactory.dll (API version 3709383).
LogModuleManager: Display: Found up-to-date module file ../../../Engine/Plugins/Messaging/TcpMessaging/Binaries/Win64/UE4Editor-TcpMessaging.dll (API version 3709383).
LogModuleManager: Display: Found up-to-date module file ../../../Engine/Plugins/Messaging/UdpMessaging/Binaries/Win64/UE4Editor-UdpMessaging.dll (API version 3709383).
LogModuleManager: Display: Found up-to-date module file ../../../Engine/Plugins/MovieScene/ActorSequence/Binaries/Win64/UE4Editor-ActorSequence.dll (API version 3709383).
LogModuleManager: Display: Found up-to-date module file ../../../Engine/Plugins/MovieScene/LevelSequenceEditor/Binaries/Win64/UE4Editor-LevelSequenceEditor.dll (API version 3709383).
LogModuleManager: Display: Found up-to-date module file ../../../Engine/Plugins/MovieScene/MatineeToLevelSequence/Binaries/Win64/UE4Editor-MatineeToLevelSequence.dll (API version 3709383).
LogModuleManager: Display: Found up-to-date module file ../../../Engine/Plugins/Online/OnlineSubsystem/Binaries/Win64/UE4Editor-OnlineSubsystem.dll (API version 3709383).
LogModuleManager: Display: Found up-to-date module file ../../../Engine/Plugins/Online/OnlineSubsystemNull/Binaries/Win64/UE4Editor-OnlineSubsystemNull.dll (API version 3709383).
LogModuleManager: Display: Found up-to-date module file ../../../Engine/Plugins/Online/OnlineSubsystemUtils/Binaries/Win64/UE4Editor-OnlineSubsystemUtils.dll (API version 3709383).
LogModuleManager: Display: Found up-to-date module file ../../../Engine/Plugins/Online/OnlineSubsystemUtils/Binaries/Win64/UE4Editor-OnlineBlueprintSupport.dll (API version 3709383).
LogModuleManager: Display: Found up-to-date module file ../../../Engine/Plugins/Runtime/AndroidDeviceProfileSelector/Binaries/Win64/UE4Editor-AndroidDeviceProfileSelector.dll (API version 3709383).
LogModuleManager: Display: Found up-to-date module file ../../../Engine/Plugins/Runtime/AndroidPermission/Binaries/Win64/UE4Editor-AndroidPermission.dll (API version 3709383).
LogModuleManager: Display: Found up-to-date module file ../../../Engine/Plugins/Runtime/AppleARKit/Binaries/Win64/UE4Editor-AppleARKit.dll (API version 3709383).
LogModuleManager: Display: Found up-to-date module file ../../../Engine/Plugins/Runtime/ArchVisCharacter/Binaries/Win64/UE4Editor-ArchVisCharacter.dll (API version 3709383).
LogModuleManager: Display: Found up-to-date module file ../../../Engine/Plugins/Runtime/CableComponent/Binaries/Win64/UE4Editor-CableComponent.dll (API version 3709383).
LogModuleManager: Display: Found up-to-date module file ../../../Engine/Plugins/Runtime/CustomMeshComponent/Binaries/Win64/UE4Editor-CustomMeshComponent.dll (API version 3709383).
LogModuleManager: Display: Found up-to-date module file ../../../Engine/Plugins/Runtime/ExampleDeviceProfileSelector/Binaries/Win64/UE4Editor-ExampleDeviceProfileSelector.dll (API version 3709383).
LogModuleManager: Display: Found up-to-date module file ../../../Engine/Plugins/Runtime/ImmediatePhysics/Binaries/Win64/UE4Editor-ImmediatePhysics.dll (API version 3709383).
LogModuleManager: Display: Found up-to-date module file ../../../Engine/Plugins/Runtime/ImmediatePhysics/Binaries/Win64/UE4Editor-ImmediatePhysicsEditor.dll (API version 3709383).
LogModuleManager: Display: Found up-to-date module file ../../../Engine/Plugins/Runtime/LocationServicesBPLibrary/Binaries/Win64/UE4Editor-LocationServicesBPLibrary.dll (API version 3709383).
LogModuleManager: Display: Found up-to-date module file ../../../Engine/Plugins/Runtime/MobilePatchingUtils/Binaries/Win64/UE4Editor-MobilePatchingUtils.dll (API version 3709383).
LogModuleManager: Display: Found up-to-date module file ../../../Engine/Plugins/Runtime/Oculus/OculusVR/Binaries/Win64/UE4Editor-OculusHMD.dll (API version 3709383).
LogModuleManager: Display: Found up-to-date module file ../../../Engine/Plugins/Runtime/Oculus/OculusVR/Binaries/Win64/UE4Editor-OculusInput.dll (API version 3709383).
LogModuleManager: Display: Found up-to-date module file ../../../Engine/Plugins/Runtime/Oculus/OculusVR/Binaries/Win64/UE4Editor-OculusEditor.dll (API version 3709383).
LogModuleManager: Display: Found up-to-date module file ../../../Engine/Plugins/Runtime/PhysXVehicles/Binaries/Win64/UE4Editor-PhysXVehicles.dll (API version 3709383).
LogModuleManager: Display: Found up-to-date module file ../../../Engine/Plugins/Runtime/PhysXVehicles/Binaries/Win64/UE4Editor-PhysXVehiclesEditor.dll (API version 3709383).
LogModuleManager: Display: Found up-to-date module file ../../../Engine/Plugins/Runtime/ProceduralMeshComponent/Binaries/Win64/UE4Editor-ProceduralMeshComponent.dll (API version 3709383).
LogModuleManager: Display: Found up-to-date module file ../../../Engine/Plugins/Runtime/ProceduralMeshComponent/Binaries/Win64/UE4Editor-ProceduralMeshComponentEditor.dll (API version 3709383).
LogModuleManager: Display: Found up-to-date module file ../../../Engine/Plugins/Runtime/RuntimePhysXCooking/Binaries/Win64/UE4Editor-RuntimePhysXCooking.dll (API version 3709383).
LogModuleManager: Display: Found up-to-date module file ../../../Engine/Plugins/Runtime/Steam/SteamVR/Binaries/Win64/UE4Editor-SteamVR.dll (API version 3709383).
LogModuleManager: Display: Found up-to-date module file ../../../Engine/Plugins/Runtime/Steam/SteamVR/Binaries/Win64/UE4Editor-SteamVRController.dll (API version 3709383).
LogModuleManager: Display: Found up-to-date module file ../../../Engine/Plugins/Runtime/WindowsMoviePlayer/Binaries/Win64/UE4Editor-WindowsMoviePlayer.dll (API version 3709383).
LogInit: Using libcurl 7.47.1
LogInit:  - built for x86_64-pc-win32
LogInit:  - supports SSL with OpenSSL/1.0.2g
LogInit:  - supports HTTP deflate (compression) using libz 1.2.8
LogInit:  - other features:
LogInit:      CURL_VERSION_SSL
LogInit:      CURL_VERSION_LIBZ
LogInit:      CURL_VERSION_IPV6
LogInit:      CURL_VERSION_ASYNCHDNS
LogInit:      CURL_VERSION_LARGEFILE
LogInit:      CURL_VERSION_IDN
LogInit:  CurlRequestOptions (configurable via config and command line):
LogInit:  - bVerifyPeer = false  - Libcurl will NOT verify peer certificate
LogInit:  - bUseHttpProxy = false  - Libcurl will NOT use HTTP proxy
LogInit:  - bDontReuseConnections = false  - Libcurl will reuse connections
LogInit:  - CertBundlePath = nullptr  - Libcurl will use whatever was configured at build time.
LogInit: Build: ++UE4+Release-4.18-CL-3754814
LogInit: Engine Version: 4.18.1-3754814+++UE4+Release-4.18
LogInit: Compatible Engine Version: 4.18.0-3709383+++UE4+Release-4.18
LogInit: Net CL: 3709383
LogDevObjectVersion: Number of dev versions registered: 16
LogDevObjectVersion:   Dev-Blueprints (B0D832E4-1F89-4F0D-ACCF-7EB736FD4AA2): 10
LogDevObjectVersion:   Dev-Build (E1C64328-A22C-4D53-A36C-8E866417BD8C): 0
LogDevObjectVersion:   Dev-Core (375EC13C-06E4-48FB-B500-84F0262A717E): 2
LogDevObjectVersion:   Dev-Editor (E4B068ED-F494-42E9-A231-DA0B2E46BB41): 20
LogDevObjectVersion:   Dev-Framework (CFFC743F-43B0-4480-9391-14DF171D2073): 30
LogDevObjectVersion:   Dev-Mobile (B02B49B5-BB20-44E9-A304-32B752E40360): 0
LogDevObjectVersion:   Dev-Networking (A4E4105C-59A1-49B5-A7C5-40C4547EDFEE): 0
LogDevObjectVersion:   Dev-Online (39C831C9-5AE6-47DC-9A44-9C173E1C8E7C): 0
LogDevObjectVersion:   Dev-Physics (78F01B33-EBEA-4F98-B9B4-84EACCB95AA2): 0
LogDevObjectVersion:   Dev-Platform (6631380F-2D4D-43E0-8009-CF276956A95A): 0
LogDevObjectVersion:   Dev-Rendering (12F88B9F-8875-4AFC-A67C-D90C383ABD29): 20
LogDevObjectVersion:   Dev-Sequencer (7B5AE74C-D270-4C10-A958-57980B212A5A): 4
LogDevObjectVersion:   Dev-VR (D7296918-1DD6-4BDD-9DE2-64A83CC13884): 0
LogDevObjectVersion:   Dev-LoadTimes (C2A15278-BFE7-4AFE-6C17-90FF531DF755): 1
LogDevObjectVersion:   Private-Geometry (6EACA3D4-40EC-4CC1-B786-8BED09428FC5): 1
LogDevObjectVersion:   Dev-AnimPhys (29E575DD-E0A3-4627-9D10-D276232CDCEA): 12
LogInit: Compiled (64-bit): Nov 14 2017 02:05:55
LogInit: Compiled with Visual C++: 19.00.24215.01
LogInit: Build Configuration: Development
LogInit: Branch Name: ++UE4+Release-4.18
LogInit: Command line: 
LogInit: Base directory: C:/Program Files/Epic Games/UE_4.18/Engine/Binaries/Win64/
LogInit: Installed Engine Build: 1
LogInit: Presizing for max 8388607 objects, including 0 objects not considered by GC, pre-allocating 0 bytes for permanent pool.
LogInit: Object subsystem initialized
[2017.12.15-03.46.53:095][  0]LogInit: Selected Device Profile: [Windows]
[2017.12.15-03.46.53:095][  0]LogInit: Applying CVar settings loaded from the selected device profile: [Windows]
[2017.12.15-03.46.53:156][  0]LogInit: Computer: DESKTOP-RBJNHNC
[2017.12.15-03.46.53:156][  0]LogInit: User: first
[2017.12.15-03.46.53:156][  0]LogInit: CPU Page size=4096, Cores=2
[2017.12.15-03.46.53:156][  0]LogInit: High frequency timer resolution =2.338341 MHz
[2017.12.15-03.46.53:156][  0]LogMemory: Memory total: Physical=3.9GB (4GB approx)
[2017.12.15-03.46.53:156][  0]LogMemory: Platform Memory Stats for Windows
[2017.12.15-03.46.53:156][  0]LogMemory: Process Physical Memory: 274.39 MB used, 274.39 MB peak
[2017.12.15-03.46.53:156][  0]LogMemory: Process Virtual Memory: 269.36 MB used, 269.36 MB peak
[2017.12.15-03.46.53:156][  0]LogMemory: Physical Memory: 2327.52 MB used,  1656.84 MB free, 3984.36 MB total
[2017.12.15-03.46.53:156][  0]LogMemory: Virtual Memory: 673.86 MB used,  1656.84 MB free, 134217728.00 MB total
[2017.12.15-03.46.53:659][  0]LogInit: Using OS detected language (pt-BR).
[2017.12.15-03.46.53:659][  0]LogInit: Using OS detected locale (pt-BR).
[2017.12.15-03.46.54:228][  0]LogInit: Setting process to per monitor DPI aware
[2017.12.15-03.47.00:931][  0]LogD3D11RHI: D3D11 adapters:
[2017.12.15-03.47.00:939][  0]LogD3D11RHI:    0. 'Intel(R) HD Graphics Family' (Feature Level 11_0)
[2017.12.15-03.47.00:939][  0]LogD3D11RHI:       112/0/1992 MB DedicatedVideo/DedicatedSystem/SharedSystem, Outputs:2, VendorId:0x8086
[2017.12.15-03.47.02:580][  0]LogD3D11RHI:    1. 'AMD Radeon R7 M260' (Feature Level 11_0)
[2017.12.15-03.47.02:580][  0]LogD3D11RHI:       2039/0/1992 MB DedicatedVideo/DedicatedSystem/SharedSystem, Outputs:0, VendorId:0x1002
[2017.12.15-03.47.02:726][  0]LogD3D11RHI:    2. 'Microsoft Basic Render Driver' (Feature Level 11_0)
[2017.12.15-03.47.02:726][  0]LogD3D11RHI:       0/0/1992 MB DedicatedVideo/DedicatedSystem/SharedSystem, Outputs:0, VendorId:0x1414
[2017.12.15-03.47.02:726][  0]LogD3D11RHI: Chosen D3D11 Adapter: 1
[2017.12.15-03.47.02:733][  0]LogD3D11RHI: Creating new Direct3DDevice
[2017.12.15-03.47.02:733][  0]LogD3D11RHI:     GPU DeviceId: 0x6900 (for the marketing name, search the web for "GPU Device Id")
[2017.12.15-03.47.02:733][  0]LogWindows: EnumDisplayDevices:
[2017.12.15-03.47.02:733][  0]LogWindows:    0. 'Intel(R) HD Graphics Family' (P:1 D:1)
[2017.12.15-03.47.02:734][  0]LogWindows:    1. 'Intel(R) HD Graphics Family' (P:0 D:1)
[2017.12.15-03.47.02:734][  0]LogWindows:    2. 'Intel(R) HD Graphics Family' (P:0 D:0)
[2017.12.15-03.47.02:734][  0]LogWindows: DebugString: GetVideoDriverDetailsInvalid PrimaryIsNotTheChoosenAdapter GetVideoDriverDetailsInvalid PrimaryIsNotTheChoosenAdapter GetVideoDriverDetailsInvalid PrimaryIsNotTheChoosenAdapter FoundDriverCount:0 
[2017.12.15-03.47.02:734][  0]LogD3D11RHI:     Adapter Name: AMD Radeon R7 M260
[2017.12.15-03.47.02:734][  0]LogD3D11RHI:   Driver Version: Unknown (internal:Unknown, unified:Unknown)
[2017.12.15-03.47.02:734][  0]LogD3D11RHI:      Driver Date: Unknown
[2017.12.15-03.47.02:734][  0]LogRHI: Texture pool is 1427 MB (70% of 2039 MB)
[2017.12.15-03.47.03:201][  0]LogD3D11RHI: Async texture creation enabled
[2017.12.15-03.47.03:219][  0]LogD3D11RHI: GPU Timing Frequency: 27.000000 (Debug: 2 1)
[2017.12.15-03.47.03:221][  0]LogShaderCompilers: Guid format shader working directory is -41 characters bigger than the processId version (../../../../../../Users/first/Documents/GitHub/infiniteloop-project/unrealengineproject/Intermediate/Shaders/WorkingDirectory/2996/).
[2017.12.15-03.47.03:221][  0]LogShaderCompilers: Cleaned the shader compiler working directory 'C:/Users/first/AppData/Local/Temp/UnrealShaderWorkingDir/165A87AF49FE9295B373F3879496B6DF/'.
[2017.12.15-03.47.03:221][  0]LogShaderCompilers: Display: Using Local Shader Compiler.
[2017.12.15-03.47.07:444][  0]LogTemp: Display: Loaded TP AllDesktopTargetPlatform
[2017.12.15-03.47.07:524][  0]LogTemp: Display: Loaded TP MacClientTargetPlatform
[2017.12.15-03.47.07:612][  0]LogTemp: Display: Loaded TP MacNoEditorTargetPlatform
[2017.12.15-03.47.07:701][  0]LogTemp: Display: Loaded TP MacServerTargetPlatform
[2017.12.15-03.47.07:823][  0]LogTemp: Display: Loaded TP MacTargetPlatform
[2017.12.15-03.47.07:919][  0]LogTemp: Display: Loaded TP WindowsClientTargetPlatform
[2017.12.15-03.47.08:017][  0]LogTemp: Display: Loaded TP WindowsNoEditorTargetPlatform
[2017.12.15-03.47.08:133][  0]LogTemp: Display: Loaded TP WindowsServerTargetPlatform
[2017.12.15-03.47.08:241][  0]LogTemp: Display: Loaded TP WindowsTargetPlatform
[2017.12.15-03.47.08:334][  0]LogTemp: Display: Loaded TP Android_ASTCTargetPlatform
[2017.12.15-03.47.08:424][  0]LogTemp: Display: Loaded TP Android_ATCTargetPlatform
[2017.12.15-03.47.08:537][  0]LogTemp: Display: Loaded TP Android_DXTTargetPlatform
[2017.12.15-03.47.08:627][  0]LogTemp: Display: Loaded TP Android_ETC1TargetPlatform
[2017.12.15-03.47.08:728][  0]LogTemp: Display: Loaded TP Android_ETC2TargetPlatform
[2017.12.15-03.47.09:608][  0]LogTemp: Display: Loaded TP Android_MultiTargetPlatform
[2017.12.15-03.47.09:608][  0]LogTemp: Display: Loaded TP Android_PVRTCTargetPlatform
[2017.12.15-03.47.09:914][  0]LogTemp: Display: Loaded TP AndroidTargetPlatform
[2017.12.15-03.47.09:979][  0]LogTemp: Display: Loaded TP HTML5TargetPlatform
[2017.12.15-03.47.10:218][  0]LogTemp: Display: Loaded TP IOSTargetPlatform
[2017.12.15-03.47.10:270][  0]LogTemp: Display: Loaded TP TVOSTargetPlatform
[2017.12.15-03.47.10:371][  0]LogTemp: Display: Loaded TP LinuxClientTargetPlatform
[2017.12.15-03.47.10:451][  0]LogTemp: Display: Loaded TP LinuxNoEditorTargetPlatform
[2017.12.15-03.47.10:561][  0]LogTemp: Display: Loaded TP LinuxServerTargetPlatform
[2017.12.15-03.47.10:922][  0]LogTemp: Display: Loaded TP LinuxTargetPlatform
[2017.12.15-03.47.10:922][  0]LogTargetPlatformManager: Display: Building Assets For Windows
[2017.12.15-03.47.12:822][  0]LogDerivedDataCache: Display: Max Cache Size: 512 MB
[2017.12.15-03.47.14:178][  0]LogDerivedDataCache: Loaded boot cache 1.34s 90MB C:/Users/first/AppData/Local/UnrealEngine/4.18/DerivedDataCache/Boot.ddc.
[2017.12.15-03.47.14:178][  0]LogDerivedDataCache: Display: Loaded Boot cache: C:/Users/first/AppData/Local/UnrealEngine/4.18/DerivedDataCache/Boot.ddc
[2017.12.15-03.47.14:178][  0]LogDerivedDataCache: FDerivedDataBackendGraph:  Pak pak cache file ../../../../../../Users/first/Documents/GitHub/infiniteloop-project/unrealengineproject/DerivedDataCache/DDC.ddp not found, will not use a pak cache.
[2017.12.15-03.47.14:178][  0]LogDerivedDataCache: Unable to find inner node Pak for hierarchical cache Hierarchy.
[2017.12.15-03.47.14:178][  0]LogDerivedDataCache: FDerivedDataBackendGraph:  CompressedPak pak cache file ../../../../../../Users/first/Documents/GitHub/infiniteloop-project/unrealengineproject/DerivedDataCache/Compressed.ddp not found, will not use a pak cache.
[2017.12.15-03.47.14:178][  0]LogDerivedDataCache: Unable to find inner node CompressedPak for hierarchical cache Hierarchy.
[2017.12.15-03.47.14:199][  0]LogDerivedDataCache: Display: Pak cache opened for reading ../../../Engine/DerivedDataCache/Compressed.ddp.
[2017.12.15-03.47.14:212][  0]LogDerivedDataCache: Using Local data cache path C:/Users/first/AppData/Local/UnrealEngine/Common/DerivedDataCache: Writable
[2017.12.15-03.47.14:226][  0]LogMaterial: Verifying Global Shaders for PCD3D_SM5
[2017.12.15-03.47.14:226][  0]LogSlate: Using Freetype 2.6.0
[2017.12.15-03.47.14:227][  0]LogSlate: SlateFontCache - WITH_FREETYPE: 1, WITH_HARFBUZZ: 1
[2017.12.15-03.47.14:227][  0]LogSlate: SlateFontCache - WITH_FREETYPE: 1, WITH_HARFBUZZ: 1
[2017.12.15-03.47.17:327][  0]LogInit: Selected Device Profile: [Windows]
[2017.12.15-03.47.18:289][  0]LogSimplygon: Simplygon DLL not present - disabling.
[2017.12.15-03.47.18:525][  0]LogMeshReduction: Using SimplygonSwarm for distributed automatic mesh merging
[2017.12.15-03.47.18:525][  0]LogMeshReduction: Using QuadricMeshReduction for automatic static mesh reduction
[2017.12.15-03.47.18:525][  0]LogMeshReduction: No automatic skeletal mesh reduction module available
[2017.12.15-03.47.18:525][  0]LogMeshReduction: No automatic mesh merging module available
[2017.12.15-03.47.18:525][  0]LogMeshMerging: No automatic mesh merging module available
[2017.12.15-03.47.18:578][  0]LogNetVersion: unrealengineproject , NetCL: 3709383, EngineNetVer: 2, GameNetVer: 0 (Checksum: 905466841)
[2017.12.15-03.47.19:093][  0]LogAssetRegistry: FAssetRegistry took 0.0287 seconds to start up
[2017.12.15-03.47.20:787][  0]LogPackageLocalizationCache: Processed 7 localized package path(s) for 2 prioritized culture(s) in 0.130608 seconds
[2017.12.15-03.47.20:812][  0]LogUObjectArray: 35900 objects as part of root set at end of initial load.
[2017.12.15-03.47.20:812][  0]LogUObjectAllocator: 7372024 out of 0 bytes used by permanent object pool.
[2017.12.15-03.47.20:812][  0]LogUObjectArray: CloseDisregardForGC: 0/0 objects in disregard for GC pool
[2017.12.15-03.47.20:905][  0]LogInit: WinSock: version 1.1 (2.2), MaxSocks=32767, MaxUdp=65467
[2017.12.15-03.47.55:823][  0]LogTcpMessaging: Initializing TcpMessaging bridge
[2017.12.15-03.47.55:950][  0]LogUdpMessaging: Initializing bridge on interface 0.0.0.0:0 to multicast group 230.0.0.1:6666.
[2017.12.15-03.47.58:451][  0]LogMaterial: Uniform references updated for custom material expression Custom.
[2017.12.15-03.47.59:799][  0]SourceControl: Controle de origem desativado
[2017.12.15-03.47.59:800][  0]SourceControl: Controle de origem desativado
[2017.12.15-03.47.59:953][  0]SourceControl: Controle de origem desativado
[2017.12.15-03.48.00:078][  0]SourceControl: Controle de origem desativado
[2017.12.15-03.48.03:469][  0]LogAndroidPermission: UAndroidPermissionCallbackProxy::GetInstance
[2017.12.15-03.48.04:132][  0]LogOcInput: OculusInput pre-init called
[2017.12.15-03.48.04:796][  0]LogEngine: Initializing Engine...
[2017.12.15-03.48.04:799][  0]LogHMD: Failed to initialize OpenVR with code 110
[2017.12.15-03.48.05:161][  0]LogStats: UGameplayTagsManager::ConstructGameplayTagTree: Construct from data asset -  0.000 s
[2017.12.15-03.48.05:162][  0]LogStats: UGameplayTagsManager::ConstructGameplayTagTree: GameplayTagTreeChangedEvent.Broadcast -  0.000 s
[2017.12.15-03.48.05:428][  0]LogAIModule: Creating AISystem for world Untitled
[2017.12.15-03.48.05:463][  0]LogInit: XAudio2 using 'S19C301 (Áudio Intel(R) para telas)' : 2 channels at 48 kHz using 16 bits per sample (channel mask 0x3)
[2017.12.15-03.48.05:546][  0]LogInit: FAudioDevice initialized.
[2017.12.15-03.48.08:736][  0]LogDerivedDataCache: Saved boot cache 3.19s 90MB C:/Users/first/AppData/Local/UnrealEngine/4.18/DerivedDataCache/Boot.ddc.
[2017.12.15-03.48.08:763][  0]LogInit: Texture streaming: Enabled
[2017.12.15-03.48.09:149][  0]LogEngineSessionManager: EngineSessionManager initialized
[2017.12.15-03.48.09:149][  0]LogEngineSessionManager: EngineSessionManager sent abnormal shutdown report. Type=Crashed, SessionId={C503A3D5-4014-5324-1198-76924485099E}
[2017.12.15-03.48.09:824][  0]LogInit: Transaction tracking system initialized
[2017.12.15-03.48.10:411][  0]BlueprintLog: New page: Carregar Editor
[2017.12.15-03.48.13:615][  0]LocalizationService: Localization service is disabled
[2017.12.15-03.48.16:001][  0]LogConsoleResponse: Display: 
[2017.12.15-03.48.17:738][  0]LogCook: Display: Max memory allowance for cook 16384mb min free memory 0mb
[2017.12.15-03.48.17:738][  0]LogCook: Display: Mobile HDR setting 1
[2017.12.15-03.48.17:738][  0]LogGameplayTags: Display: UGameplayTagsManager::DoneAddingNativeTags. DelegateIsBound: 0
[2017.12.15-03.48.18:771][  0]LogFileCache: Scanning file cache for directory 'C:/Users/first/Documents/GitHub/infiniteloop-project/unrealengineproject/Content/' took 0.02s
[2017.12.15-03.48.21:489][  0]SourceControl: Controle de origem desativado
[2017.12.15-03.48.21:489][  0]Cmd: MAP LOAD FILE="../../../../../../Users/first/Documents/GitHub/infiniteloop-project/unrealengineproject/Content/ThirdPersonCPP/Maps/ThirdPersonExampleMap.umap" TEMPLATE=0 SHOWPROGRESS=1 FEATURELEVEL=3
[2017.12.15-03.48.21:489][  0]LightingResults: New page: Compilação de Iluminação
[2017.12.15-03.48.21:544][  0]MapCheck: New page: Verificação de Mapa
[2017.12.15-03.48.21:544][  0]LightingResults: New page: Compilação de Iluminação
[2017.12.15-03.48.30:077][  0]LogAIModule: Creating AISystem for world ThirdPersonExampleMap
[2017.12.15-03.48.30:090][  0]LogEditorServer: Finished looking for orphan Actors (0.000 secs)
[2017.12.15-03.48.30:117][  0]Cmd: MAP CHECKDEP NOCLEARLOG
[2017.12.15-03.48.30:208][  0]MapCheck: Map check complete: 0 Error(s), 0 Warning(s), took 91,035ms to complete.
[2017.12.15-03.48.30:209][  0]LogFileHelpers: Loading map 'ThirdPersonExampleMap' took 8.720
[2017.12.15-03.48.30:601][  0]LogCollectionManager: Loaded 0 collections in 0.002752 seconds
[2017.12.15-03.48.30:714][  0]LogFileCache: Scanning file cache for directory 'C:/Users/first/Documents/GitHub/infiniteloop-project/unrealengineproject/Saved/Collections/' took 0.01s
[2017.12.15-03.48.30:715][  0]LogFileCache: Scanning file cache for directory 'C:/Users/first/Documents/GitHub/infiniteloop-project/unrealengineproject/Content/Developers/first/Collections/' took 0.01s
[2017.12.15-03.48.30:715][  0]LogFileCache: Scanning file cache for directory 'C:/Users/first/Documents/GitHub/infiniteloop-project/unrealengineproject/Content/Collections/' took 0.01s
[2017.12.15-03.48.30:715][  0]LogCollectionManager: Rebuilt the GUID cache for 0 collections in 0.000001 seconds
[2017.12.15-03.48.30:730][  0]LogContentBrowser: Native class hierarchy populated in 0.0155 seconds. Added 2365 classes and 521 folders.
[2017.12.15-03.48.30:835][  0]LogContentBrowser: Native class hierarchy updated for 'WidgetCarousel' in 0.0014 seconds. Added 0 classes and 0 folders.
[2017.12.15-03.48.33:617][  0]LogContentBrowser: Native class hierarchy updated for 'AddContentDialog' in 0.0014 seconds. Added 0 classes and 0 folders.
[2017.12.15-03.48.33:731][  0]LogContentBrowser: Native class hierarchy updated for 'SceneOutliner' in 0.0014 seconds. Added 1 classes and 2 folders.
[2017.12.15-03.48.33:786][  0]LogSlate: Took 0.000233 seconds to synchronously load lazily loaded font '../../../Engine/Content/Slate/Fonts/Roboto-Regular.ttf' (155K)
[2017.12.15-03.48.33:790][  0]LogSlate: Took 0.000304 seconds to synchronously load lazily loaded font '../../../Engine/Content/Slate/Fonts/Roboto-Bold.ttf' (160K)
[2017.12.15-03.48.33:887][  0]LogSlate: Took 0.089148 seconds to synchronously load lazily loaded font '../../../Engine/Content/Editor/Slate/Fonts/FontAwesome.ttf' (139K)
[2017.12.15-03.48.34:523][  0]LogRenderer: Reallocating scene render targets to support 856x396 Format 10 NumSamples 1 (Frame:1).
[2017.12.15-03.48.34:957][  0]LogContentBrowser: Native class hierarchy updated for 'HierarchicalLODOutliner' in 0.0014 seconds. Added 1 classes and 2 folders.
[2017.12.15-03.48.34:957][  0]LogLoad: (Engine Initialization) Total time: 128.62 seconds
[2017.12.15-03.48.34:957][  0]LogLoad: (Engine Initialization) Total Blueprint compile time: 0.00 seconds
[2017.12.15-03.48.34:957][  0]LogExternalProfiler: No external profilers were discovered.  External profiling features will not be available.
[2017.12.15-03.48.35:327][  0]LogContentStreaming: Texture pool size now 1000 MB
[2017.12.15-03.48.35:450][  0]LogSlate: Took 0.071363 seconds to synchronously load lazily loaded font '../../../Engine/Content/Slate/Fonts/Roboto-Light.ttf' (159K)
[2017.12.15-03.48.35:646][  1]LogAssetRegistry: Asset discovery search completed in 76.5754 seconds
[2017.12.15-03.48.35:649][  1]LogCollectionManager: Rebuilt the object cache for 0 collections in 0.000000 seconds (found 0 objects)
[2017.12.15-03.48.35:649][  1]LogCollectionManager: Fixed up redirectors for 0 collections in 0.000065 seconds (updated 0 objects)
[2017.12.15-03.48.47:624][277]LogEditorViewport: Clicking on Actor (LMB): StaticMeshActor (Floor)
[2017.12.15-03.49.23:317][910]LogMaterial: Warning: Material /Game/Materiais/Teste/M_TesteWetness.M_TesteWetness needed to have new flag set bUsedWithStaticLighting !
[2017.12.15-03.49.23:346][910]LogMaterial: Missing cached shader map for material M_TesteWetness, compiling. 
[2017.12.15-03.49.25:827][968]LogSlate: Took 0.000609 seconds to synchronously load lazily loaded font '../../../Engine/Content/Slate/Fonts/Roboto-Light.ttf' (159K)
[2017.12.15-03.49.26:032][968]LogContentBrowser: Native class hierarchy updated for 'MaterialEditor' in 0.0026 seconds. Added 1 classes and 0 folders.
[2017.12.15-03.49.26:108][968]LogMaterial: Missing cached shader map for material M_TesteWetness, compiling. 
[2017.12.15-03.49.26:477][968]LogSlate: Took 0.000434 seconds to synchronously load lazily loaded font '../../../Engine/Content/Slate/Fonts/Roboto-Regular.ttf' (155K)
[2017.12.15-03.49.34:332][968]LogMaterial: Missing cached shader map for material M_TesteWetness, compiling. 
[2017.12.15-03.49.34:592][968]LogMaterial: Missing cached shader map for material M_TesteWetness, compiling. 
[2017.12.15-03.49.35:352][968]LogSlate: Took 0.038446 seconds to synchronously load lazily loaded font '../../../Engine/Content/Editor/Slate/Fonts/Roboto-BoldCondensed.ttf' (158K)
[2017.12.15-03.49.42:469][135]MaterialEditorStats: Base pass shader: 99 instructions
[2017.12.15-03.49.42:469][135]MaterialEditorStats: Base pass shader with Surface Lightmap: 116 instructions
[2017.12.15-03.49.42:469][135]MaterialEditorStats: Base pass shader with Volumetric Lightmap: 172 instructions
[2017.12.15-03.49.42:469][135]MaterialEditorStats: Vertex shader: 29 instructions
[2017.12.15-03.49.42:469][135]MaterialEditorStats: Texture samplers: 3/16
[2017.12.15-03.50.22:398][167]LogMaterial: Missing cached shader map for material M_TesteWetness, compiling. 
[2017.12.15-03.50.22:454][167]LogMaterial: Missing cached shader map for material FMatExpressionPreview MaterialExpressionTextureSample_0, compiling. 
[2017.12.15-03.50.22:531][167]LogMaterial: Missing cached shader map for material FMatExpressionPreview MaterialExpressionTextureSample_0, compiling. 
[2017.12.15-03.50.26:459][270]LogMaterial: Missing cached shader map for material M_TesteWetness, compiling. 
[2017.12.15-03.50.26:565][270]LogMaterial: Missing cached shader map for material FMatExpressionPreview MaterialExpressionTextureSample_0, compiling. 
[2017.12.15-03.50.33:840][472]LogMaterial: Missing cached shader map for material M_TesteWetness, compiling. 
[2017.12.15-03.50.33:898][472]LogMaterial: Missing cached shader map for material FMatExpressionPreview MaterialExpressionTextureSample_1, compiling. 
[2017.12.15-03.50.33:930][472]LogMaterial: Missing cached shader map for material FMatExpressionPreview MaterialExpressionTextureSample_1, compiling. 
[2017.12.15-03.50.35:299][501]LogD3D11RHI: Error: Result failed 
 at D:\Build\++UE4+Release-4.18+Compile\Sync\Engine\Source\Runtime\Windows\D3D11RHI\Private\D3D11Viewport.cpp:289 
 with error DXGI_ERROR_DEVICE_REMOVED DXGI_ERROR_DRIVER_INTERNAL_ERROR
[2017.12.15-03.50.35:299][501]LogWindows: Windows GetLastError: A operação foi concluída com êxito. (0)
[2017.12.15-03.50.49:387][501]LogWindows: Windows GetLastError: A operação foi concluída com êxito. (0)
[2017.12.15-03.50.49:425][501]LogWindows: Error: === Critical error: ===
[2017.12.15-03.50.49:425][501]LogWindows: Error: 
[2017.12.15-03.50.49:425][501]LogWindows: Error: Fatal error: [File:D:\Build\++UE4+Release-4.18+Compile\Sync\Engine\Source\Runtime\RenderCore\Private\RenderingThread.cpp] [Line: 813] 
[2017.12.15-03.50.49:425][501]LogWindows: Error: Rendering thread exception:
[2017.12.15-03.50.49:425][501]LogWindows: Error: Fatal error: [File:D:\Build\++UE4+Release-4.18+Compile\Sync\Engine\Source\Runtime\Windows\D3D11RHI\Private\D3D11Util.cpp] [Line: 182] 
[2017.12.15-03.50.49:425][501]LogWindows: Error: Unreal Engine is exiting due to D3D device being lost. (Error: 0x887A0020 - 'INTERNAL_ERROR')
[2017.12.15-03.50.49:425][501]LogWindows: Error: 
[2017.12.15-03.50.49:425][501]LogWindows: Error: 
[2017.12.15-03.50.49:426][501]LogWindows: Error: [Callstack] 0x00000000EFD93FB8 KERNELBASE.dll!UnknownFunction []
[2017.12.15-03.50.49:426][501]LogWindows: Error: [Callstack] 0x00000000DB9076D4 UE4Editor-ApplicationCore.dll!UnknownFunction []
[2017.12.15-03.50.49:426][501]LogWindows: Error: [Callstack] 0x00000000B98A330B UE4Editor-Core.dll!UnknownFunction []
[2017.12.15-03.50.49:426][501]LogWindows: Error: [Callstack] 0x00000000B98347F9 UE4Editor-Core.dll!UnknownFunction []
[2017.12.15-03.50.49:426][501]LogWindows: Error: [Callstack] 0x00000000BD8D79FF UE4Editor-D3D11RHI.dll!UnknownFunction []
[2017.12.15-03.50.49:426][501]LogWindows: Error: [Callstack] 0x00000000BD8DBBC0 UE4Editor-D3D11RHI.dll!UnknownFunction []
[2017.12.15-03.50.49:426][501]LogWindows: Error: [Callstack] 0x00000000BD8BB3FA UE4Editor-D3D11RHI.dll!UnknownFunction []
[2017.12.15-03.50.49:426][501]LogWindows: Error: [Callstack] 0x00000000BD8BB35E UE4Editor-D3D11RHI.dll!UnknownFunction []
[2017.12.15-03.50.49:426][501]LogWindows: Error: [Callstack] 0x00000000BD8C83E8 UE4Editor-D3D11RHI.dll!UnknownFunction []
[2017.12.15-03.50.49:426][501]LogWindows: Error: [Callstack] 0x00000000DB98C4A7 UE4Editor-RHI.dll!UnknownFunction []
[2017.12.15-03.50.49:426][501]LogWindows: Error: [Callstack] 0x00000000BC5A0C70 UE4Editor-SlateRHIRenderer.dll!UnknownFunction []
[2017.12.15-03.50.49:426][501]LogWindows: Error: [Callstack] 0x00000000BC5A618E UE4Editor-SlateRHIRenderer.dll!UnknownFunction []
[2017.12.15-03.50.49:426][501]LogWindows: Error: [Callstack] 0x00000000B9704845 UE4Editor-Core.dll!UnknownFunction []
[2017.12.15-03.50.49:426][501]LogWindows: Error: [Callstack] 0x00000000B9704E2A UE4Editor-Core.dll!UnknownFunction []
[2017.12.15-03.50.49:426][501]LogWindows: Error: [Callstack] 0x00000000DBA622C4 UE4Editor-RenderCore.dll!UnknownFunction []
[2017.12.15-03.50.49:426][501]LogWindows: Error: [Callstack] 0x00000000DBA632F6 UE4Editor-RenderCore.dll!UnknownFunction []
[2017.12.15-03.50.49:426][501]LogWindows: Error: [Callstack] 0x00000000B9AA092C UE4Editor-Core.dll!UnknownFunction []
[2017.12.15-03.50.49:426][501]LogWindows: Error: [Callstack] 0x00000000B9A92563 UE4Editor-Core.dll!UnknownFunction []
[2017.12.15-03.50.49:426][501]LogWindows: Error: [Callstack] 0x00000000F1FB1FE4 KERNEL32.DLL!UnknownFunction []
[2017.12.15-03.50.49:426][501]LogWindows: Error: [Callstack] 0x00000000F362EF91 ntdll.dll!UnknownFunction []
[2017.12.15-03.50.49:426][501]LogWindows: Error: [Callstack] 0x00000000F362EF91 ntdll.dll!UnknownFunction []
[2017.12.15-03.50.49:427][501]LogWindows: Error: 
[2017.12.15-03.50.49:427][501]LogWindows: Error: 
[2017.12.15-03.50.49:427][501]LogWindows: Error: 
[2017.12.15-03.50.49:427][501]LogWindows: Error: 
[2017.12.15-03.50.49:499][501]LogExit: Executing StaticShutdownAfterError
[2017.12.15-03.50.50:001][501]LogWindows: FPlatformMisc::RequestExit(1)
[2017.12.15-03.50.50:025][501]Log file closed, 12/15/17 01:50:50
