Log file open, 12/15/17 00:58:00
LogWindows: Failed to load 'aqProf.dll' (GetLastError=126)
LogWindows: File 'aqProf.dll' does not exist
LogWindows: Failed to load 'VSPerf140.dll' (GetLastError=126)
LogWindows: File 'VSPerf140.dll' does not exist
LogWindows: Failed to load 'VtuneApi.dll' (GetLastError=126)
LogWindows: File 'VtuneApi.dll' does not exist
LogWindows: Failed to load 'VtuneApi32e.dll' (GetLastError=126)
LogWindows: File 'VtuneApi32e.dll' does not exist
LogInit: Display: Running engine for game: unrealengineproject
LogPlatformFile: Not using cached read wrapper
LogInit: Display: RandInit(-1964485372) SRandInit(-1964485372).
LogInit: Read version file with build ID '3709383'
LogInit: Overriding engine version to CL 3754814, compatible CL 3709383
LogInit: Registered custom module enumerator with build ID '3709383'
LogTaskGraph: Started task graph with 5 named threads and 8 total threads with 3 sets of task threads.
LogStats: Stats thread started at 5.352712
LogD3D11RHI: Aftermath initialized
LogPluginManager: Mounting plugin Paper2D
LogPluginManager: Mounting plugin LightPropagationVolume
LogPluginManager: Mounting plugin CodeLiteSourceCodeAccess
LogPluginManager: Mounting plugin GitSourceControl
LogPluginManager: Mounting plugin KDevelopSourceCodeAccess
LogPluginManager: Mounting plugin NullSourceCodeAccess
LogPluginManager: Mounting plugin PerforceSourceControl
LogPluginManager: Mounting plugin SubversionSourceControl
LogPluginManager: Mounting plugin UObjectPlugin
LogPluginManager: Mounting plugin VisualStudioCodeSourceCodeAccess
LogPluginManager: Mounting plugin VisualStudioSourceCodeAccess
LogPluginManager: Mounting plugin XCodeSourceCodeAccess
LogPluginManager: Mounting plugin AssetManagerEditor
LogPluginManager: Mounting plugin AudioCapture
LogPluginManager: Mounting plugin FacialAnimation
LogPluginManager: Mounting plugin GameplayTagsEditor
LogPluginManager: Mounting plugin MobileLauncherProfileWizard
LogPluginManager: Mounting plugin PluginBrowser
LogPluginManager: Mounting plugin SpeedTreeImporter
LogPluginManager: Mounting plugin AlembicImporter
LogPluginManager: Mounting plugin CharacterAI
LogPluginManager: Mounting plugin HTML5Networking
LogPluginManager: Mounting plugin AndroidMedia
LogPluginManager: Mounting plugin AvfMedia
LogPluginManager: Mounting plugin ImgMedia
LogPluginManager: Mounting plugin MediaCompositing
LogPluginManager: Mounting plugin MediaPlayerEditor
LogPluginManager: Mounting plugin WmfMedia
LogPluginManager: Mounting plugin TcpMessaging
LogPluginManager: Mounting plugin UdpMessaging
LogPluginManager: Mounting plugin ActorSequence
LogPluginManager: Mounting plugin LevelSequenceEditor
LogPluginManager: Mounting plugin MatineeToLevelSequence
LogPluginManager: Mounting plugin OnlineSubsystemGooglePlay
LogPluginManager: Mounting plugin OnlineSubsystemIOS
LogPluginManager: Mounting plugin OnlineSubsystem
LogPluginManager: Mounting plugin OnlineSubsystemNull
LogPluginManager: Mounting plugin OnlineSubsystemUtils
LogPluginManager: Mounting plugin AndroidDeviceProfileSelector
LogPluginManager: Mounting plugin AndroidMoviePlayer
LogPluginManager: Mounting plugin AndroidPermission
LogPluginManager: Mounting plugin AppleARKit
LogPluginManager: Mounting plugin AppleMoviePlayer
LogPluginManager: Mounting plugin ArchVisCharacter
LogPluginManager: Mounting plugin CableComponent
LogPluginManager: Mounting plugin CustomMeshComponent
LogPluginManager: Mounting plugin ExampleDeviceProfileSelector
LogPluginManager: Mounting plugin GoogleCloudMessaging
LogPluginManager: Mounting plugin ImmediatePhysics
LogPluginManager: Mounting plugin IOSDeviceProfileSelector
LogPluginManager: Mounting plugin LinuxDeviceProfileSelector
LogPluginManager: Mounting plugin LocationServicesBPLibrary
LogPluginManager: Mounting plugin MobilePatchingUtils
LogPluginManager: Mounting plugin OculusVR
LogPluginManager: Plugin shader directory ../../../Engine/Plugins/Runtime/Oculus/OculusVR/Shaders found
LogPluginManager: Mapping shader source directory ../../../Engine/Plugins/Runtime/Oculus/OculusVR/Shaders to virtual directory /Plugin/OculusVR
LogPluginManager: Mounting plugin PhysXVehicles
LogPluginManager: Mounting plugin ProceduralMeshComponent
LogPluginManager: Mounting plugin RuntimePhysXCooking
LogPluginManager: Mounting plugin SteamVR
LogPluginManager: Mounting plugin WindowsMoviePlayer
LogModuleManager: Display: Found up-to-date module file ../../../../../../Users/first/Documents/GitHub/infiniteloop-project/unrealengineproject/Binaries/Win64/UE4Editor-unrealengineproject.dll (API version 3709383).
LogModuleManager: Display: Found up-to-date module file ../../../Engine/Plugins/2D/Paper2D/Binaries/Win64/UE4Editor-Paper2D.dll (API version 3709383).
LogModuleManager: Display: Found up-to-date module file ../../../Engine/Plugins/2D/Paper2D/Binaries/Win64/UE4Editor-Paper2DEditor.dll (API version 3709383).
LogModuleManager: Display: Found up-to-date module file ../../../Engine/Plugins/2D/Paper2D/Binaries/Win64/UE4Editor-PaperSpriteSheetImporter.dll (API version 3709383).
LogModuleManager: Display: Found up-to-date module file ../../../Engine/Plugins/2D/Paper2D/Binaries/Win64/UE4Editor-PaperTiledImporter.dll (API version 3709383).
LogModuleManager: Display: Found up-to-date module file ../../../Engine/Plugins/2D/Paper2D/Binaries/Win64/UE4Editor-SmartSnapping.dll (API version 3709383).
LogModuleManager: Display: Found up-to-date module file ../../../Engine/Plugins/Blendables/LightPropagationVolume/Binaries/Win64/UE4Editor-LightPropagationVolumeRuntime.dll (API version 3709383).
LogModuleManager: Display: Found up-to-date module file ../../../Engine/Plugins/Blendables/LightPropagationVolume/Binaries/Win64/UE4Editor-LightPropagationVolumeEditor.dll (API version 3709383).
LogModuleManager: Display: Found up-to-date module file ../../../Engine/Plugins/Developer/GitSourceControl/Binaries/Win64/UE4Editor-GitSourceControl.dll (API version 3709383).
LogModuleManager: Display: Found up-to-date module file ../../../Engine/Plugins/Developer/PerforceSourceControl/Binaries/Win64/UE4Editor-PerforceSourceControl.dll (API version 3709383).
LogModuleManager: Display: Found up-to-date module file ../../../Engine/Plugins/Developer/SubversionSourceControl/Binaries/Win64/UE4Editor-SubversionSourceControl.dll (API version 3709383).
LogModuleManager: Display: Found up-to-date module file ../../../Engine/Plugins/Developer/UObjectPlugin/Binaries/Win64/UE4Editor-UObjectPlugin.dll (API version 3709383).
LogModuleManager: Display: Found up-to-date module file ../../../Engine/Plugins/Developer/VisualStudioCodeSourceCodeAccess/Binaries/Win64/UE4Editor-VisualStudioCodeSourceCodeAccess.dll (API version 3709383).
LogModuleManager: Display: Found up-to-date module file ../../../Engine/Plugins/Developer/VisualStudioSourceCodeAccess/Binaries/Win64/UE4Editor-VisualStudioSourceCodeAccess.dll (API version 3709383).
LogModuleManager: Display: Found up-to-date module file ../../../Engine/Plugins/Editor/AssetManagerEditor/Binaries/Win64/UE4Editor-AssetManagerEditor.dll (API version 3709383).
LogModuleManager: Display: Found up-to-date module file ../../../Engine/Plugins/Editor/AudioCapture/Binaries/Win64/UE4Editor-AudioCapture.dll (API version 3709383).
LogModuleManager: Display: Found up-to-date module file ../../../Engine/Plugins/Editor/FacialAnimation/Binaries/Win64/UE4Editor-FacialAnimation.dll (API version 3709383).
LogModuleManager: Display: Found up-to-date module file ../../../Engine/Plugins/Editor/FacialAnimation/Binaries/Win64/UE4Editor-FacialAnimationEditor.dll (API version 3709383).
LogModuleManager: Display: Found up-to-date module file ../../../Engine/Plugins/Editor/GameplayTagsEditor/Binaries/Win64/UE4Editor-GameplayTagsEditor.dll (API version 3709383).
LogModuleManager: Display: Found up-to-date module file ../../../Engine/Plugins/Editor/MobileLauncherProfileWizard/Binaries/Win64/UE4Editor-MobileLauncherProfileWizard.dll (API version 3709383).
LogModuleManager: Display: Found up-to-date module file ../../../Engine/Plugins/Editor/PluginBrowser/Binaries/Win64/UE4Editor-PluginBrowser.dll (API version 3709383).
LogModuleManager: Display: Found up-to-date module file ../../../Engine/Plugins/Editor/SpeedTreeImporter/Binaries/Win64/UE4Editor-SpeedTreeImporter.dll (API version 3709383).
LogModuleManager: Display: Found up-to-date module file ../../../Engine/Plugins/Experimental/AlembicImporter/Binaries/Win64/UE4Editor-AlembicImporter.dll (API version 3709383).
LogModuleManager: Display: Found up-to-date module file ../../../Engine/Plugins/Experimental/AlembicImporter/Binaries/Win64/UE4Editor-AlembicLibrary.dll (API version 3709383).
LogModuleManager: Display: Found up-to-date module file ../../../Engine/Plugins/Experimental/CharacterAI/Binaries/Win64/UE4Editor-CharacterAI.dll (API version 3709383).
LogModuleManager: Display: Found up-to-date module file ../../../Engine/Plugins/Experimental/HTML5Networking/Binaries/Win64/UE4Editor-HTML5Networking.dll (API version 3709383).
LogModuleManager: Display: Found up-to-date module file ../../../Engine/Plugins/Media/AndroidMedia/Binaries/Win64/UE4Editor-AndroidMediaEditor.dll (API version 3709383).
LogModuleManager: Display: Found up-to-date module file ../../../Engine/Plugins/Media/AndroidMedia/Binaries/Win64/UE4Editor-AndroidMediaFactory.dll (API version 3709383).
LogModuleManager: Display: Found up-to-date module file ../../../Engine/Plugins/Media/AvfMedia/Binaries/Win64/UE4Editor-AvfMediaEditor.dll (API version 3709383).
LogModuleManager: Display: Found up-to-date module file ../../../Engine/Plugins/Media/AvfMedia/Binaries/Win64/UE4Editor-AvfMediaFactory.dll (API version 3709383).
LogModuleManager: Display: Found up-to-date module file ../../../Engine/Plugins/Media/AvfMedia/Binaries/Win64/UE4Editor-AvfMediaFactory.dll (API version 3709383).
LogModuleManager: Display: Found up-to-date module file ../../../Engine/Plugins/Media/ImgMedia/Binaries/Win64/UE4Editor-ImgMedia.dll (API version 3709383).
LogModuleManager: Display: Found up-to-date module file ../../../Engine/Plugins/Media/ImgMedia/Binaries/Win64/UE4Editor-ImgMediaEditor.dll (API version 3709383).
LogModuleManager: Display: Found up-to-date module file ../../../Engine/Plugins/Media/ImgMedia/Binaries/Win64/UE4Editor-ImgMediaFactory.dll (API version 3709383).
LogModuleManager: Display: Found up-to-date module file ../../../Engine/Plugins/Media/ImgMedia/Binaries/Win64/UE4Editor-ImgMediaFactory.dll (API version 3709383).
LogModuleManager: Display: Found up-to-date module file ../../../Engine/Plugins/Media/ImgMedia/Binaries/Win64/UE4Editor-OpenExrWrapper.dll (API version 3709383).
LogModuleManager: Display: Found up-to-date module file ../../../Engine/Plugins/Media/MediaCompositing/Binaries/Win64/UE4Editor-MediaCompositing.dll (API version 3709383).
LogModuleManager: Display: Found up-to-date module file ../../../Engine/Plugins/Media/MediaCompositing/Binaries/Win64/UE4Editor-MediaCompositingEditor.dll (API version 3709383).
LogModuleManager: Display: Found up-to-date module file ../../../Engine/Plugins/Media/MediaPlayerEditor/Binaries/Win64/UE4Editor-MediaPlayerEditor.dll (API version 3709383).
LogModuleManager: Display: Found up-to-date module file ../../../Engine/Plugins/Media/WmfMedia/Binaries/Win64/UE4Editor-WmfMedia.dll (API version 3709383).
LogModuleManager: Display: Found up-to-date module file ../../../Engine/Plugins/Media/WmfMedia/Binaries/Win64/UE4Editor-WmfMediaEditor.dll (API version 3709383).
LogModuleManager: Display: Found up-to-date module file ../../../Engine/Plugins/Media/WmfMedia/Binaries/Win64/UE4Editor-WmfMediaFactory.dll (API version 3709383).
LogModuleManager: Display: Found up-to-date module file ../../../Engine/Plugins/Media/WmfMedia/Binaries/Win64/UE4Editor-WmfMediaFactory.dll (API version 3709383).
LogModuleManager: Display: Found up-to-date module file ../../../Engine/Plugins/Messaging/TcpMessaging/Binaries/Win64/UE4Editor-TcpMessaging.dll (API version 3709383).
LogModuleManager: Display: Found up-to-date module file ../../../Engine/Plugins/Messaging/UdpMessaging/Binaries/Win64/UE4Editor-UdpMessaging.dll (API version 3709383).
LogModuleManager: Display: Found up-to-date module file ../../../Engine/Plugins/MovieScene/ActorSequence/Binaries/Win64/UE4Editor-ActorSequence.dll (API version 3709383).
LogModuleManager: Display: Found up-to-date module file ../../../Engine/Plugins/MovieScene/LevelSequenceEditor/Binaries/Win64/UE4Editor-LevelSequenceEditor.dll (API version 3709383).
LogModuleManager: Display: Found up-to-date module file ../../../Engine/Plugins/MovieScene/MatineeToLevelSequence/Binaries/Win64/UE4Editor-MatineeToLevelSequence.dll (API version 3709383).
LogModuleManager: Display: Found up-to-date module file ../../../Engine/Plugins/Online/OnlineSubsystem/Binaries/Win64/UE4Editor-OnlineSubsystem.dll (API version 3709383).
LogModuleManager: Display: Found up-to-date module file ../../../Engine/Plugins/Online/OnlineSubsystemNull/Binaries/Win64/UE4Editor-OnlineSubsystemNull.dll (API version 3709383).
LogModuleManager: Display: Found up-to-date module file ../../../Engine/Plugins/Online/OnlineSubsystemUtils/Binaries/Win64/UE4Editor-OnlineSubsystemUtils.dll (API version 3709383).
LogModuleManager: Display: Found up-to-date module file ../../../Engine/Plugins/Online/OnlineSubsystemUtils/Binaries/Win64/UE4Editor-OnlineBlueprintSupport.dll (API version 3709383).
LogModuleManager: Display: Found up-to-date module file ../../../Engine/Plugins/Runtime/AndroidDeviceProfileSelector/Binaries/Win64/UE4Editor-AndroidDeviceProfileSelector.dll (API version 3709383).
LogModuleManager: Display: Found up-to-date module file ../../../Engine/Plugins/Runtime/AndroidPermission/Binaries/Win64/UE4Editor-AndroidPermission.dll (API version 3709383).
LogModuleManager: Display: Found up-to-date module file ../../../Engine/Plugins/Runtime/AppleARKit/Binaries/Win64/UE4Editor-AppleARKit.dll (API version 3709383).
LogModuleManager: Display: Found up-to-date module file ../../../Engine/Plugins/Runtime/ArchVisCharacter/Binaries/Win64/UE4Editor-ArchVisCharacter.dll (API version 3709383).
LogModuleManager: Display: Found up-to-date module file ../../../Engine/Plugins/Runtime/CableComponent/Binaries/Win64/UE4Editor-CableComponent.dll (API version 3709383).
LogModuleManager: Display: Found up-to-date module file ../../../Engine/Plugins/Runtime/CustomMeshComponent/Binaries/Win64/UE4Editor-CustomMeshComponent.dll (API version 3709383).
LogModuleManager: Display: Found up-to-date module file ../../../Engine/Plugins/Runtime/ExampleDeviceProfileSelector/Binaries/Win64/UE4Editor-ExampleDeviceProfileSelector.dll (API version 3709383).
LogModuleManager: Display: Found up-to-date module file ../../../Engine/Plugins/Runtime/ImmediatePhysics/Binaries/Win64/UE4Editor-ImmediatePhysics.dll (API version 3709383).
LogModuleManager: Display: Found up-to-date module file ../../../Engine/Plugins/Runtime/ImmediatePhysics/Binaries/Win64/UE4Editor-ImmediatePhysicsEditor.dll (API version 3709383).
LogModuleManager: Display: Found up-to-date module file ../../../Engine/Plugins/Runtime/LocationServicesBPLibrary/Binaries/Win64/UE4Editor-LocationServicesBPLibrary.dll (API version 3709383).
LogModuleManager: Display: Found up-to-date module file ../../../Engine/Plugins/Runtime/MobilePatchingUtils/Binaries/Win64/UE4Editor-MobilePatchingUtils.dll (API version 3709383).
LogModuleManager: Display: Found up-to-date module file ../../../Engine/Plugins/Runtime/Oculus/OculusVR/Binaries/Win64/UE4Editor-OculusHMD.dll (API version 3709383).
LogModuleManager: Display: Found up-to-date module file ../../../Engine/Plugins/Runtime/Oculus/OculusVR/Binaries/Win64/UE4Editor-OculusInput.dll (API version 3709383).
LogModuleManager: Display: Found up-to-date module file ../../../Engine/Plugins/Runtime/Oculus/OculusVR/Binaries/Win64/UE4Editor-OculusEditor.dll (API version 3709383).
LogModuleManager: Display: Found up-to-date module file ../../../Engine/Plugins/Runtime/PhysXVehicles/Binaries/Win64/UE4Editor-PhysXVehicles.dll (API version 3709383).
LogModuleManager: Display: Found up-to-date module file ../../../Engine/Plugins/Runtime/PhysXVehicles/Binaries/Win64/UE4Editor-PhysXVehiclesEditor.dll (API version 3709383).
LogModuleManager: Display: Found up-to-date module file ../../../Engine/Plugins/Runtime/ProceduralMeshComponent/Binaries/Win64/UE4Editor-ProceduralMeshComponent.dll (API version 3709383).
LogModuleManager: Display: Found up-to-date module file ../../../Engine/Plugins/Runtime/ProceduralMeshComponent/Binaries/Win64/UE4Editor-ProceduralMeshComponentEditor.dll (API version 3709383).
LogModuleManager: Display: Found up-to-date module file ../../../Engine/Plugins/Runtime/RuntimePhysXCooking/Binaries/Win64/UE4Editor-RuntimePhysXCooking.dll (API version 3709383).
LogModuleManager: Display: Found up-to-date module file ../../../Engine/Plugins/Runtime/Steam/SteamVR/Binaries/Win64/UE4Editor-SteamVR.dll (API version 3709383).
LogModuleManager: Display: Found up-to-date module file ../../../Engine/Plugins/Runtime/Steam/SteamVR/Binaries/Win64/UE4Editor-SteamVRController.dll (API version 3709383).
LogModuleManager: Display: Found up-to-date module file ../../../Engine/Plugins/Runtime/WindowsMoviePlayer/Binaries/Win64/UE4Editor-WindowsMoviePlayer.dll (API version 3709383).
LogInit: Using libcurl 7.47.1
LogInit:  - built for x86_64-pc-win32
LogInit:  - supports SSL with OpenSSL/1.0.2g
LogInit:  - supports HTTP deflate (compression) using libz 1.2.8
LogInit:  - other features:
LogInit:      CURL_VERSION_SSL
LogInit:      CURL_VERSION_LIBZ
LogInit:      CURL_VERSION_IPV6
LogInit:      CURL_VERSION_ASYNCHDNS
LogInit:      CURL_VERSION_LARGEFILE
LogInit:      CURL_VERSION_IDN
LogInit:  CurlRequestOptions (configurable via config and command line):
LogInit:  - bVerifyPeer = false  - Libcurl will NOT verify peer certificate
LogInit:  - bUseHttpProxy = false  - Libcurl will NOT use HTTP proxy
LogInit:  - bDontReuseConnections = false  - Libcurl will reuse connections
LogInit:  - CertBundlePath = nullptr  - Libcurl will use whatever was configured at build time.
LogInit: Build: ++UE4+Release-4.18-CL-3754814
LogInit: Engine Version: 4.18.1-3754814+++UE4+Release-4.18
LogInit: Compatible Engine Version: 4.18.0-3709383+++UE4+Release-4.18
LogInit: Net CL: 3709383
LogDevObjectVersion: Number of dev versions registered: 16
LogDevObjectVersion:   Dev-Blueprints (B0D832E4-1F89-4F0D-ACCF-7EB736FD4AA2): 10
LogDevObjectVersion:   Dev-Build (E1C64328-A22C-4D53-A36C-8E866417BD8C): 0
LogDevObjectVersion:   Dev-Core (375EC13C-06E4-48FB-B500-84F0262A717E): 2
LogDevObjectVersion:   Dev-Editor (E4B068ED-F494-42E9-A231-DA0B2E46BB41): 20
LogDevObjectVersion:   Dev-Framework (CFFC743F-43B0-4480-9391-14DF171D2073): 30
LogDevObjectVersion:   Dev-Mobile (B02B49B5-BB20-44E9-A304-32B752E40360): 0
LogDevObjectVersion:   Dev-Networking (A4E4105C-59A1-49B5-A7C5-40C4547EDFEE): 0
LogDevObjectVersion:   Dev-Online (39C831C9-5AE6-47DC-9A44-9C173E1C8E7C): 0
LogDevObjectVersion:   Dev-Physics (78F01B33-EBEA-4F98-B9B4-84EACCB95AA2): 0
LogDevObjectVersion:   Dev-Platform (6631380F-2D4D-43E0-8009-CF276956A95A): 0
LogDevObjectVersion:   Dev-Rendering (12F88B9F-8875-4AFC-A67C-D90C383ABD29): 20
LogDevObjectVersion:   Dev-Sequencer (7B5AE74C-D270-4C10-A958-57980B212A5A): 4
LogDevObjectVersion:   Dev-VR (D7296918-1DD6-4BDD-9DE2-64A83CC13884): 0
LogDevObjectVersion:   Dev-LoadTimes (C2A15278-BFE7-4AFE-6C17-90FF531DF755): 1
LogDevObjectVersion:   Private-Geometry (6EACA3D4-40EC-4CC1-B786-8BED09428FC5): 1
LogDevObjectVersion:   Dev-AnimPhys (29E575DD-E0A3-4627-9D10-D276232CDCEA): 12
LogInit: Compiled (64-bit): Nov 14 2017 02:05:55
LogInit: Compiled with Visual C++: 19.00.24215.01
LogInit: Build Configuration: Development
LogInit: Branch Name: ++UE4+Release-4.18
LogInit: Command line:  
LogInit: Base directory: C:/Program Files/Epic Games/UE_4.18/Engine/Binaries/Win64/
LogInit: Installed Engine Build: 1
LogInit: Presizing for max 8388607 objects, including 0 objects not considered by GC, pre-allocating 0 bytes for permanent pool.
LogInit: Object subsystem initialized
[2017.12.15-02.58.10:510][  0]LogInit: Selected Device Profile: [Windows]
[2017.12.15-02.58.10:510][  0]LogInit: Applying CVar settings loaded from the selected device profile: [Windows]
[2017.12.15-02.58.10:751][  0]LogInit: Computer: DESKTOP-RBJNHNC
[2017.12.15-02.58.10:751][  0]LogInit: User: first
[2017.12.15-02.58.10:751][  0]LogInit: CPU Page size=4096, Cores=2
[2017.12.15-02.58.10:751][  0]LogInit: High frequency timer resolution =2.338341 MHz
[2017.12.15-02.58.10:807][  0]LogMemory: Memory total: Physical=3.9GB (4GB approx)
[2017.12.15-02.58.10:807][  0]LogMemory: Platform Memory Stats for Windows
[2017.12.15-02.58.10:807][  0]LogMemory: Process Physical Memory: 274.47 MB used, 274.47 MB peak
[2017.12.15-02.58.10:807][  0]LogMemory: Process Virtual Memory: 269.28 MB used, 269.28 MB peak
[2017.12.15-02.58.10:807][  0]LogMemory: Physical Memory: 3343.40 MB used,  640.95 MB free, 3984.36 MB total
[2017.12.15-02.58.10:807][  0]LogMemory: Virtual Memory: 673.86 MB used,  640.95 MB free, 134217728.00 MB total
[2017.12.15-02.58.14:815][  0]LogInit: Using OS detected language (pt-BR).
[2017.12.15-02.58.14:815][  0]LogInit: Using OS detected locale (pt-BR).
[2017.12.15-02.58.15:826][  0]LogInit: Setting process to per monitor DPI aware
[2017.12.15-02.58.30:511][  0]LogD3D11RHI: D3D11 adapters:
[2017.12.15-02.58.30:580][  0]LogD3D11RHI:    0. 'Intel(R) HD Graphics Family' (Feature Level 11_0)
[2017.12.15-02.58.30:580][  0]LogD3D11RHI:       112/0/1992 MB DedicatedVideo/DedicatedSystem/SharedSystem, Outputs:2, VendorId:0x8086
[2017.12.15-02.58.32:098][  0]LogD3D11RHI:    1. 'AMD Radeon R7 M260' (Feature Level 11_0)
[2017.12.15-02.58.32:098][  0]LogD3D11RHI:       2039/0/1992 MB DedicatedVideo/DedicatedSystem/SharedSystem, Outputs:0, VendorId:0x1002
[2017.12.15-02.58.32:211][  0]LogD3D11RHI:    2. 'Microsoft Basic Render Driver' (Feature Level 11_0)
[2017.12.15-02.58.32:211][  0]LogD3D11RHI:       0/0/1992 MB DedicatedVideo/DedicatedSystem/SharedSystem, Outputs:0, VendorId:0x1414
[2017.12.15-02.58.32:211][  0]LogD3D11RHI: Chosen D3D11 Adapter: 1
[2017.12.15-02.58.32:287][  0]LogD3D11RHI: Creating new Direct3DDevice
[2017.12.15-02.58.32:287][  0]LogD3D11RHI:     GPU DeviceId: 0x6900 (for the marketing name, search the web for "GPU Device Id")
[2017.12.15-02.58.32:287][  0]LogWindows: EnumDisplayDevices:
[2017.12.15-02.58.32:287][  0]LogWindows:    0. 'Intel(R) HD Graphics Family' (P:1 D:1)
[2017.12.15-02.58.32:310][  0]LogWindows:    1. 'Intel(R) HD Graphics Family' (P:0 D:1)
[2017.12.15-02.58.32:310][  0]LogWindows:    2. 'Intel(R) HD Graphics Family' (P:0 D:0)
[2017.12.15-02.58.32:310][  0]LogWindows: DebugString: GetVideoDriverDetailsInvalid PrimaryIsNotTheChoosenAdapter GetVideoDriverDetailsInvalid PrimaryIsNotTheChoosenAdapter GetVideoDriverDetailsInvalid PrimaryIsNotTheChoosenAdapter FoundDriverCount:0 
[2017.12.15-02.58.32:310][  0]LogD3D11RHI:     Adapter Name: AMD Radeon R7 M260
[2017.12.15-02.58.32:310][  0]LogD3D11RHI:   Driver Version: Unknown (internal:Unknown, unified:Unknown)
[2017.12.15-02.58.32:310][  0]LogD3D11RHI:      Driver Date: Unknown
[2017.12.15-02.58.32:310][  0]LogRHI: Texture pool is 1427 MB (70% of 2039 MB)
[2017.12.15-02.58.32:747][  0]LogD3D11RHI: Async texture creation enabled
[2017.12.15-02.58.33:376][  0]LogD3D11RHI: GPU Timing Frequency: 27.000000 (Debug: 2 1)
[2017.12.15-02.58.33:616][  0]LogShaderCompilers: Guid format shader working directory is -42 characters bigger than the processId version (../../../../../../Users/first/Documents/GitHub/infiniteloop-project/unrealengineproject/Intermediate/Shaders/WorkingDirectory/10212/).
[2017.12.15-02.58.33:616][  0]LogShaderCompilers: Cleaned the shader compiler working directory 'C:/Users/first/AppData/Local/Temp/UnrealShaderWorkingDir/1E0F552A43E9722B44AF8697F8C8615D/'.
[2017.12.15-02.58.33:626][  0]LogShaderCompilers: Display: Using Local Shader Compiler.
[2017.12.15-02.58.48:272][  0]LogTemp: Display: Loaded TP AllDesktopTargetPlatform
[2017.12.15-02.58.48:350][  0]LogTemp: Display: Loaded TP MacClientTargetPlatform
[2017.12.15-02.58.48:449][  0]LogTemp: Display: Loaded TP MacNoEditorTargetPlatform
[2017.12.15-02.58.48:563][  0]LogTemp: Display: Loaded TP MacServerTargetPlatform
[2017.12.15-02.58.48:694][  0]LogTemp: Display: Loaded TP MacTargetPlatform
[2017.12.15-02.58.48:798][  0]LogTemp: Display: Loaded TP WindowsClientTargetPlatform
[2017.12.15-02.58.48:893][  0]LogTemp: Display: Loaded TP WindowsNoEditorTargetPlatform
[2017.12.15-02.58.48:984][  0]LogTemp: Display: Loaded TP WindowsServerTargetPlatform
[2017.12.15-02.58.49:117][  0]LogTemp: Display: Loaded TP WindowsTargetPlatform
[2017.12.15-02.58.49:237][  0]LogTemp: Display: Loaded TP Android_ASTCTargetPlatform
[2017.12.15-02.58.49:519][  0]LogTemp: Display: Loaded TP Android_ATCTargetPlatform
[2017.12.15-02.58.49:603][  0]LogTemp: Display: Loaded TP Android_DXTTargetPlatform
[2017.12.15-02.58.49:686][  0]LogTemp: Display: Loaded TP Android_ETC1TargetPlatform
[2017.12.15-02.58.49:769][  0]LogTemp: Display: Loaded TP Android_ETC2TargetPlatform
[2017.12.15-02.58.49:996][  0]LogTemp: Display: Loaded TP Android_MultiTargetPlatform
[2017.12.15-02.58.49:996][  0]LogTemp: Display: Loaded TP Android_PVRTCTargetPlatform
[2017.12.15-02.58.50:115][  0]LogTemp: Display: Loaded TP AndroidTargetPlatform
[2017.12.15-02.58.50:271][  0]LogTemp: Display: Loaded TP HTML5TargetPlatform
[2017.12.15-02.58.50:663][  0]LogTemp: Display: Loaded TP IOSTargetPlatform
[2017.12.15-02.58.50:715][  0]LogTemp: Display: Loaded TP TVOSTargetPlatform
[2017.12.15-02.58.50:923][  0]LogTemp: Display: Loaded TP LinuxClientTargetPlatform
[2017.12.15-02.58.51:024][  0]LogTemp: Display: Loaded TP LinuxNoEditorTargetPlatform
[2017.12.15-02.58.51:146][  0]LogTemp: Display: Loaded TP LinuxServerTargetPlatform
[2017.12.15-02.58.51:550][  0]LogTemp: Display: Loaded TP LinuxTargetPlatform
[2017.12.15-02.58.51:557][  0]LogTargetPlatformManager: Display: Building Assets For Windows
[2017.12.15-02.58.53:460][  0]LogDerivedDataCache: Display: Max Cache Size: 512 MB
[2017.12.15-02.58.54:768][  0]LogDerivedDataCache: Loaded boot cache 1.28s 89MB C:/Users/first/AppData/Local/UnrealEngine/4.18/DerivedDataCache/Boot.ddc.
[2017.12.15-02.58.54:768][  0]LogDerivedDataCache: Display: Loaded Boot cache: C:/Users/first/AppData/Local/UnrealEngine/4.18/DerivedDataCache/Boot.ddc
[2017.12.15-02.58.54:768][  0]LogDerivedDataCache: FDerivedDataBackendGraph:  Pak pak cache file ../../../../../../Users/first/Documents/GitHub/infiniteloop-project/unrealengineproject/DerivedDataCache/DDC.ddp not found, will not use a pak cache.
[2017.12.15-02.58.54:768][  0]LogDerivedDataCache: Unable to find inner node Pak for hierarchical cache Hierarchy.
[2017.12.15-02.58.54:768][  0]LogDerivedDataCache: FDerivedDataBackendGraph:  CompressedPak pak cache file ../../../../../../Users/first/Documents/GitHub/infiniteloop-project/unrealengineproject/DerivedDataCache/Compressed.ddp not found, will not use a pak cache.
[2017.12.15-02.58.54:768][  0]LogDerivedDataCache: Unable to find inner node CompressedPak for hierarchical cache Hierarchy.
[2017.12.15-02.58.55:079][  0]LogDerivedDataCache: Display: Pak cache opened for reading ../../../Engine/DerivedDataCache/Compressed.ddp.
[2017.12.15-02.58.55:116][  0]LogDerivedDataCache: Using Local data cache path C:/Users/first/AppData/Local/UnrealEngine/Common/DerivedDataCache: Writable
[2017.12.15-02.58.55:563][  0]LogMaterial: Verifying Global Shaders for PCD3D_SM5
[2017.12.15-02.58.55:734][  0]LogSlate: Using Freetype 2.6.0
[2017.12.15-02.58.55:833][  0]LogSlate: SlateFontCache - WITH_FREETYPE: 1, WITH_HARFBUZZ: 1
[2017.12.15-02.58.55:841][  0]LogSlate: SlateFontCache - WITH_FREETYPE: 1, WITH_HARFBUZZ: 1
[2017.12.15-02.59.04:834][  0]LogInit: Selected Device Profile: [Windows]
[2017.12.15-02.59.10:162][  0]LogSimplygon: Simplygon DLL not present - disabling.
[2017.12.15-02.59.10:391][  0]LogMeshReduction: Using SimplygonSwarm for distributed automatic mesh merging
[2017.12.15-02.59.10:439][  0]LogMeshReduction: Using QuadricMeshReduction for automatic static mesh reduction
[2017.12.15-02.59.10:439][  0]LogMeshReduction: No automatic skeletal mesh reduction module available
[2017.12.15-02.59.10:439][  0]LogMeshReduction: No automatic mesh merging module available
[2017.12.15-02.59.10:439][  0]LogMeshMerging: No automatic mesh merging module available
[2017.12.15-02.59.12:300][  0]LogNetVersion: unrealengineproject , NetCL: 3709383, EngineNetVer: 2, GameNetVer: 0 (Checksum: 905466841)
[2017.12.15-02.59.15:474][  0]LogAssetRegistry: FAssetRegistry took 0.0318 seconds to start up
[2017.12.15-02.59.31:838][  0]LogPackageLocalizationCache: Processed 7 localized package path(s) for 2 prioritized culture(s) in 0.318329 seconds
[2017.12.15-02.59.31:919][  0]LogUObjectArray: 35900 objects as part of root set at end of initial load.
[2017.12.15-02.59.31:920][  0]LogUObjectAllocator: 7372024 out of 0 bytes used by permanent object pool.
[2017.12.15-02.59.31:920][  0]LogUObjectArray: CloseDisregardForGC: 0/0 objects in disregard for GC pool
[2017.12.15-02.59.32:062][  0]LogInit: WinSock: version 1.1 (2.2), MaxSocks=32767, MaxUdp=65467
[2017.12.15-02.59.52:474][  0]LogTcpMessaging: Initializing TcpMessaging bridge
[2017.12.15-02.59.52:593][  0]LogUdpMessaging: Initializing bridge on interface 0.0.0.0:0 to multicast group 230.0.0.1:6666.
[2017.12.15-02.59.58:074][  0]LogAnimationCompression: Building Anim DDC data for AnimSequence /Game/Personagens/Personagen_Player/comuns/Anim/Falling_Idle.Falling_Idle
[2017.12.15-02.59.58:087][  0]LogAnimationCompression: Recompressing (AnimSequence /Game/Personagens/Personagen_Player/comuns/Anim/Falling_Idle.Falling_Idle) using current/default (AnimCompress_BitwiseCompressOnly_0) bFirstRecompressUsingCurrentOrDefault(1) bTryAlternateCompressor(0) IsCompressedDataValid(0)
[2017.12.15-02.59.58:160][  0]LogAnimationCompression: Building Anim DDC data for AnimSequence /Game/Personagens/Personagen_Player/comuns/Anim/Sheathing_Sword.Sheathing_Sword
[2017.12.15-02.59.58:160][  0]LogAnimationCompression: Recompressing (AnimSequence /Game/Personagens/Personagen_Player/comuns/Anim/Sheathing_Sword.Sheathing_Sword) using current/default (AnimCompress_BitwiseCompressOnly_0) bFirstRecompressUsingCurrentOrDefault(1) bTryAlternateCompressor(0) IsCompressedDataValid(0)
[2017.12.15-02.59.58:181][  0]LogAnimationCompression: Building Anim DDC data for AnimSequence /Game/Personagens/Personagen_Player/comuns/Anim/Machado_equipado/Standing_Melee_Combo_Attack_Ver__3.Standing_Melee_Combo_Attack_Ver__3
[2017.12.15-02.59.58:181][  0]LogAnimationCompression: Recompressing (AnimSequence /Game/Personagens/Personagen_Player/comuns/Anim/Machado_equipado/Standing_Melee_Combo_Attack_Ver__3.Standing_Melee_Combo_Attack_Ver__3) using current/default (AnimCompress_BitwiseCompressOnly_0) bFirstRecompressUsingCurrentOrDefault(1) bTryAlternateCompressor(0) IsCompressedDataValid(0)
[2017.12.15-02.59.58:185][  0]LogAnimationCompression: Building Anim DDC data for AnimSequence /Game/Personagens/Personagen_Player/comuns/Anim/Machado_equipado/Standing_Melee_Combo_Attack_Ver__2.Standing_Melee_Combo_Attack_Ver__2
[2017.12.15-02.59.58:185][  0]LogAnimationCompression: Recompressing (AnimSequence /Game/Personagens/Personagen_Player/comuns/Anim/Machado_equipado/Standing_Melee_Combo_Attack_Ver__2.Standing_Melee_Combo_Attack_Ver__2) using current/default (AnimCompress_BitwiseCompressOnly_0) bFirstRecompressUsingCurrentOrDefault(1) bTryAlternateCompressor(0) IsCompressedDataValid(0)
[2017.12.15-02.59.58:337][  0]LogAnimationCompression: Building Anim DDC data for AnimSequence /Game/Personagens/Personagen_Player/comuns/Anim/Machado_equipado/Standing_Melee_Attack_Horizontal__1_.Standing_Melee_Attack_Horizontal__1_
[2017.12.15-02.59.58:337][  0]LogAnimationCompression: Recompressing (AnimSequence /Game/Personagens/Personagen_Player/comuns/Anim/Machado_equipado/Standing_Melee_Attack_Horizontal__1_.Standing_Melee_Attack_Horizontal__1_) using current/default (AnimCompress_BitwiseCompressOnly_0) bFirstRecompressUsingCurrentOrDefault(1) bTryAlternateCompressor(0) IsCompressedDataValid(0)
[2017.12.15-02.59.58:353][  0]LogAnimationCompression: Building Anim DDC data for AnimSequence /Game/Personagens/Personagen_Player/comuns/Anim/Machado_equipado/Standing_Melee_Attack_Downward.Standing_Melee_Attack_Downward
[2017.12.15-02.59.58:353][  0]LogAnimationCompression: Recompressing (AnimSequence /Game/Personagens/Personagen_Player/comuns/Anim/Machado_equipado/Standing_Melee_Attack_Downward.Standing_Melee_Attack_Downward) using current/default (AnimCompress_BitwiseCompressOnly_0) bFirstRecompressUsingCurrentOrDefault(1) bTryAlternateCompressor(0) IsCompressedDataValid(0)
[2017.12.15-02.59.58:358][  0]LogAnimationCompression: Building Anim DDC data for AnimSequence /Game/Personagens/Personagen_Player/comuns/Anim/Machado_equipado/Standing_Melee_Attack_360_Low.Standing_Melee_Attack_360_Low
[2017.12.15-02.59.58:358][  0]LogAnimationCompression: Recompressing (AnimSequence /Game/Personagens/Personagen_Player/comuns/Anim/Machado_equipado/Standing_Melee_Attack_360_Low.Standing_Melee_Attack_360_Low) using current/default (AnimCompress_BitwiseCompressOnly_0) bFirstRecompressUsingCurrentOrDefault(1) bTryAlternateCompressor(0) IsCompressedDataValid(0)
[2017.12.15-02.59.58:482][  0]LogAnimationCompression: Building Anim DDC data for AnimSequence /Game/Personagens/Personagen_Player/comuns/Anim/Machado_equipado/Standing_Melee_Attack_360_High.Standing_Melee_Attack_360_High
[2017.12.15-02.59.58:482][  0]LogAnimationCompression: Recompressing (AnimSequence /Game/Personagens/Personagen_Player/comuns/Anim/Machado_equipado/Standing_Melee_Attack_360_High.Standing_Melee_Attack_360_High) using current/default (AnimCompress_BitwiseCompressOnly_0) bFirstRecompressUsingCurrentOrDefault(1) bTryAlternateCompressor(0) IsCompressedDataValid(0)
[2017.12.15-02.59.58:488][  0]LogAnimationCompression: Building Anim DDC data for AnimSequence /Game/Personagens/Personagen_Player/comuns/Anim/equip.equip
[2017.12.15-02.59.58:488][  0]LogAnimationCompression: Recompressing (AnimSequence /Game/Personagens/Personagen_Player/comuns/Anim/equip.equip) using current/default (AnimCompress_BitwiseCompressOnly_0) bFirstRecompressUsingCurrentOrDefault(1) bTryAlternateCompressor(0) IsCompressedDataValid(0)
[2017.12.15-02.59.58:562][  0]LogAnimationCompression: Building Anim DDC data for AnimSequence /Game/Personagens/Personagen_Player/comuns/Anim/disarmee.disarmee
[2017.12.15-02.59.58:562][  0]LogAnimationCompression: Recompressing (AnimSequence /Game/Personagens/Personagen_Player/comuns/Anim/disarmee.disarmee) using current/default (AnimCompress_BitwiseCompressOnly_0) bFirstRecompressUsingCurrentOrDefault(1) bTryAlternateCompressor(0) IsCompressedDataValid(0)
[2017.12.15-02.59.58:687][  0]LogAnimationCompression: Building Anim DDC data for AnimSequence /Game/Personagens/Personagen_Player/comuns/Anim/walk.walk
[2017.12.15-02.59.58:687][  0]LogAnimationCompression: Recompressing (AnimSequence /Game/Personagens/Personagen_Player/comuns/Anim/walk.walk) using current/default (AnimCompress_BitwiseCompressOnly_1) bFirstRecompressUsingCurrentOrDefault(1) bTryAlternateCompressor(0) IsCompressedDataValid(0)
[2017.12.15-02.59.58:689][  0]LogAnimationCompression: Building Anim DDC data for AnimSequence /Game/Personagens/Personagen_Player/comuns/Anim/Strafe_R.Strafe_R
[2017.12.15-02.59.58:689][  0]LogAnimationCompression: Recompressing (AnimSequence /Game/Personagens/Personagen_Player/comuns/Anim/Strafe_R.Strafe_R) using current/default (AnimCompress_BitwiseCompressOnly_0) bFirstRecompressUsingCurrentOrDefault(1) bTryAlternateCompressor(0) IsCompressedDataValid(0)
[2017.12.15-02.59.58:726][  0]LogAnimationCompression: Building Anim DDC data for AnimSequence /Game/Personagens/Personagen_Player/comuns/Anim/Strafe_L.Strafe_L
[2017.12.15-02.59.58:726][  0]LogAnimationCompression: Recompressing (AnimSequence /Game/Personagens/Personagen_Player/comuns/Anim/Strafe_L.Strafe_L) using current/default (AnimCompress_BitwiseCompressOnly_0) bFirstRecompressUsingCurrentOrDefault(1) bTryAlternateCompressor(0) IsCompressedDataValid(0)
[2017.12.15-02.59.58:777][  0]LogAnimationCompression: Building Anim DDC data for AnimSequence /Game/Personagens/Personagen_Player/comuns/Anim/Running_Backward.Running_Backward
[2017.12.15-02.59.58:777][  0]LogAnimationCompression: Recompressing (AnimSequence /Game/Personagens/Personagen_Player/comuns/Anim/Running_Backward.Running_Backward) using current/default (AnimCompress_BitwiseCompressOnly_0) bFirstRecompressUsingCurrentOrDefault(1) bTryAlternateCompressor(0) IsCompressedDataValid(0)
[2017.12.15-02.59.58:813][  0]LogAnimationCompression: Building Anim DDC data for AnimSequence /Game/Personagens/Personagen_Player/comuns/Anim/run.run
[2017.12.15-02.59.58:814][  0]LogAnimationCompression: Recompressing (AnimSequence /Game/Personagens/Personagen_Player/comuns/Anim/run.run) using current/default (AnimCompress_BitwiseCompressOnly_0) bFirstRecompressUsingCurrentOrDefault(1) bTryAlternateCompressor(0) IsCompressedDataValid(0)
[2017.12.15-02.59.58:826][  0]LogAnimationCompression: Building Anim DDC data for AnimSequence /Game/Personagens/Personagen_Player/comuns/Anim/SwordIdle.SwordIdle
[2017.12.15-02.59.58:826][  0]LogAnimationCompression: Recompressing (AnimSequence /Game/Personagens/Personagen_Player/comuns/Anim/SwordIdle.SwordIdle) using current/default (AnimCompress_BitwiseCompressOnly_0) bFirstRecompressUsingCurrentOrDefault(1) bTryAlternateCompressor(0) IsCompressedDataValid(0)
[2017.12.15-02.59.58:829][  0]LogAnimationCompression: Building Anim DDC data for AnimSequence /Game/Personagens/Personagen_Player/comuns/Anim/Machado_equipado/Standing_Walk_Right.Standing_Walk_Right
[2017.12.15-02.59.58:829][  0]LogAnimationCompression: Recompressing (AnimSequence /Game/Personagens/Personagen_Player/comuns/Anim/Machado_equipado/Standing_Walk_Right.Standing_Walk_Right) using current/default (AnimCompress_BitwiseCompressOnly_0) bFirstRecompressUsingCurrentOrDefault(1) bTryAlternateCompressor(0) IsCompressedDataValid(0)
[2017.12.15-02.59.58:831][  0]LogAnimationCompression: Building Anim DDC data for AnimSequence /Game/Personagens/Personagen_Player/comuns/Anim/Machado_equipado/Standing_Walk_Left.Standing_Walk_Left
[2017.12.15-02.59.58:831][  0]LogAnimationCompression: Recompressing (AnimSequence /Game/Personagens/Personagen_Player/comuns/Anim/Machado_equipado/Standing_Walk_Left.Standing_Walk_Left) using current/default (AnimCompress_BitwiseCompressOnly_0) bFirstRecompressUsingCurrentOrDefault(1) bTryAlternateCompressor(0) IsCompressedDataValid(0)
[2017.12.15-02.59.58:900][  0]LogAnimationCompression: Building Anim DDC data for AnimSequence /Game/Personagens/Personagen_Player/comuns/Anim/Machado_equipado/Standing_Walk_Forward.Standing_Walk_Forward
[2017.12.15-02.59.58:900][  0]LogAnimationCompression: Recompressing (AnimSequence /Game/Personagens/Personagen_Player/comuns/Anim/Machado_equipado/Standing_Walk_Forward.Standing_Walk_Forward) using current/default (AnimCompress_BitwiseCompressOnly_0) bFirstRecompressUsingCurrentOrDefault(1) bTryAlternateCompressor(0) IsCompressedDataValid(0)
[2017.12.15-02.59.58:902][  0]LogAnimationCompression: Building Anim DDC data for AnimSequence /Game/Personagens/Personagen_Player/comuns/Anim/Machado_equipado/Standing_Run_Forward.Standing_Run_Forward
[2017.12.15-02.59.58:903][  0]LogAnimationCompression: Recompressing (AnimSequence /Game/Personagens/Personagen_Player/comuns/Anim/Machado_equipado/Standing_Run_Forward.Standing_Run_Forward) using current/default (AnimCompress_BitwiseCompressOnly_0) bFirstRecompressUsingCurrentOrDefault(1) bTryAlternateCompressor(0) IsCompressedDataValid(0)
[2017.12.15-02.59.58:917][  0]LogAnimationCompression: Building Anim DDC data for AnimSequence /Game/Personagens/Personagen_Player/comuns/Anim/Jog_Forward_Diagonal_R.Jog_Forward_Diagonal_R
[2017.12.15-02.59.58:917][  0]LogAnimationCompression: Recompressing (AnimSequence /Game/Personagens/Personagen_Player/comuns/Anim/Jog_Forward_Diagonal_R.Jog_Forward_Diagonal_R) using current/default (AnimCompress_BitwiseCompressOnly_0) bFirstRecompressUsingCurrentOrDefault(1) bTryAlternateCompressor(0) IsCompressedDataValid(0)
[2017.12.15-02.59.58:948][  0]LogAnimationCompression: Building Anim DDC data for AnimSequence /Game/Personagens/Personagen_Player/comuns/Anim/Jog_Forward_Diagonal_L.Jog_Forward_Diagonal_L
[2017.12.15-02.59.58:948][  0]LogAnimationCompression: Recompressing (AnimSequence /Game/Personagens/Personagen_Player/comuns/Anim/Jog_Forward_Diagonal_L.Jog_Forward_Diagonal_L) using current/default (AnimCompress_BitwiseCompressOnly_0) bFirstRecompressUsingCurrentOrDefault(1) bTryAlternateCompressor(0) IsCompressedDataValid(0)
[2017.12.15-02.59.58:965][  0]LogAnimationCompression: Building Anim DDC data for AnimSequence /Game/Personagens/Personagen_Player/comuns/Anim/Jog_Backward_Diagonal_mixamo_com.Jog_Backward_Diagonal_mixamo_com
[2017.12.15-02.59.58:966][  0]LogAnimationCompression: Recompressing (AnimSequence /Game/Personagens/Personagen_Player/comuns/Anim/Jog_Backward_Diagonal_mixamo_com.Jog_Backward_Diagonal_mixamo_com) using current/default (AnimCompress_BitwiseCompressOnly_0) bFirstRecompressUsingCurrentOrDefault(1) bTryAlternateCompressor(0) IsCompressedDataValid(0)
[2017.12.15-02.59.59:008][  0]LogAnimationCompression: Building Anim DDC data for AnimSequence /Game/Personagens/Personagen_Player/comuns/Anim/Jog_Backward_Diagonal_L.Jog_Backward_Diagonal_L
[2017.12.15-02.59.59:008][  0]LogAnimationCompression: Recompressing (AnimSequence /Game/Personagens/Personagen_Player/comuns/Anim/Jog_Backward_Diagonal_L.Jog_Backward_Diagonal_L) using current/default (AnimCompress_BitwiseCompressOnly_0) bFirstRecompressUsingCurrentOrDefault(1) bTryAlternateCompressor(0) IsCompressedDataValid(0)
[2017.12.15-02.59.59:052][  0]LogAnimationCompression: Building Anim DDC data for AnimSequence /Game/Personagens/Personagen_Player/comuns/Anim/Jog.Jog
[2017.12.15-02.59.59:052][  0]LogAnimationCompression: Recompressing (AnimSequence /Game/Personagens/Personagen_Player/comuns/Anim/Jog.Jog) using current/default (AnimCompress_BitwiseCompressOnly_2) bFirstRecompressUsingCurrentOrDefault(1) bTryAlternateCompressor(0) IsCompressedDataValid(0)
[2017.12.15-02.59.59:054][  0]LogAnimationCompression: Building Anim DDC data for AnimSequence /Game/Personagens/Personagen_Player/comuns/Anim/Machado_equipado/Standing_Run_Back_.Standing_Run_Back_
[2017.12.15-02.59.59:054][  0]LogAnimationCompression: Recompressing (AnimSequence /Game/Personagens/Personagen_Player/comuns/Anim/Machado_equipado/Standing_Run_Back_.Standing_Run_Back_) using current/default (AnimCompress_BitwiseCompressOnly_0) bFirstRecompressUsingCurrentOrDefault(1) bTryAlternateCompressor(0) IsCompressedDataValid(0)
[2017.12.15-02.59.59:079][  0]LogAnimationCompression: Building Anim DDC data for AnimSequence /Game/Personagens/Personagen_Player/comuns/Anim/Machado_equipado/Standing_Run_Back.Standing_Run_Back
[2017.12.15-02.59.59:079][  0]LogAnimationCompression: Recompressing (AnimSequence /Game/Personagens/Personagen_Player/comuns/Anim/Machado_equipado/Standing_Run_Back.Standing_Run_Back) using current/default (AnimCompress_BitwiseCompressOnly_0) bFirstRecompressUsingCurrentOrDefault(1) bTryAlternateCompressor(0) IsCompressedDataValid(0)
[2017.12.15-02.59.59:089][  0]LogAnimationCompression: Building Anim DDC data for AnimSequence /Game/Personagens/Personagen_Player/comuns/Anim/Arco_equipado/walkBack.walkBack
[2017.12.15-02.59.59:089][  0]LogAnimationCompression: Recompressing (AnimSequence /Game/Personagens/Personagen_Player/comuns/Anim/Arco_equipado/walkBack.walkBack) using current/default (AnimCompress_BitwiseCompressOnly_0) bFirstRecompressUsingCurrentOrDefault(1) bTryAlternateCompressor(0) IsCompressedDataValid(0)
[2017.12.15-02.59.59:091][  0]LogAnimationCompression: Building Anim DDC data for AnimSequence /Game/Personagens/Personagen_Player/comuns/Anim/Arco_equipado/Standing_Aim_Walk_Right.Standing_Aim_Walk_Right
[2017.12.15-02.59.59:092][  0]LogAnimationCompression: Recompressing (AnimSequence /Game/Personagens/Personagen_Player/comuns/Anim/Arco_equipado/Standing_Aim_Walk_Right.Standing_Aim_Walk_Right) using current/default (AnimCompress_BitwiseCompressOnly_0) bFirstRecompressUsingCurrentOrDefault(1) bTryAlternateCompressor(0) IsCompressedDataValid(0)
[2017.12.15-02.59.59:093][  0]LogAnimationCompression: Building Anim DDC data for AnimSequence /Game/Personagens/Personagen_Player/comuns/Anim/Arco_equipado/Standing_Aim_Walk_Left.Standing_Aim_Walk_Left
[2017.12.15-02.59.59:093][  0]LogAnimationCompression: Recompressing (AnimSequence /Game/Personagens/Personagen_Player/comuns/Anim/Arco_equipado/Standing_Aim_Walk_Left.Standing_Aim_Walk_Left) using current/default (AnimCompress_BitwiseCompressOnly_0) bFirstRecompressUsingCurrentOrDefault(1) bTryAlternateCompressor(0) IsCompressedDataValid(0)
[2017.12.15-02.59.59:102][  0]LogAnimationCompression: Building Anim DDC data for AnimSequence /Game/Personagens/Personagen_Player/comuns/Anim/Arco_equipado/Standing_Aim_Walk_Forward_mixamo_com.Standing_Aim_Walk_Forward_mixamo_com
[2017.12.15-02.59.59:102][  0]LogAnimationCompression: Recompressing (AnimSequence /Game/Personagens/Personagen_Player/comuns/Anim/Arco_equipado/Standing_Aim_Walk_Forward_mixamo_com.Standing_Aim_Walk_Forward_mixamo_com) using current/default (AnimCompress_BitwiseCompressOnly_0) bFirstRecompressUsingCurrentOrDefault(1) bTryAlternateCompressor(0) IsCompressedDataValid(0)
[2017.12.15-02.59.59:104][  0]LogAnimationCompression: Building Anim DDC data for AnimSequence /Game/Personagens/Personagen_Player/comuns/Anim/Arco_equipado/aiming.aiming
[2017.12.15-02.59.59:104][  0]LogAnimationCompression: Recompressing (AnimSequence /Game/Personagens/Personagen_Player/comuns/Anim/Arco_equipado/aiming.aiming) using current/default (AnimCompress_BitwiseCompressOnly_0) bFirstRecompressUsingCurrentOrDefault(1) bTryAlternateCompressor(0) IsCompressedDataValid(0)
[2017.12.15-02.59.59:109][  0]LogAnimationCompression: Building Anim DDC data for AnimSequence /Game/Personagens/Personagen_Player/comuns/Anim/jump.jump
[2017.12.15-02.59.59:110][  0]LogAnimationCompression: Recompressing (AnimSequence /Game/Personagens/Personagen_Player/comuns/Anim/jump.jump) using current/default (AnimCompress_BitwiseCompressOnly_0) bFirstRecompressUsingCurrentOrDefault(1) bTryAlternateCompressor(0) IsCompressedDataValid(0)
[2017.12.15-02.59.59:127][  0]LogAnimationCompression: Building Anim DDC data for AnimSequence /Game/Personagens/Personagen_Player/comuns/Anim/Falling_To_Landing.Falling_To_Landing
[2017.12.15-02.59.59:127][  0]LogAnimationCompression: Recompressing (AnimSequence /Game/Personagens/Personagen_Player/comuns/Anim/Falling_To_Landing.Falling_To_Landing) using current/default (AnimCompress_BitwiseCompressOnly_0) bFirstRecompressUsingCurrentOrDefault(1) bTryAlternateCompressor(0) IsCompressedDataValid(0)
[2017.12.15-02.59.59:129][  0]LogAnimationCompression: Building Anim DDC data for AnimSequence /Game/Personagens/Personagen_Player/comuns/Anim/Withdrawing_Sword.Withdrawing_Sword
[2017.12.15-02.59.59:129][  0]LogAnimationCompression: Recompressing (AnimSequence /Game/Personagens/Personagen_Player/comuns/Anim/Withdrawing_Sword.Withdrawing_Sword) using current/default (AnimCompress_BitwiseCompressOnly_0) bFirstRecompressUsingCurrentOrDefault(1) bTryAlternateCompressor(0) IsCompressedDataValid(0)
[2017.12.15-03.00.03:855][  0]LogMaterial: Uniform references updated for custom material expression Custom.
[2017.12.15-03.00.05:954][  0]SourceControl: Controle de origem desativado
[2017.12.15-03.00.05:968][  0]SourceControl: Controle de origem desativado
[2017.12.15-03.00.06:201][  0]SourceControl: Controle de origem desativado
[2017.12.15-03.00.06:425][  0]SourceControl: Controle de origem desativado
[2017.12.15-03.00.09:303][  0]LogAndroidPermission: UAndroidPermissionCallbackProxy::GetInstance
[2017.12.15-03.00.09:888][  0]LogOcInput: OculusInput pre-init called
[2017.12.15-03.00.11:433][  0]LogEngine: Initializing Engine...
[2017.12.15-03.00.11:556][  0]LogHMD: Failed to initialize OpenVR with code 110
[2017.12.15-03.00.13:482][  0]LogStats: UGameplayTagsManager::ConstructGameplayTagTree: Construct from data asset -  0.000 s
[2017.12.15-03.00.13:483][  0]LogStats: UGameplayTagsManager::ConstructGameplayTagTree: GameplayTagTreeChangedEvent.Broadcast -  0.000 s
[2017.12.15-03.00.16:273][  0]LogAIModule: Creating AISystem for world Untitled
[2017.12.15-03.00.16:713][  0]LogInit: XAudio2 using 'S19C301 (Áudio Intel(R) para telas)' : 2 channels at 48 kHz using 16 bits per sample (channel mask 0x3)
[2017.12.15-03.00.17:910][  0]LogInit: FAudioDevice initialized.
[2017.12.15-03.00.20:434][  0]LogDerivedDataCache: Saved boot cache 2.49s 101MB C:/Users/first/AppData/Local/UnrealEngine/4.18/DerivedDataCache/Boot.ddc.
[2017.12.15-03.00.20:562][  0]LogInit: Texture streaming: Enabled
[2017.12.15-03.00.23:118][  0]LogEngineSessionManager: EngineSessionManager initialized
[2017.12.15-03.00.24:197][  0]LogInit: Transaction tracking system initialized
[2017.12.15-03.00.25:155][  0]BlueprintLog: New page: Carregar Editor
[2017.12.15-03.00.28:999][  0]LocalizationService: Localization service is disabled
[2017.12.15-03.00.31:775][  0]LogConsoleResponse: Display: 
[2017.12.15-03.00.37:417][  0]LogCook: Display: Max memory allowance for cook 16384mb min free memory 0mb
[2017.12.15-03.00.37:489][  0]LogCook: Display: Mobile HDR setting 1
[2017.12.15-03.00.37:571][  0]LogGameplayTags: Display: UGameplayTagsManager::DoneAddingNativeTags. DelegateIsBound: 0
[2017.12.15-03.00.39:166][  0]LogFileCache: Scanning file cache for directory 'C:/Users/first/Documents/GitHub/infiniteloop-project/unrealengineproject/Content/' took 0.92s
[2017.12.15-03.00.44:529][  0]SourceControl: Controle de origem desativado
[2017.12.15-03.00.44:608][  0]Cmd: MAP LOAD FILE="../../../../../../Users/first/Documents/GitHub/infiniteloop-project/unrealengineproject/Content/ThirdPersonCPP/Maps/ThirdPersonExampleMap.umap" TEMPLATE=0 SHOWPROGRESS=1 FEATURELEVEL=3
[2017.12.15-03.00.44:676][  0]LightingResults: New page: Compilação de Iluminação
[2017.12.15-03.00.45:336][  0]MapCheck: New page: Verificação de Mapa
[2017.12.15-03.00.45:337][  0]LightingResults: New page: Compilação de Iluminação
[2017.12.15-03.00.52:638][  0]LogAIModule: Creating AISystem for world ThirdPersonExampleMap
[2017.12.15-03.00.54:959][  0]LogEditorServer: Finished looking for orphan Actors (0.000 secs)
[2017.12.15-03.00.55:683][  0]Cmd: MAP CHECKDEP NOCLEARLOG
[2017.12.15-03.00.57:503][  0]MapCheck: Map check complete: 0 Error(s), 0 Warning(s), took 1.681,199ms to complete.
[2017.12.15-03.00.57:503][  0]LogFileHelpers: Loading map 'ThirdPersonExampleMap' took 12.914
[2017.12.15-03.01.17:320][  0]LogCollectionManager: Loaded 0 collections in 0.014063 seconds
[2017.12.15-03.01.18:939][  0]LogFileCache: Scanning file cache for directory 'C:/Users/first/Documents/GitHub/infiniteloop-project/unrealengineproject/Saved/Collections/' took 0.01s
[2017.12.15-03.01.18:939][  0]LogFileCache: Scanning file cache for directory 'C:/Users/first/Documents/GitHub/infiniteloop-project/unrealengineproject/Content/Developers/first/Collections/' took 0.01s
[2017.12.15-03.01.18:939][  0]LogFileCache: Scanning file cache for directory 'C:/Users/first/Documents/GitHub/infiniteloop-project/unrealengineproject/Content/Collections/' took 0.01s
[2017.12.15-03.01.18:939][  0]LogCollectionManager: Rebuilt the GUID cache for 0 collections in 0.000000 seconds
[2017.12.15-03.01.19:285][  0]LogContentBrowser: Native class hierarchy populated in 0.2898 seconds. Added 2365 classes and 521 folders.
[2017.12.15-03.01.20:087][  0]LogContentBrowser: Native class hierarchy updated for 'WidgetCarousel' in 0.0014 seconds. Added 0 classes and 0 folders.
[2017.12.15-03.01.29:801][  0]LogContentBrowser: Native class hierarchy updated for 'AddContentDialog' in 0.0010 seconds. Added 0 classes and 0 folders.
[2017.12.15-03.01.30:866][  0]LogContentBrowser: Native class hierarchy updated for 'SceneOutliner' in 0.0016 seconds. Added 1 classes and 2 folders.
[2017.12.15-03.01.33:756][  0]LogSlate: Took 0.053579 seconds to synchronously load lazily loaded font '../../../Engine/Content/Slate/Fonts/Roboto-Regular.ttf' (155K)
[2017.12.15-03.01.33:830][  0]LogSlate: Took 0.017234 seconds to synchronously load lazily loaded font '../../../Engine/Content/Slate/Fonts/Roboto-Bold.ttf' (160K)
[2017.12.15-03.01.34:080][  0]LogSlate: Took 0.078382 seconds to synchronously load lazily loaded font '../../../Engine/Content/Editor/Slate/Fonts/FontAwesome.ttf' (139K)
[2017.12.15-03.01.36:636][  0]LogRenderer: Reallocating scene render targets to support 856x396 Format 10 NumSamples 1 (Frame:1).
[2017.12.15-03.01.38:602][  0]LogContentBrowser: Native class hierarchy updated for 'HierarchicalLODOutliner' in 0.0011 seconds. Added 1 classes and 2 folders.
[2017.12.15-03.01.38:602][  0]LogLoad: (Engine Initialization) Total time: 238.92 seconds
[2017.12.15-03.01.38:602][  0]LogLoad: (Engine Initialization) Total Blueprint compile time: 0.00 seconds
[2017.12.15-03.01.38:627][  0]LogExternalProfiler: No external profilers were discovered.  External profiling features will not be available.
[2017.12.15-03.01.39:385][  0]LogContentStreaming: Texture pool size now 1000 MB
[2017.12.15-03.01.40:102][  1]LogSlate: Took 0.058590 seconds to synchronously load lazily loaded font '../../../Engine/Content/Slate/Fonts/Roboto-Light.ttf' (159K)
[2017.12.15-03.01.40:906][  4]LogAssetRegistry: Asset discovery search completed in 145.4552 seconds
[2017.12.15-03.01.40:936][  4]LogCollectionManager: Rebuilt the object cache for 0 collections in 0.000000 seconds (found 0 objects)
[2017.12.15-03.01.40:937][  4]LogCollectionManager: Fixed up redirectors for 0 collections in 0.000095 seconds (updated 0 objects)
[2017.12.15-03.03.59:773][518]LogSlate: Took 0.000266 seconds to synchronously load lazily loaded font '../../../Engine/Content/Slate/Fonts/Roboto-Light.ttf' (159K)
[2017.12.15-03.04.53:927][396]LogMaterial: Missing cached shader map for material Material_0, compiling. 
[2017.12.15-03.04.58:955][397]LogContentBrowser: Native class hierarchy updated for 'MaterialEditor' in 0.0563 seconds. Added 1 classes and 0 folders.
[2017.12.15-03.04.59:265][397]LogSlate: Took 0.032796 seconds to synchronously load lazily loaded font '../../../Engine/Content/Slate/Fonts/Roboto-Regular.ttf' (155K)
[2017.12.15-03.05.09:389][397]LogMaterial: Missing cached shader map for material Material_1, compiling. 
[2017.12.15-03.05.09:418][397]LogMaterial: Missing cached shader map for material FMatExpressionPreview MaterialExpressionFunctionOutput_0, compiling. 
[2017.12.15-03.05.09:465][397]LogMaterial: Missing cached shader map for material PreviewMaterial_0, compiling. 
[2017.12.15-03.05.09:466][397]LogMaterial: Warning: /Engine/Transient.PreviewMaterial_0 (no disk path found): Failed to compile Material for platform PCD3D_SM5, Default Material will be used in game.
[2017.12.15-03.05.09:466][397]LogMaterial: 	Missing function output 'Result'
[2017.12.15-03.05.09:469][397]LogMaterial: Missing cached shader map for material Material_1, compiling. 
[2017.12.15-03.05.09:516][397]LogMaterial: Missing cached shader map for material PreviewMaterial_0, compiling. 
[2017.12.15-03.05.09:517][397]LogMaterial: Warning: /Engine/Transient.PreviewMaterial_0 (no disk path found): Failed to compile Material for platform PCD3D_SM5, Default Material will be used in game.
[2017.12.15-03.05.09:517][397]LogMaterial: 	Missing function output 'Result'
[2017.12.15-03.05.09:520][397]LogMaterial: Missing cached shader map for material Material_1, compiling. 
[2017.12.15-03.05.09:562][397]LogMaterial: Missing cached shader map for material FMatExpressionPreview MaterialExpressionFunctionOutput_0, compiling. 
[2017.12.15-03.05.09:621][397]MaterialEditorStats: Error: [SM5] Missing function output 'Result'
[2017.12.15-03.05.09:714][397]LogSlate: Took 0.070288 seconds to synchronously load lazily loaded font '../../../Engine/Content/Editor/Slate/Fonts/Roboto-BoldCondensed.ttf' (158K)
[2017.12.15-03.05.10:980][398]LogSlate: Took 0.021529 seconds to synchronously load lazily loaded font '../../../Engine/Content/Editor/Slate/Fonts/Roboto-Italic.ttf' (157K)
[2017.12.15-03.06.18:993][596]LogD3D11RHI: Error: Result failed 
 at D:\Build\++UE4+Release-4.18+Compile\Sync\Engine\Source\Runtime\Windows\D3D11RHI\Private\D3D11Viewport.cpp:289 
 with error DXGI_ERROR_DEVICE_REMOVED DXGI_ERROR_DRIVER_INTERNAL_ERROR
[2017.12.15-03.06.18:993][596]LogWindows: Windows GetLastError: A operação foi concluída com êxito. (0)
[2017.12.15-03.06.31:864][596]LogWindows: Windows GetLastError: A operação foi concluída com êxito. (0)
