Log file open, 12/17/17 20:33:38
LogWindows: Failed to load 'aqProf.dll' (GetLastError=126)
LogWindows: File 'aqProf.dll' does not exist
LogWindows: Failed to load 'VSPerf140.dll' (GetLastError=126)
LogWindows: File 'VSPerf140.dll' does not exist
LogWindows: Failed to load 'VtuneApi.dll' (GetLastError=126)
LogWindows: File 'VtuneApi.dll' does not exist
LogWindows: Failed to load 'VtuneApi32e.dll' (GetLastError=126)
LogWindows: File 'VtuneApi32e.dll' does not exist
LogInit: Display: Running engine for game: unrealengineproject
LogPlatformFile: Not using cached read wrapper
LogInit: Display: RandInit(-674967578) SRandInit(-674967578).
LogInit: Read version file with build ID '3709383'
LogInit: Overriding engine version to CL 3794801, compatible CL 3709383
LogInit: Registered custom module enumerator with build ID '3709383'
LogTaskGraph: Started task graph with 5 named threads and 8 total threads with 3 sets of task threads.
LogStats: Stats thread started at 0.215956
LogD3D11RHI: Aftermath initialized
LogPluginManager: Mounting plugin Paper2D
LogPluginManager: Mounting plugin LightPropagationVolume
LogPluginManager: Mounting plugin CodeLiteSourceCodeAccess
LogPluginManager: Mounting plugin GitSourceControl
LogPluginManager: Mounting plugin KDevelopSourceCodeAccess
LogPluginManager: Mounting plugin NullSourceCodeAccess
LogPluginManager: Mounting plugin PerforceSourceControl
LogPluginManager: Mounting plugin SubversionSourceControl
LogPluginManager: Mounting plugin UObjectPlugin
LogPluginManager: Mounting plugin VisualStudioCodeSourceCodeAccess
LogPluginManager: Mounting plugin VisualStudioSourceCodeAccess
LogPluginManager: Mounting plugin XCodeSourceCodeAccess
LogPluginManager: Mounting plugin AssetManagerEditor
LogPluginManager: Mounting plugin AudioCapture
LogPluginManager: Mounting plugin FacialAnimation
LogPluginManager: Mounting plugin GameplayTagsEditor
LogPluginManager: Mounting plugin MobileLauncherProfileWizard
LogPluginManager: Mounting plugin PluginBrowser
LogPluginManager: Mounting plugin SpeedTreeImporter
LogPluginManager: Mounting plugin AlembicImporter
LogPluginManager: Mounting plugin CharacterAI
LogPluginManager: Mounting plugin HTML5Networking
LogPluginManager: Mounting plugin AndroidMedia
LogPluginManager: Mounting plugin AvfMedia
LogPluginManager: Mounting plugin ImgMedia
LogPluginManager: Mounting plugin MediaCompositing
LogPluginManager: Mounting plugin MediaPlayerEditor
LogPluginManager: Mounting plugin WmfMedia
LogPluginManager: Mounting plugin TcpMessaging
LogPluginManager: Mounting plugin UdpMessaging
LogPluginManager: Mounting plugin ActorSequence
LogPluginManager: Mounting plugin LevelSequenceEditor
LogPluginManager: Mounting plugin MatineeToLevelSequence
LogPluginManager: Mounting plugin OnlineSubsystemGooglePlay
LogPluginManager: Mounting plugin OnlineSubsystemIOS
LogPluginManager: Mounting plugin OnlineSubsystem
LogPluginManager: Mounting plugin OnlineSubsystemNull
LogPluginManager: Mounting plugin OnlineSubsystemUtils
LogPluginManager: Mounting plugin AndroidDeviceProfileSelector
LogPluginManager: Mounting plugin AndroidMoviePlayer
LogPluginManager: Mounting plugin AndroidPermission
LogPluginManager: Mounting plugin AppleARKit
LogPluginManager: Mounting plugin AppleMoviePlayer
LogPluginManager: Mounting plugin ArchVisCharacter
LogPluginManager: Mounting plugin CableComponent
LogPluginManager: Mounting plugin CustomMeshComponent
LogPluginManager: Mounting plugin ExampleDeviceProfileSelector
LogPluginManager: Mounting plugin GoogleCloudMessaging
LogPluginManager: Mounting plugin ImmediatePhysics
LogPluginManager: Mounting plugin IOSDeviceProfileSelector
LogPluginManager: Mounting plugin LinuxDeviceProfileSelector
LogPluginManager: Mounting plugin LocationServicesBPLibrary
LogPluginManager: Mounting plugin MobilePatchingUtils
LogPluginManager: Mounting plugin OculusVR
LogPluginManager: Plugin shader directory ../../../Engine/Plugins/Runtime/Oculus/OculusVR/Shaders found
LogPluginManager: Mapping shader source directory ../../../Engine/Plugins/Runtime/Oculus/OculusVR/Shaders to virtual directory /Plugin/OculusVR
LogPluginManager: Mounting plugin PhysXVehicles
LogPluginManager: Mounting plugin ProceduralMeshComponent
LogPluginManager: Mounting plugin RuntimePhysXCooking
LogPluginManager: Mounting plugin SteamVR
LogPluginManager: Mounting plugin WindowsMoviePlayer
LogModuleManager: Display: Found up-to-date module file ../../../../../../Users/first/Documents/GitHub/infiniteloop-project/unrealengineproject/Binaries/Win64/UE4Editor-unrealengineproject.dll (API version 3709383).
LogModuleManager: Display: Found up-to-date module file ../../../Engine/Plugins/2D/Paper2D/Binaries/Win64/UE4Editor-Paper2D.dll (API version 3709383).
LogModuleManager: Display: Found up-to-date module file ../../../Engine/Plugins/2D/Paper2D/Binaries/Win64/UE4Editor-Paper2DEditor.dll (API version 3709383).
LogModuleManager: Display: Found up-to-date module file ../../../Engine/Plugins/2D/Paper2D/Binaries/Win64/UE4Editor-PaperSpriteSheetImporter.dll (API version 3709383).
LogModuleManager: Display: Found up-to-date module file ../../../Engine/Plugins/2D/Paper2D/Binaries/Win64/UE4Editor-PaperTiledImporter.dll (API version 3709383).
LogModuleManager: Display: Found up-to-date module file ../../../Engine/Plugins/2D/Paper2D/Binaries/Win64/UE4Editor-SmartSnapping.dll (API version 3709383).
LogModuleManager: Display: Found up-to-date module file ../../../Engine/Plugins/Blendables/LightPropagationVolume/Binaries/Win64/UE4Editor-LightPropagationVolumeRuntime.dll (API version 3709383).
LogModuleManager: Display: Found up-to-date module file ../../../Engine/Plugins/Blendables/LightPropagationVolume/Binaries/Win64/UE4Editor-LightPropagationVolumeEditor.dll (API version 3709383).
LogModuleManager: Display: Found up-to-date module file ../../../Engine/Plugins/Developer/GitSourceControl/Binaries/Win64/UE4Editor-GitSourceControl.dll (API version 3709383).
LogModuleManager: Display: Found up-to-date module file ../../../Engine/Plugins/Developer/PerforceSourceControl/Binaries/Win64/UE4Editor-PerforceSourceControl.dll (API version 3709383).
LogModuleManager: Display: Found up-to-date module file ../../../Engine/Plugins/Developer/SubversionSourceControl/Binaries/Win64/UE4Editor-SubversionSourceControl.dll (API version 3709383).
LogModuleManager: Display: Found up-to-date module file ../../../Engine/Plugins/Developer/UObjectPlugin/Binaries/Win64/UE4Editor-UObjectPlugin.dll (API version 3709383).
LogModuleManager: Display: Found up-to-date module file ../../../Engine/Plugins/Developer/VisualStudioCodeSourceCodeAccess/Binaries/Win64/UE4Editor-VisualStudioCodeSourceCodeAccess.dll (API version 3709383).
LogModuleManager: Display: Found up-to-date module file ../../../Engine/Plugins/Developer/VisualStudioSourceCodeAccess/Binaries/Win64/UE4Editor-VisualStudioSourceCodeAccess.dll (API version 3709383).
LogModuleManager: Display: Found up-to-date module file ../../../Engine/Plugins/Editor/AssetManagerEditor/Binaries/Win64/UE4Editor-AssetManagerEditor.dll (API version 3709383).
LogModuleManager: Display: Found up-to-date module file ../../../Engine/Plugins/Editor/AudioCapture/Binaries/Win64/UE4Editor-AudioCapture.dll (API version 3709383).
LogModuleManager: Display: Found up-to-date module file ../../../Engine/Plugins/Editor/FacialAnimation/Binaries/Win64/UE4Editor-FacialAnimation.dll (API version 3709383).
LogModuleManager: Display: Found up-to-date module file ../../../Engine/Plugins/Editor/FacialAnimation/Binaries/Win64/UE4Editor-FacialAnimationEditor.dll (API version 3709383).
LogModuleManager: Display: Found up-to-date module file ../../../Engine/Plugins/Editor/GameplayTagsEditor/Binaries/Win64/UE4Editor-GameplayTagsEditor.dll (API version 3709383).
LogModuleManager: Display: Found up-to-date module file ../../../Engine/Plugins/Editor/MobileLauncherProfileWizard/Binaries/Win64/UE4Editor-MobileLauncherProfileWizard.dll (API version 3709383).
LogModuleManager: Display: Found up-to-date module file ../../../Engine/Plugins/Editor/PluginBrowser/Binaries/Win64/UE4Editor-PluginBrowser.dll (API version 3709383).
LogModuleManager: Display: Found up-to-date module file ../../../Engine/Plugins/Editor/SpeedTreeImporter/Binaries/Win64/UE4Editor-SpeedTreeImporter.dll (API version 3709383).
LogModuleManager: Display: Found up-to-date module file ../../../Engine/Plugins/Experimental/AlembicImporter/Binaries/Win64/UE4Editor-AlembicImporter.dll (API version 3709383).
LogModuleManager: Display: Found up-to-date module file ../../../Engine/Plugins/Experimental/AlembicImporter/Binaries/Win64/UE4Editor-AlembicLibrary.dll (API version 3709383).
LogModuleManager: Display: Found up-to-date module file ../../../Engine/Plugins/Experimental/CharacterAI/Binaries/Win64/UE4Editor-CharacterAI.dll (API version 3709383).
LogModuleManager: Display: Found up-to-date module file ../../../Engine/Plugins/Experimental/HTML5Networking/Binaries/Win64/UE4Editor-HTML5Networking.dll (API version 3709383).
LogModuleManager: Display: Found up-to-date module file ../../../Engine/Plugins/Media/AndroidMedia/Binaries/Win64/UE4Editor-AndroidMediaEditor.dll (API version 3709383).
LogModuleManager: Display: Found up-to-date module file ../../../Engine/Plugins/Media/AndroidMedia/Binaries/Win64/UE4Editor-AndroidMediaFactory.dll (API version 3709383).
LogModuleManager: Display: Found up-to-date module file ../../../Engine/Plugins/Media/AvfMedia/Binaries/Win64/UE4Editor-AvfMediaEditor.dll (API version 3709383).
LogModuleManager: Display: Found up-to-date module file ../../../Engine/Plugins/Media/AvfMedia/Binaries/Win64/UE4Editor-AvfMediaFactory.dll (API version 3709383).
LogModuleManager: Display: Found up-to-date module file ../../../Engine/Plugins/Media/AvfMedia/Binaries/Win64/UE4Editor-AvfMediaFactory.dll (API version 3709383).
LogModuleManager: Display: Found up-to-date module file ../../../Engine/Plugins/Media/ImgMedia/Binaries/Win64/UE4Editor-ImgMedia.dll (API version 3709383).
LogModuleManager: Display: Found up-to-date module file ../../../Engine/Plugins/Media/ImgMedia/Binaries/Win64/UE4Editor-ImgMediaEditor.dll (API version 3709383).
LogModuleManager: Display: Found up-to-date module file ../../../Engine/Plugins/Media/ImgMedia/Binaries/Win64/UE4Editor-ImgMediaFactory.dll (API version 3709383).
LogModuleManager: Display: Found up-to-date module file ../../../Engine/Plugins/Media/ImgMedia/Binaries/Win64/UE4Editor-ImgMediaFactory.dll (API version 3709383).
LogModuleManager: Display: Found up-to-date module file ../../../Engine/Plugins/Media/ImgMedia/Binaries/Win64/UE4Editor-OpenExrWrapper.dll (API version 3709383).
LogModuleManager: Display: Found up-to-date module file ../../../Engine/Plugins/Media/MediaCompositing/Binaries/Win64/UE4Editor-MediaCompositing.dll (API version 3709383).
LogModuleManager: Display: Found up-to-date module file ../../../Engine/Plugins/Media/MediaCompositing/Binaries/Win64/UE4Editor-MediaCompositingEditor.dll (API version 3709383).
LogModuleManager: Display: Found up-to-date module file ../../../Engine/Plugins/Media/MediaPlayerEditor/Binaries/Win64/UE4Editor-MediaPlayerEditor.dll (API version 3709383).
LogModuleManager: Display: Found up-to-date module file ../../../Engine/Plugins/Media/WmfMedia/Binaries/Win64/UE4Editor-WmfMedia.dll (API version 3709383).
LogModuleManager: Display: Found up-to-date module file ../../../Engine/Plugins/Media/WmfMedia/Binaries/Win64/UE4Editor-WmfMediaEditor.dll (API version 3709383).
LogModuleManager: Display: Found up-to-date module file ../../../Engine/Plugins/Media/WmfMedia/Binaries/Win64/UE4Editor-WmfMediaFactory.dll (API version 3709383).
LogModuleManager: Display: Found up-to-date module file ../../../Engine/Plugins/Media/WmfMedia/Binaries/Win64/UE4Editor-WmfMediaFactory.dll (API version 3709383).
LogModuleManager: Display: Found up-to-date module file ../../../Engine/Plugins/Messaging/TcpMessaging/Binaries/Win64/UE4Editor-TcpMessaging.dll (API version 3709383).
LogModuleManager: Display: Found up-to-date module file ../../../Engine/Plugins/Messaging/UdpMessaging/Binaries/Win64/UE4Editor-UdpMessaging.dll (API version 3709383).
LogModuleManager: Display: Found up-to-date module file ../../../Engine/Plugins/MovieScene/ActorSequence/Binaries/Win64/UE4Editor-ActorSequence.dll (API version 3709383).
LogModuleManager: Display: Found up-to-date module file ../../../Engine/Plugins/MovieScene/LevelSequenceEditor/Binaries/Win64/UE4Editor-LevelSequenceEditor.dll (API version 3709383).
LogModuleManager: Display: Found up-to-date module file ../../../Engine/Plugins/MovieScene/MatineeToLevelSequence/Binaries/Win64/UE4Editor-MatineeToLevelSequence.dll (API version 3709383).
LogModuleManager: Display: Found up-to-date module file ../../../Engine/Plugins/Online/OnlineSubsystem/Binaries/Win64/UE4Editor-OnlineSubsystem.dll (API version 3709383).
LogModuleManager: Display: Found up-to-date module file ../../../Engine/Plugins/Online/OnlineSubsystemNull/Binaries/Win64/UE4Editor-OnlineSubsystemNull.dll (API version 3709383).
LogModuleManager: Display: Found up-to-date module file ../../../Engine/Plugins/Online/OnlineSubsystemUtils/Binaries/Win64/UE4Editor-OnlineSubsystemUtils.dll (API version 3709383).
LogModuleManager: Display: Found up-to-date module file ../../../Engine/Plugins/Online/OnlineSubsystemUtils/Binaries/Win64/UE4Editor-OnlineBlueprintSupport.dll (API version 3709383).
LogModuleManager: Display: Found up-to-date module file ../../../Engine/Plugins/Runtime/AndroidDeviceProfileSelector/Binaries/Win64/UE4Editor-AndroidDeviceProfileSelector.dll (API version 3709383).
LogModuleManager: Display: Found up-to-date module file ../../../Engine/Plugins/Runtime/AndroidPermission/Binaries/Win64/UE4Editor-AndroidPermission.dll (API version 3709383).
LogModuleManager: Display: Found up-to-date module file ../../../Engine/Plugins/Runtime/AppleARKit/Binaries/Win64/UE4Editor-AppleARKit.dll (API version 3709383).
LogModuleManager: Display: Found up-to-date module file ../../../Engine/Plugins/Runtime/ArchVisCharacter/Binaries/Win64/UE4Editor-ArchVisCharacter.dll (API version 3709383).
LogModuleManager: Display: Found up-to-date module file ../../../Engine/Plugins/Runtime/CableComponent/Binaries/Win64/UE4Editor-CableComponent.dll (API version 3709383).
LogModuleManager: Display: Found up-to-date module file ../../../Engine/Plugins/Runtime/CustomMeshComponent/Binaries/Win64/UE4Editor-CustomMeshComponent.dll (API version 3709383).
LogModuleManager: Display: Found up-to-date module file ../../../Engine/Plugins/Runtime/ExampleDeviceProfileSelector/Binaries/Win64/UE4Editor-ExampleDeviceProfileSelector.dll (API version 3709383).
LogModuleManager: Display: Found up-to-date module file ../../../Engine/Plugins/Runtime/ImmediatePhysics/Binaries/Win64/UE4Editor-ImmediatePhysics.dll (API version 3709383).
LogModuleManager: Display: Found up-to-date module file ../../../Engine/Plugins/Runtime/ImmediatePhysics/Binaries/Win64/UE4Editor-ImmediatePhysicsEditor.dll (API version 3709383).
LogModuleManager: Display: Found up-to-date module file ../../../Engine/Plugins/Runtime/LocationServicesBPLibrary/Binaries/Win64/UE4Editor-LocationServicesBPLibrary.dll (API version 3709383).
LogModuleManager: Display: Found up-to-date module file ../../../Engine/Plugins/Runtime/MobilePatchingUtils/Binaries/Win64/UE4Editor-MobilePatchingUtils.dll (API version 3709383).
LogModuleManager: Display: Found up-to-date module file ../../../Engine/Plugins/Runtime/Oculus/OculusVR/Binaries/Win64/UE4Editor-OculusHMD.dll (API version 3709383).
LogModuleManager: Display: Found up-to-date module file ../../../Engine/Plugins/Runtime/Oculus/OculusVR/Binaries/Win64/UE4Editor-OculusInput.dll (API version 3709383).
LogModuleManager: Display: Found up-to-date module file ../../../Engine/Plugins/Runtime/Oculus/OculusVR/Binaries/Win64/UE4Editor-OculusEditor.dll (API version 3709383).
LogModuleManager: Display: Found up-to-date module file ../../../Engine/Plugins/Runtime/PhysXVehicles/Binaries/Win64/UE4Editor-PhysXVehicles.dll (API version 3709383).
LogModuleManager: Display: Found up-to-date module file ../../../Engine/Plugins/Runtime/PhysXVehicles/Binaries/Win64/UE4Editor-PhysXVehiclesEditor.dll (API version 3709383).
LogModuleManager: Display: Found up-to-date module file ../../../Engine/Plugins/Runtime/ProceduralMeshComponent/Binaries/Win64/UE4Editor-ProceduralMeshComponent.dll (API version 3709383).
LogModuleManager: Display: Found up-to-date module file ../../../Engine/Plugins/Runtime/ProceduralMeshComponent/Binaries/Win64/UE4Editor-ProceduralMeshComponentEditor.dll (API version 3709383).
LogModuleManager: Display: Found up-to-date module file ../../../Engine/Plugins/Runtime/RuntimePhysXCooking/Binaries/Win64/UE4Editor-RuntimePhysXCooking.dll (API version 3709383).
LogModuleManager: Display: Found up-to-date module file ../../../Engine/Plugins/Runtime/Steam/SteamVR/Binaries/Win64/UE4Editor-SteamVR.dll (API version 3709383).
LogModuleManager: Display: Found up-to-date module file ../../../Engine/Plugins/Runtime/Steam/SteamVR/Binaries/Win64/UE4Editor-SteamVRController.dll (API version 3709383).
LogModuleManager: Display: Found up-to-date module file ../../../Engine/Plugins/Runtime/WindowsMoviePlayer/Binaries/Win64/UE4Editor-WindowsMoviePlayer.dll (API version 3709383).
LogInit: Using libcurl 7.47.1
LogInit:  - built for x86_64-pc-win32
LogInit:  - supports SSL with OpenSSL/1.0.2g
LogInit:  - supports HTTP deflate (compression) using libz 1.2.8
LogInit:  - other features:
LogInit:      CURL_VERSION_SSL
LogInit:      CURL_VERSION_LIBZ
LogInit:      CURL_VERSION_IPV6
LogInit:      CURL_VERSION_ASYNCHDNS
LogInit:      CURL_VERSION_LARGEFILE
LogInit:      CURL_VERSION_IDN
LogInit:  CurlRequestOptions (configurable via config and command line):
LogInit:  - bVerifyPeer = false  - Libcurl will NOT verify peer certificate
LogInit:  - bUseHttpProxy = false  - Libcurl will NOT use HTTP proxy
LogInit:  - bDontReuseConnections = false  - Libcurl will reuse connections
LogInit:  - CertBundlePath = nullptr  - Libcurl will use whatever was configured at build time.
LogInit: Build: ++UE4+Release-4.18-CL-3794801
LogInit: Engine Version: 4.18.2-3794801+++UE4+Release-4.18
LogInit: Compatible Engine Version: 4.18.0-3709383+++UE4+Release-4.18
LogInit: Net CL: 3709383
LogDevObjectVersion: Number of dev versions registered: 16
LogDevObjectVersion:   Dev-Blueprints (B0D832E4-1F89-4F0D-ACCF-7EB736FD4AA2): 10
LogDevObjectVersion:   Dev-Build (E1C64328-A22C-4D53-A36C-8E866417BD8C): 0
LogDevObjectVersion:   Dev-Core (375EC13C-06E4-48FB-B500-84F0262A717E): 2
LogDevObjectVersion:   Dev-Editor (E4B068ED-F494-42E9-A231-DA0B2E46BB41): 20
LogDevObjectVersion:   Dev-Framework (CFFC743F-43B0-4480-9391-14DF171D2073): 30
LogDevObjectVersion:   Dev-Mobile (B02B49B5-BB20-44E9-A304-32B752E40360): 0
LogDevObjectVersion:   Dev-Networking (A4E4105C-59A1-49B5-A7C5-40C4547EDFEE): 0
LogDevObjectVersion:   Dev-Online (39C831C9-5AE6-47DC-9A44-9C173E1C8E7C): 0
LogDevObjectVersion:   Dev-Physics (78F01B33-EBEA-4F98-B9B4-84EACCB95AA2): 0
LogDevObjectVersion:   Dev-Platform (6631380F-2D4D-43E0-8009-CF276956A95A): 0
LogDevObjectVersion:   Dev-Rendering (12F88B9F-8875-4AFC-A67C-D90C383ABD29): 20
LogDevObjectVersion:   Dev-Sequencer (7B5AE74C-D270-4C10-A958-57980B212A5A): 4
LogDevObjectVersion:   Dev-VR (D7296918-1DD6-4BDD-9DE2-64A83CC13884): 0
LogDevObjectVersion:   Dev-LoadTimes (C2A15278-BFE7-4AFE-6C17-90FF531DF755): 1
LogDevObjectVersion:   Private-Geometry (6EACA3D4-40EC-4CC1-B786-8BED09428FC5): 1
LogDevObjectVersion:   Dev-AnimPhys (29E575DD-E0A3-4627-9D10-D276232CDCEA): 12
LogInit: Compiled (64-bit): Dec  8 2017 02:04:53
LogInit: Compiled with Visual C++: 19.00.24215.01
LogInit: Build Configuration: Development
LogInit: Branch Name: ++UE4+Release-4.18
LogInit: Command line: -EpicPortal
LogInit: Base directory: C:/Program Files/Epic Games/UE_4.18/Engine/Binaries/Win64/
LogInit: Installed Engine Build: 1
LogInit: Presizing for max 8388607 objects, including 0 objects not considered by GC, pre-allocating 0 bytes for permanent pool.
LogInit: Object subsystem initialized
[2017.12.17-22.33.44:537][  0]LogInit: Selected Device Profile: [Windows]
[2017.12.17-22.33.44:537][  0]LogInit: Applying CVar settings loaded from the selected device profile: [Windows]
[2017.12.17-22.33.44:666][  0]LogInit: Computer: DESKTOP-RBJNHNC
[2017.12.17-22.33.44:666][  0]LogInit: User: first
[2017.12.17-22.33.44:666][  0]LogInit: CPU Page size=4096, Cores=2
[2017.12.17-22.33.44:666][  0]LogInit: High frequency timer resolution =2.338340 MHz
[2017.12.17-22.33.44:667][  0]LogMemory: Memory total: Physical=3.9GB (4GB approx)
[2017.12.17-22.33.44:668][  0]LogMemory: Platform Memory Stats for Windows
[2017.12.17-22.33.44:668][  0]LogMemory: Process Physical Memory: 276.32 MB used, 276.32 MB peak
[2017.12.17-22.33.44:668][  0]LogMemory: Process Virtual Memory: 269.08 MB used, 269.08 MB peak
[2017.12.17-22.33.44:668][  0]LogMemory: Physical Memory: 2394.91 MB used,  1589.45 MB free, 3984.36 MB total
[2017.12.17-22.33.44:668][  0]LogMemory: Virtual Memory: 673.92 MB used,  1589.45 MB free, 134217728.00 MB total
[2017.12.17-22.33.45:701][  0]LogInit: Using OS detected language (pt-BR).
[2017.12.17-22.33.45:701][  0]LogInit: Using OS detected locale (pt-BR).
[2017.12.17-22.33.46:462][  0]LogInit: Setting process to per monitor DPI aware
[2017.12.17-22.33.51:568][  0]LogD3D11RHI: D3D11 adapters:
[2017.12.17-22.33.51:705][  0]LogD3D11RHI:    0. 'AMD Radeon R7 M260' (Feature Level 11_0)
[2017.12.17-22.33.51:705][  0]LogD3D11RHI:       2039/0/1992 MB DedicatedVideo/DedicatedSystem/SharedSystem, Outputs:1, VendorId:0x1002
[2017.12.17-22.33.51:731][  0]LogD3D11RHI:    1. 'Intel(R) HD Graphics Family' (Feature Level 11_0)
[2017.12.17-22.33.51:731][  0]LogD3D11RHI:       112/0/1992 MB DedicatedVideo/DedicatedSystem/SharedSystem, Outputs:0, VendorId:0x8086
[2017.12.17-22.33.51:739][  0]LogD3D11RHI:    2. 'Microsoft Basic Render Driver' (Feature Level 11_0)
[2017.12.17-22.33.51:739][  0]LogD3D11RHI:       0/0/1992 MB DedicatedVideo/DedicatedSystem/SharedSystem, Outputs:0, VendorId:0x1414
[2017.12.17-22.33.51:739][  0]LogD3D11RHI: Chosen D3D11 Adapter: 0
[2017.12.17-22.33.51:755][  0]LogD3D11RHI: Creating new Direct3DDevice
[2017.12.17-22.33.51:755][  0]LogD3D11RHI:     GPU DeviceId: 0x6900 (for the marketing name, search the web for "GPU Device Id")
[2017.12.17-22.33.51:755][  0]LogWindows: EnumDisplayDevices:
[2017.12.17-22.33.51:756][  0]LogWindows:    0. 'Intel(R) HD Graphics Family' (P:1 D:1)
[2017.12.17-22.33.51:757][  0]LogWindows:    1. 'Intel(R) HD Graphics Family' (P:0 D:0)
[2017.12.17-22.33.51:757][  0]LogWindows:    2. 'Intel(R) HD Graphics Family' (P:0 D:0)
[2017.12.17-22.33.51:758][  0]LogWindows: DebugString: GetVideoDriverDetailsInvalid PrimaryIsNotTheChoosenAdapter GetVideoDriverDetailsInvalid PrimaryIsNotTheChoosenAdapter GetVideoDriverDetailsInvalid PrimaryIsNotTheChoosenAdapter FoundDriverCount:0 
[2017.12.17-22.33.51:758][  0]LogD3D11RHI:     Adapter Name: AMD Radeon R7 M260
[2017.12.17-22.33.51:758][  0]LogD3D11RHI:   Driver Version: Unknown (internal:Unknown, unified:Unknown)
[2017.12.17-22.33.51:758][  0]LogD3D11RHI:      Driver Date: Unknown
[2017.12.17-22.33.51:758][  0]LogRHI: Texture pool is 1427 MB (70% of 2039 MB)
[2017.12.17-22.33.51:861][  0]LogD3D11RHI: Async texture creation enabled
[2017.12.17-22.33.51:910][  0]LogD3D11RHI: GPU Timing Frequency: 27.000000 (Debug: 2 1)
[2017.12.17-22.33.51:916][  0]LogShaderCompilers: Guid format shader working directory is -41 characters bigger than the processId version (../../../../../../Users/first/Documents/GitHub/infiniteloop-project/unrealengineproject/Intermediate/Shaders/WorkingDirectory/9448/).
[2017.12.17-22.33.51:916][  0]LogShaderCompilers: Cleaned the shader compiler working directory 'C:/Users/first/AppData/Local/Temp/UnrealShaderWorkingDir/46AD1EEE47C58AFCD9FFABB436B0B85E/'.
[2017.12.17-22.33.51:917][  0]LogShaderCompilers: Display: Using Local Shader Compiler.
[2017.12.17-22.33.58:996][  0]LogTemp: Display: Loaded TP AllDesktopTargetPlatform
[2017.12.17-22.33.59:145][  0]LogTemp: Display: Loaded TP MacClientTargetPlatform
[2017.12.17-22.33.59:293][  0]LogTemp: Display: Loaded TP MacNoEditorTargetPlatform
[2017.12.17-22.33.59:445][  0]LogTemp: Display: Loaded TP MacServerTargetPlatform
[2017.12.17-22.33.59:703][  0]LogTemp: Display: Loaded TP MacTargetPlatform
[2017.12.17-22.33.59:985][  0]LogTemp: Display: Loaded TP WindowsClientTargetPlatform
[2017.12.17-22.34.00:167][  0]LogTemp: Display: Loaded TP WindowsNoEditorTargetPlatform
[2017.12.17-22.34.00:323][  0]LogTemp: Display: Loaded TP WindowsServerTargetPlatform
[2017.12.17-22.34.00:463][  0]LogTemp: Display: Loaded TP WindowsTargetPlatform
[2017.12.17-22.34.00:560][  0]LogTemp: Display: Loaded TP Android_ASTCTargetPlatform
[2017.12.17-22.34.00:654][  0]LogTemp: Display: Loaded TP Android_ATCTargetPlatform
[2017.12.17-22.34.00:769][  0]LogTemp: Display: Loaded TP Android_DXTTargetPlatform
[2017.12.17-22.34.00:930][  0]LogTemp: Display: Loaded TP Android_ETC1TargetPlatform
[2017.12.17-22.34.01:106][  0]LogTemp: Display: Loaded TP Android_ETC2TargetPlatform
[2017.12.17-22.34.01:544][  0]LogTemp: Display: Loaded TP Android_MultiTargetPlatform
[2017.12.17-22.34.01:544][  0]LogTemp: Display: Loaded TP Android_PVRTCTargetPlatform
[2017.12.17-22.34.01:747][  0]LogTemp: Display: Loaded TP AndroidTargetPlatform
[2017.12.17-22.34.01:966][  0]LogTemp: Display: Loaded TP HTML5TargetPlatform
[2017.12.17-22.34.02:409][  0]LogTemp: Display: Loaded TP IOSTargetPlatform
[2017.12.17-22.34.02:544][  0]LogTemp: Display: Loaded TP TVOSTargetPlatform
[2017.12.17-22.34.02:823][  0]LogTemp: Display: Loaded TP LinuxClientTargetPlatform
[2017.12.17-22.34.03:107][  0]LogTemp: Display: Loaded TP LinuxNoEditorTargetPlatform
[2017.12.17-22.34.03:372][  0]LogTemp: Display: Loaded TP LinuxServerTargetPlatform
[2017.12.17-22.34.03:675][  0]LogTemp: Display: Loaded TP LinuxTargetPlatform
[2017.12.17-22.34.03:676][  0]LogTargetPlatformManager: Display: Building Assets For Windows
[2017.12.17-22.34.05:669][  0]LogDerivedDataCache: Display: Max Cache Size: 512 MB
[2017.12.17-22.34.05:867][  0]LogDerivedDataCache: Loaded boot cache 0.20s 90MB C:/Users/first/AppData/Local/UnrealEngine/4.18/DerivedDataCache/Boot.ddc.
[2017.12.17-22.34.05:867][  0]LogDerivedDataCache: Display: Loaded Boot cache: C:/Users/first/AppData/Local/UnrealEngine/4.18/DerivedDataCache/Boot.ddc
[2017.12.17-22.34.05:867][  0]LogDerivedDataCache: FDerivedDataBackendGraph:  Pak pak cache file ../../../../../../Users/first/Documents/GitHub/infiniteloop-project/unrealengineproject/DerivedDataCache/DDC.ddp not found, will not use a pak cache.
[2017.12.17-22.34.05:867][  0]LogDerivedDataCache: Unable to find inner node Pak for hierarchical cache Hierarchy.
[2017.12.17-22.34.05:867][  0]LogDerivedDataCache: FDerivedDataBackendGraph:  CompressedPak pak cache file ../../../../../../Users/first/Documents/GitHub/infiniteloop-project/unrealengineproject/DerivedDataCache/Compressed.ddp not found, will not use a pak cache.
[2017.12.17-22.34.05:867][  0]LogDerivedDataCache: Unable to find inner node CompressedPak for hierarchical cache Hierarchy.
[2017.12.17-22.34.05:915][  0]LogDerivedDataCache: Display: Pak cache opened for reading ../../../Engine/DerivedDataCache/Compressed.ddp.
[2017.12.17-22.34.05:933][  0]LogDerivedDataCache: Using Local data cache path C:/Users/first/AppData/Local/UnrealEngine/Common/DerivedDataCache: Writable
[2017.12.17-22.34.05:979][  0]LogMaterial: Verifying Global Shaders for PCD3D_SM5
[2017.12.17-22.34.05:980][  0]LogSlate: Using Freetype 2.6.0
[2017.12.17-22.34.05:981][  0]LogSlate: SlateFontCache - WITH_FREETYPE: 1, WITH_HARFBUZZ: 1
[2017.12.17-22.34.05:981][  0]LogSlate: SlateFontCache - WITH_FREETYPE: 1, WITH_HARFBUZZ: 1
[2017.12.17-22.34.09:147][  0]LogInit: Selected Device Profile: [Windows]
[2017.12.17-22.34.10:399][  0]LogSimplygon: Simplygon DLL not present - disabling.
[2017.12.17-22.34.10:623][  0]LogMeshReduction: Using SimplygonSwarm for distributed automatic mesh merging
[2017.12.17-22.34.10:623][  0]LogMeshReduction: Using QuadricMeshReduction for automatic static mesh reduction
[2017.12.17-22.34.10:623][  0]LogMeshReduction: No automatic skeletal mesh reduction module available
[2017.12.17-22.34.10:623][  0]LogMeshReduction: No automatic mesh merging module available
[2017.12.17-22.34.10:623][  0]LogMeshMerging: No automatic mesh merging module available
[2017.12.17-22.34.10:791][  0]LogNetVersion: unrealengineproject , NetCL: 3709383, EngineNetVer: 2, GameNetVer: 0 (Checksum: 905466841)
[2017.12.17-22.34.11:454][  0]LogAssetRegistry: FAssetRegistry took 0.0350 seconds to start up
[2017.12.17-22.34.13:358][  0]LogPackageLocalizationCache: Processed 7 localized package path(s) for 2 prioritized culture(s) in 0.222278 seconds
[2017.12.17-22.34.13:373][  0]LogUObjectArray: 35900 objects as part of root set at end of initial load.
[2017.12.17-22.34.13:373][  0]LogUObjectAllocator: 7372016 out of 0 bytes used by permanent object pool.
[2017.12.17-22.34.13:373][  0]LogUObjectArray: CloseDisregardForGC: 0/0 objects in disregard for GC pool
[2017.12.17-22.34.13:557][  0]LogInit: WinSock: version 1.1 (2.2), MaxSocks=32767, MaxUdp=65467
[2017.12.17-22.34.38:322][  0]LogTcpMessaging: Initializing TcpMessaging bridge
[2017.12.17-22.34.38:505][  0]LogUdpMessaging: Initializing bridge on interface 0.0.0.0:0 to multicast group 230.0.0.1:6666.
[2017.12.17-22.34.42:266][  0]LogMaterial: Uniform references updated for custom material expression Custom.
[2017.12.17-22.34.42:896][  0]SourceControl: Controle de origem desativado
[2017.12.17-22.34.42:896][  0]SourceControl: Controle de origem desativado
[2017.12.17-22.34.43:258][  0]SourceControl: Controle de origem desativado
[2017.12.17-22.34.43:513][  0]SourceControl: Controle de origem desativado
[2017.12.17-22.34.45:525][  0]LogAndroidPermission: UAndroidPermissionCallbackProxy::GetInstance
[2017.12.17-22.34.45:929][  0]LogOcInput: OculusInput pre-init called
[2017.12.17-22.34.46:374][  0]LogEngine: Initializing Engine...
[2017.12.17-22.34.46:388][  0]LogHMD: Failed to initialize OpenVR with code 110
[2017.12.17-22.34.46:805][  0]LogStats: UGameplayTagsManager::ConstructGameplayTagTree: Construct from data asset -  0.000 s
[2017.12.17-22.34.46:805][  0]LogStats: UGameplayTagsManager::ConstructGameplayTagTree: GameplayTagTreeChangedEvent.Broadcast -  0.000 s
[2017.12.17-22.34.47:001][  0]LogAIModule: Creating AISystem for world Untitled
[2017.12.17-22.34.47:009][  0]LogInit: XAudio2 using 'Fones de ouvido / Alto falantes (Realtek High Definition Audio)' : 2 channels at 44.1 kHz using 16 bits per sample (channel mask 0x3)
[2017.12.17-22.34.47:599][  0]LogInit: FAudioDevice initialized.
[2017.12.17-22.34.47:863][  0]LogDerivedDataCache: Saved boot cache 0.26s 90MB C:/Users/first/AppData/Local/UnrealEngine/4.18/DerivedDataCache/Boot.ddc.
[2017.12.17-22.34.47:900][  0]LogInit: Texture streaming: Enabled
[2017.12.17-22.34.48:052][  0]LogEngineSessionManager: EngineSessionManager initialized
[2017.12.17-22.34.48:068][  0]LogEngineSessionManager: EngineSessionManager sent abnormal shutdown report. Type=Crashed, SessionId={33DEB4A0-464B-11F0-9F8B-98BDAD9C6D00}
[2017.12.17-22.34.48:281][  0]LogInit: Transaction tracking system initialized
[2017.12.17-22.34.49:227][  0]BlueprintLog: New page: Carregar Editor
[2017.12.17-22.34.51:511][  0]LocalizationService: Localization service is disabled
[2017.12.17-22.34.53:034][  0]LogConsoleResponse: Display: 
[2017.12.17-22.34.53:379][  0]LogCook: Display: Max memory allowance for cook 16384mb min free memory 0mb
[2017.12.17-22.34.53:380][  0]LogCook: Display: Mobile HDR setting 1
[2017.12.17-22.34.53:380][  0]LogGameplayTags: Display: UGameplayTagsManager::DoneAddingNativeTags. DelegateIsBound: 0
[2017.12.17-22.34.53:444][  0]LogFileCache: Scanning file cache for directory 'C:/Users/first/Documents/GitHub/infiniteloop-project/unrealengineproject/Content/' took 0.02s
[2017.12.17-22.34.55:256][  0]SourceControl: Controle de origem desativado
[2017.12.17-22.34.55:257][  0]Cmd: MAP LOAD FILE="../../../../../../Users/first/Documents/GitHub/infiniteloop-project/unrealengineproject/Content/ThirdPersonCPP/Maps/ThirdPersonExampleMap.umap" TEMPLATE=0 SHOWPROGRESS=1 FEATURELEVEL=3
[2017.12.17-22.34.55:257][  0]LightingResults: New page: Compilação de Iluminação
[2017.12.17-22.34.55:321][  0]MapCheck: New page: Verificação de Mapa
[2017.12.17-22.34.55:321][  0]LightingResults: New page: Compilação de Iluminação
[2017.12.17-22.34.55:742][  0]LogAIModule: Creating AISystem for world ThirdPersonExampleMap
[2017.12.17-22.34.55:764][  0]LogEditorServer: Finished looking for orphan Actors (0.000 secs)
[2017.12.17-22.34.55:799][  0]Cmd: MAP CHECKDEP NOCLEARLOG
[2017.12.17-22.34.55:895][  0]MapCheck: Map check complete: 0 Error(s), 0 Warning(s), took 95,897ms to complete.
[2017.12.17-22.34.55:895][  0]LogFileHelpers: Loading map 'ThirdPersonExampleMap' took 0.638
[2017.12.17-22.34.56:139][  0]LogCollectionManager: Loaded 0 collections in 0.002812 seconds
[2017.12.17-22.34.56:239][  0]LogFileCache: Scanning file cache for directory 'C:/Users/first/Documents/GitHub/infiniteloop-project/unrealengineproject/Saved/Collections/' took 0.01s
[2017.12.17-22.34.56:239][  0]LogFileCache: Scanning file cache for directory 'C:/Users/first/Documents/GitHub/infiniteloop-project/unrealengineproject/Content/Developers/first/Collections/' took 0.01s
[2017.12.17-22.34.56:239][  0]LogFileCache: Scanning file cache for directory 'C:/Users/first/Documents/GitHub/infiniteloop-project/unrealengineproject/Content/Collections/' took 0.01s
[2017.12.17-22.34.56:239][  0]LogCollectionManager: Rebuilt the GUID cache for 0 collections in 0.000001 seconds
[2017.12.17-22.34.56:253][  0]LogContentBrowser: Native class hierarchy populated in 0.0134 seconds. Added 2365 classes and 521 folders.
[2017.12.17-22.34.56:349][  0]LogContentBrowser: Native class hierarchy updated for 'WidgetCarousel' in 0.0011 seconds. Added 0 classes and 0 folders.
[2017.12.17-22.34.56:418][  0]LogContentBrowser: Native class hierarchy updated for 'AddContentDialog' in 0.0010 seconds. Added 0 classes and 0 folders.
[2017.12.17-22.34.56:482][  0]LogContentBrowser: Native class hierarchy updated for 'SceneOutliner' in 0.0018 seconds. Added 1 classes and 2 folders.
[2017.12.17-22.34.56:569][  0]LogSlate: Took 0.000331 seconds to synchronously load lazily loaded font '../../../Engine/Content/Slate/Fonts/Roboto-Regular.ttf' (155K)
[2017.12.17-22.34.56:573][  0]LogSlate: Took 0.000482 seconds to synchronously load lazily loaded font '../../../Engine/Content/Slate/Fonts/Roboto-Bold.ttf' (160K)
[2017.12.17-22.34.56:588][  0]LogSlate: Took 0.000311 seconds to synchronously load lazily loaded font '../../../Engine/Content/Editor/Slate/Fonts/FontAwesome.ttf' (139K)
[2017.12.17-22.34.56:769][  0]LogRenderer: Reallocating scene render targets to support 856x396 Format 9 NumSamples 1 (Frame:1).
[2017.12.17-22.34.57:254][  0]LogContentBrowser: Native class hierarchy updated for 'HierarchicalLODOutliner' in 0.0013 seconds. Added 1 classes and 2 folders.
[2017.12.17-22.34.57:254][  0]LogLoad: (Engine Initialization) Total time: 89.25 seconds
[2017.12.17-22.34.57:254][  0]LogLoad: (Engine Initialization) Total Blueprint compile time: 0.00 seconds
[2017.12.17-22.34.57:254][  0]LogExternalProfiler: No external profilers were discovered.  External profiling features will not be available.
[2017.12.17-22.34.57:273][  0]LogWindowsTextInputMethodSystem: Display: IME system now deactivated.
[2017.12.17-22.34.57:306][  0]LogContentStreaming: Texture pool size now 1000 MB
[2017.12.17-22.34.57:326][  0]LogSlate: Took 0.000366 seconds to synchronously load lazily loaded font '../../../Engine/Content/Slate/Fonts/Roboto-Light.ttf' (159K)
[2017.12.17-22.34.57:444][  2]LogAssetRegistry: Asset discovery search completed in 46.0124 seconds
[2017.12.17-22.34.57:448][  2]LogCollectionManager: Rebuilt the object cache for 0 collections in 0.000000 seconds (found 0 objects)
[2017.12.17-22.34.57:448][  2]LogCollectionManager: Fixed up redirectors for 0 collections in 0.000071 seconds (updated 0 objects)
[2017.12.17-22.34.58:422][ 31]LogSlate: Took 0.000997 seconds to synchronously load lazily loaded font '../../../Engine/Content/Slate/Fonts/Roboto-Light.ttf' (159K)
[2017.12.17-22.36.08:486][458]LogSlate: Took 0.000204 seconds to synchronously load lazily loaded font '../../../Engine/Content/Slate/Fonts/Roboto-Light.ttf' (159K)
[2017.12.17-22.36.08:574][458]LogContentBrowser: Native class hierarchy updated for 'MaterialEditor' in 0.0013 seconds. Added 1 classes and 0 folders.
[2017.12.17-22.36.08:578][458]LogMaterial: Missing cached shader map for material M_Decals_Teste, compiling. 
[2017.12.17-22.36.09:164][458]LogMaterial: Missing cached shader map for material M_Decals_Teste, compiling. 
[2017.12.17-22.36.09:203][458]LogMaterial: Missing cached shader map for material M_Decals_Teste, compiling. 
[2017.12.17-22.36.09:284][458]LogMaterial: Missing cached shader map for material FMatExpressionPreview MaterialExpressionTextureSample_0, compiling. 
[2017.12.17-22.36.09:305][458]LogSlate: Took 0.000432 seconds to synchronously load lazily loaded font '../../../Engine/Content/Editor/Slate/Fonts/Roboto-BoldCondensed.ttf' (158K)
[2017.12.17-22.36.21:626][857]LogMaterial: Missing cached shader map for material M_Decals_Teste, compiling. 
[2017.12.17-22.36.21:727][857]LogMaterial: Missing cached shader map for material FMatExpressionPreview MaterialExpressionTextureSample_0, compiling. 
[2017.12.17-22.36.23:263][903]LogMaterialEditor: Saving and Compiling material M_Decals_Teste
[2017.12.17-22.36.24:560][903]LogMaterial: Missing cached shader map for material M_Decals_Teste, compiling. 
[2017.12.17-22.36.24:746][903]LogMaterial: Missing cached shader map for material M_Decals_Teste, compiling. 
[2017.12.17-22.36.24:987][903]LogMaterial: Missing cached shader map for material M_Decals_Teste, compiling. 
[2017.12.17-22.36.25:124][903]TextureStreamingBuild: Display: Compiling optional shaders took 0.017 seconds.
[2017.12.17-22.36.37:275][903]LogSlate: Took 0.000225 seconds to synchronously load lazily loaded font '../../../Engine/Content/Slate/Fonts/Roboto-Regular.ttf' (155K)
[2017.12.17-22.36.38:012][903]LogSavePackage: Save=186.87ms
[2017.12.17-22.36.38:012][903]LogSavePackage: Moving '../../../../../../Users/first/Documents/GitHub/infiniteloop-project/unrealengineproject/Saved/M_Decals_Teste31C0C9914E0E250E9651999FB52ABC70.tmp' to '../../../../../../Users/first/Documents/GitHub/infiniteloop-project/unrealengineproject/Content/Materiais/Teste/M_Decals_Teste.uasset'
[2017.12.17-22.36.38:105][903]LogSavePackage: Display: Finished SavePackage ../../../../../../Users/first/Documents/GitHub/infiniteloop-project/unrealengineproject/Content/Materiais/Teste/M_Decals_Teste.uasset
[2017.12.17-22.36.38:166][903]MaterialEditorStats: Base pass shader: 49 instructions
[2017.12.17-22.36.38:166][903]MaterialEditorStats: Base pass shader with Volumetric Lightmap: 76 instructions
[2017.12.17-22.36.38:166][903]MaterialEditorStats: Vertex shader: 124 instructions
[2017.12.17-22.36.38:166][903]MaterialEditorStats: Texture samplers: 3/16
[2017.12.17-22.36.38:166][903]MaterialEditorStats: User interpolators: 2/4 Scalars (1/4 Vectors) (TexCoords: 2, Custom: 0)
[2017.12.17-22.37.16:082][433]LogEditorViewport: Clicking on Actor (LMB): StaticMeshActor (Floor)
[2017.12.17-22.37.18:207][489]LogEditorViewport: Clicking on Actor (LMB): DecalActor (DecalActor)
[2017.12.17-22.38.01:387][ 38]LogEditorViewport: Clicking on Actor (LMB): StaticMeshActor (Wall6)
[2017.12.17-22.38.03:576][124]LogTemp: Repeating last play command: Selected Viewport
[2017.12.17-22.38.03:834][124]LogBlueprintUserMessages: Early PlayInEditor Detection: Level '/Game/ThirdPersonCPP/Maps/ThirdPersonExampleMap.ThirdPersonExampleMap:PersistentLevel' has LevelScriptBlueprint '/Game/ThirdPersonCPP/Maps/ThirdPersonExampleMap.ThirdPersonExampleMap:PersistentLevel.ThirdPersonExampleMap' with GeneratedClass '/Game/ThirdPersonCPP/Maps/ThirdPersonExampleMap.ThirdPersonExampleMap_C' with ClassGeneratedBy '/Game/ThirdPersonCPP/Maps/ThirdPersonExampleMap.ThirdPersonExampleMap:PersistentLevel.ThirdPersonExampleMap'
[2017.12.17-22.38.03:853][124]LogPlayLevel: PlayLevel: No blueprints needed recompiling
[2017.12.17-22.38.03:979][124]PIE: New page: Sessão de PIE : ThirdPersonExampleMap (17/12/2017 18:38:03)
[2017.12.17-22.38.03:992][124]LogPlayLevel: Creating play world package: /Game/ThirdPersonCPP/Maps/UEDPIE_0_ThirdPersonExampleMap
[2017.12.17-22.38.04:193][124]LogPlayLevel: PIE: StaticDuplicateObject took: (0.200348s)
[2017.12.17-22.38.04:194][124]LogAIModule: Creating AISystem for world ThirdPersonExampleMap
[2017.12.17-22.38.04:225][124]LogPlayLevel: PIE: World Init took: (0.032458s)
[2017.12.17-22.38.04:235][124]LogPlayLevel: PIE: Created PIE world by copying editor world from /Game/ThirdPersonCPP/Maps/ThirdPersonExampleMap.ThirdPersonExampleMap to /Game/ThirdPersonCPP/Maps/UEDPIE_0_ThirdPersonExampleMap.ThirdPersonExampleMap (0.242948s)
[2017.12.17-22.38.04:327][124]LogInit: XAudio2 using 'Fones de ouvido / Alto falantes (Realtek High Definition Audio)' : 2 channels at 44.1 kHz using 16 bits per sample (channel mask 0x3)
[2017.12.17-22.38.04:434][124]LogInit: FAudioDevice initialized.
[2017.12.17-22.38.04:531][124]LogLoad: Game class is 'unrealengineprojectGameMode'
[2017.12.17-22.38.04:813][124]LogWorld: Bringing World /Game/ThirdPersonCPP/Maps/UEDPIE_0_ThirdPersonExampleMap.ThirdPersonExampleMap up for play (max tick rate 0) at 2017.12.17-20.38.04
[2017.12.17-22.38.04:916][124]LogWorld: Bringing up level for play took: 0.166139
[2017.12.17-22.38.05:326][124]LogContentBrowser: Native class hierarchy updated for 'MovieSceneCapture' in 0.0016 seconds. Added 11 classes and 0 folders.
[2017.12.17-22.38.05:383][124]PIE: Momento de início de reprodução no editor para /Game/ThirdPersonCPP/Maps/UEDPIE_0_ThirdPersonExampleMap 1,314
[2017.12.17-22.38.05:384][124]LogBlueprintUserMessages: Late PlayInEditor Detection: Level '/Game/ThirdPersonCPP/Maps/ThirdPersonExampleMap.ThirdPersonExampleMap:PersistentLevel' has LevelScriptBlueprint '/Game/ThirdPersonCPP/Maps/ThirdPersonExampleMap.ThirdPersonExampleMap:PersistentLevel.ThirdPersonExampleMap' with GeneratedClass '/Game/ThirdPersonCPP/Maps/ThirdPersonExampleMap.ThirdPersonExampleMap_C' with ClassGeneratedBy '/Game/ThirdPersonCPP/Maps/ThirdPersonExampleMap.ThirdPersonExampleMap:PersistentLevel.ThirdPersonExampleMap'
[2017.12.17-22.38.49:439][491]LogBlueprintUserMessages: Early EndPlayMap Detection: Level '/Game/ThirdPersonCPP/Maps/ThirdPersonExampleMap.ThirdPersonExampleMap:PersistentLevel' has LevelScriptBlueprint '/Game/ThirdPersonCPP/Maps/ThirdPersonExampleMap.ThirdPersonExampleMap:PersistentLevel.ThirdPersonExampleMap' with GeneratedClass '/Game/ThirdPersonCPP/Maps/ThirdPersonExampleMap.ThirdPersonExampleMap_C' with ClassGeneratedBy '/Game/ThirdPersonCPP/Maps/ThirdPersonExampleMap.ThirdPersonExampleMap:PersistentLevel.ThirdPersonExampleMap'
[2017.12.17-22.38.49:575][491]LogBlueprintUserMessages: Late EndPlayMap Detection: Level '/Game/ThirdPersonCPP/Maps/ThirdPersonExampleMap.ThirdPersonExampleMap:PersistentLevel' has LevelScriptBlueprint '/Game/ThirdPersonCPP/Maps/ThirdPersonExampleMap.ThirdPersonExampleMap:PersistentLevel.ThirdPersonExampleMap' with GeneratedClass '/Game/ThirdPersonCPP/Maps/ThirdPersonExampleMap.ThirdPersonExampleMap_C' with ClassGeneratedBy '/Game/ThirdPersonCPP/Maps/ThirdPersonExampleMap.ThirdPersonExampleMap:PersistentLevel.ThirdPersonExampleMap'
[2017.12.17-22.39.05:046][ 49]LogClient: Captura de tela de alta resolução salva como C:/Users/first/Documents/GitHub/infiniteloop-project/unrealengineproject/Saved/Screenshots/Windows/HighresScreenshot00004.png
[2017.12.17-22.39.09:572][212]LogTemp: Repeating last play command: Selected Viewport
[2017.12.17-22.39.09:600][212]LogBlueprintUserMessages: Early PlayInEditor Detection: Level '/Game/ThirdPersonCPP/Maps/ThirdPersonExampleMap.ThirdPersonExampleMap:PersistentLevel' has LevelScriptBlueprint '/Game/ThirdPersonCPP/Maps/ThirdPersonExampleMap.ThirdPersonExampleMap:PersistentLevel.ThirdPersonExampleMap' with GeneratedClass '/Game/ThirdPersonCPP/Maps/ThirdPersonExampleMap.ThirdPersonExampleMap_C' with ClassGeneratedBy '/Game/ThirdPersonCPP/Maps/ThirdPersonExampleMap.ThirdPersonExampleMap:PersistentLevel.ThirdPersonExampleMap'
[2017.12.17-22.39.09:600][212]LogPlayLevel: PlayLevel: No blueprints needed recompiling
[2017.12.17-22.39.09:600][212]PIE: New page: Sessão de PIE : ThirdPersonExampleMap (17/12/2017 18:39:09)
[2017.12.17-22.39.09:600][212]LogPlayLevel: Creating play world package: /Game/ThirdPersonCPP/Maps/UEDPIE_0_ThirdPersonExampleMap
[2017.12.17-22.39.09:646][212]LogPlayLevel: PIE: StaticDuplicateObject took: (0.046007s)
[2017.12.17-22.39.09:648][212]LogAIModule: Creating AISystem for world ThirdPersonExampleMap
[2017.12.17-22.39.09:649][212]LogPlayLevel: PIE: World Init took: (0.002392s)
[2017.12.17-22.39.09:649][212]LogPlayLevel: PIE: Created PIE world by copying editor world from /Game/ThirdPersonCPP/Maps/ThirdPersonExampleMap.ThirdPersonExampleMap to /Game/ThirdPersonCPP/Maps/UEDPIE_0_ThirdPersonExampleMap.ThirdPersonExampleMap (0.049025s)
[2017.12.17-22.39.09:674][212]LogInit: XAudio2 using 'Fones de ouvido / Alto falantes (Realtek High Definition Audio)' : 2 channels at 44.1 kHz using 16 bits per sample (channel mask 0x3)
[2017.12.17-22.39.09:743][212]LogInit: FAudioDevice initialized.
[2017.12.17-22.39.09:791][212]LogLoad: Game class is 'unrealengineprojectGameMode'
[2017.12.17-22.39.09:794][212]LogWorld: Bringing World /Game/ThirdPersonCPP/Maps/UEDPIE_0_ThirdPersonExampleMap.ThirdPersonExampleMap up for play (max tick rate 0) at 2017.12.17-20.39.09
[2017.12.17-22.39.09:794][212]LogWorld: Bringing up level for play took: 0.002740
[2017.12.17-22.39.09:796][212]PIE: Momento de início de reprodução no editor para /Game/ThirdPersonCPP/Maps/UEDPIE_0_ThirdPersonExampleMap -0,272
[2017.12.17-22.39.09:796][212]LogBlueprintUserMessages: Late PlayInEditor Detection: Level '/Game/ThirdPersonCPP/Maps/ThirdPersonExampleMap.ThirdPersonExampleMap:PersistentLevel' has LevelScriptBlueprint '/Game/ThirdPersonCPP/Maps/ThirdPersonExampleMap.ThirdPersonExampleMap:PersistentLevel.ThirdPersonExampleMap' with GeneratedClass '/Game/ThirdPersonCPP/Maps/ThirdPersonExampleMap.ThirdPersonExampleMap_C' with ClassGeneratedBy '/Game/ThirdPersonCPP/Maps/ThirdPersonExampleMap.ThirdPersonExampleMap:PersistentLevel.ThirdPersonExampleMap'
[2017.12.17-22.39.20:334][780]LogBlueprintUserMessages: Early EndPlayMap Detection: Level '/Game/ThirdPersonCPP/Maps/ThirdPersonExampleMap.ThirdPersonExampleMap:PersistentLevel' has LevelScriptBlueprint '/Game/ThirdPersonCPP/Maps/ThirdPersonExampleMap.ThirdPersonExampleMap:PersistentLevel.ThirdPersonExampleMap' with GeneratedClass '/Game/ThirdPersonCPP/Maps/ThirdPersonExampleMap.ThirdPersonExampleMap_C' with ClassGeneratedBy '/Game/ThirdPersonCPP/Maps/ThirdPersonExampleMap.ThirdPersonExampleMap:PersistentLevel.ThirdPersonExampleMap'
[2017.12.17-22.39.20:383][780]LogBlueprintUserMessages: Late EndPlayMap Detection: Level '/Game/ThirdPersonCPP/Maps/ThirdPersonExampleMap.ThirdPersonExampleMap:PersistentLevel' has LevelScriptBlueprint '/Game/ThirdPersonCPP/Maps/ThirdPersonExampleMap.ThirdPersonExampleMap:PersistentLevel.ThirdPersonExampleMap' with GeneratedClass '/Game/ThirdPersonCPP/Maps/ThirdPersonExampleMap.ThirdPersonExampleMap_C' with ClassGeneratedBy '/Game/ThirdPersonCPP/Maps/ThirdPersonExampleMap.ThirdPersonExampleMap:PersistentLevel.ThirdPersonExampleMap'
[2017.12.17-22.39.25:560][913]LogSavePackage: Save=1126.95ms
[2017.12.17-22.39.25:560][913]LogSavePackage: Moving '../../../../../../Users/first/Documents/GitHub/infiniteloop-project/unrealengineproject/Saved/ThirdPersonExampleMap0BF279974485ED5E366EFDBD66B16153.tmp' to '../../../../../../Users/first/Documents/GitHub/infiniteloop-project/unrealengineproject/Content/ThirdPersonCPP/Maps/ThirdPersonExampleMap.umap'
[2017.12.17-22.39.25:568][913]LogSavePackage: Display: Finished SavePackage ../../../../../../Users/first/Documents/GitHub/infiniteloop-project/unrealengineproject/Content/ThirdPersonCPP/Maps/ThirdPersonExampleMap.umap
[2017.12.17-22.39.25:693][913]LogFileHelpers: Saving map 'ThirdPersonExampleMap' took 1.476
[2017.12.17-22.39.28:606][ 18]LogWindowsTextInputMethodSystem: Display: IME system now deactivated.
[2017.12.17-22.39.29:066][ 19]Cmd: QUIT_EDITOR
[2017.12.17-22.39.30:002][ 19]LogExit: Preparing to exit.
[2017.12.17-22.39.31:216][ 19]LogDirectoryWatcher: A directory notification for 'C:/Users/first/Documents/GitHub/infiniteloop-project/unrealengineproject/Content/' was aborted.
[2017.12.17-22.39.31:446][ 19]LogExit: Editor shut down
[2017.12.17-22.39.31:466][ 19]LogExit: Transaction tracking system shut down
[2017.12.17-22.39.32:109][ 19]LogDirectoryWatcher: A directory notification for '../../../Engine/Content/' was aborted.
[2017.12.17-22.39.32:109][ 19]LogDirectoryWatcher: A directory notification for '../../../../../../Users/first/Documents/GitHub/infiniteloop-project/unrealengineproject/Content/' was aborted.
[2017.12.17-22.39.32:109][ 19]LogDirectoryWatcher: A directory notification for '../../../Engine/Plugins/2D/Paper2D/Content/' was aborted.
[2017.12.17-22.39.32:109][ 19]LogDirectoryWatcher: A directory notification for '../../../Engine/Plugins/Media/MediaCompositing/Content/' was aborted.
[2017.12.17-22.39.32:110][ 19]LogDirectoryWatcher: A directory notification for '../../../Engine/Plugins/Runtime/AppleARKit/Content/' was aborted.
[2017.12.17-22.39.32:110][ 19]LogDirectoryWatcher: A directory notification for '../../../Engine/Plugins/Runtime/Oculus/OculusVR/Content/' was aborted.
[2017.12.17-22.39.32:110][ 19]LogDirectoryWatcher: A directory notification for '../../../Engine/Plugins/Runtime/Steam/SteamVR/Content/' was aborted.
[2017.12.17-22.39.34:763][ 19]LogExit: Object subsystem successfully closed.
[2017.12.17-22.39.35:601][ 19]LogD3D11RHI: Shutdown
[2017.12.17-22.39.35:617][ 19]LogD3D11RHI: CleanupD3DDevice
[2017.12.17-22.39.35:842][ 19]LogD3D11RHI: ~FD3D11DynamicRHI
[2017.12.17-22.39.36:636][ 19]LogModuleManager: Shutting down and abandoning module MovieSceneCapture (554)
[2017.12.17-22.39.36:636][ 19]LogModuleManager: Shutting down and abandoning module MaterialEditor (552)
[2017.12.17-22.39.36:636][ 19]LogModuleManager: Shutting down and abandoning module HierarchicalLODOutliner (550)
[2017.12.17-22.39.36:636][ 19]LogModuleManager: Shutting down and abandoning module DesktopPlatform (548)
[2017.12.17-22.39.36:679][ 19]LogModuleManager: Shutting down and abandoning module SceneOutliner (546)
[2017.12.17-22.39.36:679][ 19]LogModuleManager: Shutting down and abandoning module AddContentDialog (544)
[2017.12.17-22.39.36:709][ 19]LogDirectoryWatcher: A directory notification for 'C:/Program Files/Epic Games/UE_4.18/FeaturePacks/' was aborted.
[2017.12.17-22.39.36:763][ 19]LogModuleManager: Shutting down and abandoning module WidgetCarousel (543)
[2017.12.17-22.39.36:764][ 19]LogModuleManager: Shutting down and abandoning module EditorWidgets (540)
[2017.12.17-22.39.36:764][ 19]LogModuleManager: Shutting down and abandoning module CollectionManager (538)
[2017.12.17-22.39.36:764][ 19]LogDirectoryWatcher: A directory notification for 'C:/Users/first/Documents/GitHub/infiniteloop-project/unrealengineproject/Content/Collections/' was aborted.
[2017.12.17-22.39.36:764][ 19]LogDirectoryWatcher: A directory notification for 'C:/Users/first/Documents/GitHub/infiniteloop-project/unrealengineproject/Content/Developers/first/Collections/' was aborted.
[2017.12.17-22.39.36:764][ 19]LogDirectoryWatcher: A directory notification for 'C:/Users/first/Documents/GitHub/infiniteloop-project/unrealengineproject/Saved/Collections/' was aborted.
[2017.12.17-22.39.36:765][ 19]LogModuleManager: Shutting down and abandoning module StatsViewer (536)
[2017.12.17-22.39.36:804][ 19]LogModuleManager: Shutting down and abandoning module FoliageEdit (534)
[2017.12.17-22.39.36:804][ 19]LogModuleManager: Shutting down and abandoning module LandscapeEditor (532)
[2017.12.17-22.39.36:816][ 19]LogModuleManager: Shutting down and abandoning module MeshPaintMode (530)
[2017.12.17-22.39.36:816][ 19]LogModuleManager: Shutting down and abandoning module SceneDepthPickerMode (528)
[2017.12.17-22.39.36:816][ 19]LogModuleManager: Shutting down and abandoning module ActorPickerMode (526)
[2017.12.17-22.39.36:816][ 19]LogModuleManager: Shutting down and abandoning module GeometryMode (524)
[2017.12.17-22.39.36:816][ 19]LogModuleManager: Shutting down and abandoning module TextureAlignMode (522)
[2017.12.17-22.39.36:817][ 19]LogModuleManager: Shutting down and abandoning module BspMode (520)
[2017.12.17-22.39.36:817][ 19]LogModuleManager: Shutting down and abandoning module PIEPreviewDeviceProfileSelector (518)
[2017.12.17-22.39.36:817][ 19]LogModuleManager: Shutting down and abandoning module HardwareSurvey (516)
[2017.12.17-22.39.36:817][ 19]LogModuleManager: Shutting down and abandoning module SequenceRecorderSections (514)
[2017.12.17-22.39.36:817][ 19]LogModuleManager: Shutting down and abandoning module AutomationWorker (512)
[2017.12.17-22.39.36:817][ 19]LogModuleManager: Shutting down and abandoning module MatineeToLevelSequence (510)
[2017.12.17-22.39.36:817][ 19]LogModuleManager: Shutting down and abandoning module LevelSequenceEditor (508)
[2017.12.17-22.39.36:833][ 19]LogModuleManager: Shutting down and abandoning module PlacementMode (507)
[2017.12.17-22.39.36:833][ 19]LogModuleManager: Shutting down and abandoning module WmfMediaFactory (504)
[2017.12.17-22.39.36:833][ 19]LogModuleManager: Shutting down and abandoning module WmfMediaEditor (502)
[2017.12.17-22.39.36:833][ 19]LogModuleManager: Shutting down and abandoning module OpenExrWrapper (500)
[2017.12.17-22.39.36:833][ 19]LogModuleManager: Shutting down and abandoning module ImgMediaFactory (498)
[2017.12.17-22.39.36:833][ 19]LogModuleManager: Shutting down and abandoning module ImgMediaEditor (496)
[2017.12.17-22.39.36:833][ 19]LogModuleManager: Shutting down and abandoning module AvfMediaFactory (494)
[2017.12.17-22.39.36:833][ 19]LogModuleManager: Shutting down and abandoning module AvfMediaEditor (492)
[2017.12.17-22.39.36:833][ 19]LogModuleManager: Shutting down and abandoning module AndroidMediaFactory (490)
[2017.12.17-22.39.36:833][ 19]LogModuleManager: Shutting down and abandoning module AndroidMediaEditor (488)
[2017.12.17-22.39.36:833][ 19]LogModuleManager: Shutting down and abandoning module CharacterAI (486)
[2017.12.17-22.39.36:834][ 19]LogModuleManager: Shutting down and abandoning module AudioCapture (484)
[2017.12.17-22.39.36:858][ 19]LogModuleManager: Shutting down and abandoning module SequenceRecorder (483)
[2017.12.17-22.39.36:859][ 19]LogModuleManager: Shutting down and abandoning module SmartSnapping (480)
[2017.12.17-22.39.36:859][ 19]LogModuleManager: Shutting down and abandoning module SessionServices (478)
[2017.12.17-22.39.36:859][ 19]LogModuleManager: Shutting down and abandoning module ViewportSnapping (476)
[2017.12.17-22.39.36:859][ 19]LogModuleManager: Shutting down and abandoning module ViewportInteraction (474)
[2017.12.17-22.39.36:859][ 19]LogModuleManager: Shutting down and abandoning module ClothPainter (472)
[2017.12.17-22.39.36:865][ 19]LogModuleManager: Shutting down and abandoning module SkeletalMeshEditor (471)
[2017.12.17-22.39.36:865][ 19]LogModuleManager: Shutting down and abandoning module LogVisualizer (468)
[2017.12.17-22.39.36:865][ 19]LogModuleManager: Shutting down and abandoning module IntroTutorials (466)
[2017.12.17-22.39.36:873][ 19]LogModuleManager: Shutting down and abandoning module GameProjectGeneration (465)
[2017.12.17-22.39.36:919][ 19]LogModuleManager: Shutting down and abandoning module IOSPlatformEditor (462)
[2017.12.17-22.39.36:919][ 19]LogModuleManager: Shutting down and abandoning module HTML5PlatformEditor (460)
[2017.12.17-22.39.36:919][ 19]LogModuleManager: Shutting down and abandoning module AndroidPlatformEditor (458)
[2017.12.17-22.39.36:919][ 19]LogModuleManager: Shutting down and abandoning module AndroidDeviceDetection (457)
[2017.12.17-22.39.37:222][ 19]LogModuleManager: Shutting down and abandoning module WindowsPlatformEditor (454)
[2017.12.17-22.39.37:222][ 19]LogModuleManager: Shutting down and abandoning module IOSRuntimeSettings (452)
[2017.12.17-22.39.37:222][ 19]LogModuleManager: Shutting down and abandoning module AndroidRuntimeSettings (450)
[2017.12.17-22.39.37:222][ 19]LogModuleManager: Shutting down and abandoning module InputBindingEditor (448)
[2017.12.17-22.39.37:222][ 19]LogModuleManager: Shutting down and abandoning module MergeActors (446)
[2017.12.17-22.39.37:223][ 19]LogModuleManager: Shutting down and abandoning module SizeMap (444)
[2017.12.17-22.39.37:223][ 19]LogModuleManager: Shutting down and abandoning module TreeMap (442)
[2017.12.17-22.39.37:223][ 19]LogModuleManager: Shutting down and abandoning module ReferenceViewer (440)
[2017.12.17-22.39.37:224][ 19]LogModuleManager: Shutting down and abandoning module LocalizationDashboard (438)
[2017.12.17-22.39.37:224][ 19]LogModuleManager: Shutting down and abandoning module LocalizationService (437)
[2017.12.17-22.39.37:224][ 19]LogModuleManager: Shutting down and abandoning module HardwareTargeting (434)
[2017.12.17-22.39.37:224][ 19]LogModuleManager: Shutting down and abandoning module DeviceProfileEditor (432)
[2017.12.17-22.39.37:224][ 19]LogModuleManager: Shutting down and abandoning module UndoHistory (430)
[2017.12.17-22.39.37:224][ 19]LogModuleManager: Shutting down and abandoning module XmlParser (428)
[2017.12.17-22.39.37:225][ 19]LogModuleManager: Shutting down and abandoning module Blutility (426)
[2017.12.17-22.39.37:226][ 19]LogModuleManager: Shutting down and abandoning module ProjectSettingsViewer (424)
[2017.12.17-22.39.37:226][ 19]LogModuleManager: Shutting down and abandoning module ProjectTargetPlatformEditor (423)
[2017.12.17-22.39.37:226][ 19]LogModuleManager: Shutting down and abandoning module EditorSettingsViewer (420)
[2017.12.17-22.39.37:227][ 19]LogModuleManager: Shutting down and abandoning module SettingsEditor (418)
[2017.12.17-22.39.37:227][ 19]LogModuleManager: Shutting down and abandoning module ProjectLauncher (416)
[2017.12.17-22.39.37:228][ 19]LogModuleManager: Shutting down and abandoning module SessionFrontend (414)
[2017.12.17-22.39.37:228][ 19]LogModuleManager: Shutting down and abandoning module ProfilerClient (412)
[2017.12.17-22.39.37:228][ 19]LogModuleManager: Shutting down and abandoning module DeviceManager (410)
[2017.12.17-22.39.37:228][ 19]LogModuleManager: Shutting down and abandoning module TargetDeviceServices (409)
[2017.12.17-22.39.37:282][ 19]LogModuleManager: Shutting down and abandoning module AutomationController (406)
[2017.12.17-22.39.37:282][ 19]LogModuleManager: Shutting down and abandoning module AutomationWindow (404)
[2017.12.17-22.39.37:282][ 19]LogModuleManager: Shutting down and abandoning module Layers (402)
[2017.12.17-22.39.37:282][ 19]LogModuleManager: Shutting down and abandoning module ComponentVisualizers (400)
[2017.12.17-22.39.37:283][ 19]LogModuleManager: Shutting down and abandoning module DetailCustomizations (398)
[2017.12.17-22.39.37:311][ 19]LogModuleManager: Shutting down and abandoning module PackagesDialog (396)
[2017.12.17-22.39.37:313][ 19]LogModuleManager: Shutting down and abandoning module Persona (394)
[2017.12.17-22.39.37:313][ 19]LogModuleManager: Shutting down and abandoning module AdvancedPreviewScene (393)
[2017.12.17-22.39.37:314][ 19]LogModuleManager: Shutting down and abandoning module AnimGraph (391)
[2017.12.17-22.39.37:314][ 19]LogModuleManager: Shutting down and abandoning module Kismet (388)
[2017.12.17-22.39.37:455][ 19]LogModuleManager: Shutting down and abandoning module ClassViewer (386)
[2017.12.17-22.39.37:455][ 19]LogModuleManager: Shutting down and abandoning module Toolbox (384)
[2017.12.17-22.39.37:455][ 19]LogModuleManager: Shutting down and abandoning module ModuleUI (382)
[2017.12.17-22.39.37:455][ 19]LogModuleManager: Shutting down and abandoning module MovieSceneTools (380)
[2017.12.17-22.39.37:857][ 19]LogModuleManager: Shutting down and abandoning module OutputLog (378)
[2017.12.17-22.39.37:857][ 19]LogModuleManager: Shutting down and abandoning module GammaUI (376)
[2017.12.17-22.39.37:857][ 19]LogModuleManager: Shutting down and abandoning module Documentation (374)
[2017.12.17-22.39.37:857][ 19]LogModuleManager: Shutting down and abandoning module MovieSceneTracks (372)
[2017.12.17-22.39.37:857][ 19]LogModuleManager: Shutting down and abandoning module MovieScene (370)
[2017.12.17-22.39.37:857][ 19]LogModuleManager: Shutting down and abandoning module StreamingPauseRendering (368)
[2017.12.17-22.39.37:857][ 19]LogModuleManager: Shutting down and abandoning module LauncherPlatform (366)
[2017.12.17-22.39.37:857][ 19]LogModuleManager: Shutting down and abandoning module AnalyticsET (364)
[2017.12.17-22.39.37:857][ 19]LogModuleManager: Shutting down and abandoning module PortalServices (362)
[2017.12.17-22.39.37:857][ 19]LogModuleManager: Shutting down and abandoning module PortalRpc (360)
[2017.12.17-22.39.37:857][ 19]LogModuleManager: Shutting down and abandoning module MessagingRpc (358)
[2017.12.17-22.39.37:857][ 19]LogModuleManager: Shutting down and abandoning module AIModule (356)
[2017.12.17-22.39.37:858][ 19]LogModuleManager: Shutting down and abandoning module GameplayDebugger (355)
[2017.12.17-22.39.37:858][ 19]LogModuleManager: Shutting down and abandoning module AITestSuite (353)
[2017.12.17-22.39.37:858][ 19]LogModuleManager: Shutting down and abandoning module ProfilerService (350)
[2017.12.17-22.39.37:939][ 19]LogModuleManager: Shutting down and abandoning module TaskGraph (348)
[2017.12.17-22.39.37:939][ 19]LogModuleManager: Shutting down and abandoning module SteamVRController (346)
[2017.12.17-22.39.37:939][ 19]LogModuleManager: Shutting down and abandoning module ProceduralMeshComponentEditor (344)
[2017.12.17-22.39.37:939][ 19]LogModuleManager: Shutting down and abandoning module ProceduralMeshComponent (342)
[2017.12.17-22.39.37:939][ 19]LogModuleManager: Shutting down and abandoning module OculusInput (340)
[2017.12.17-22.39.37:939][ 19]LogModuleManager: Shutting down and abandoning module MobilePatchingUtils (338)
[2017.12.17-22.39.37:939][ 19]LogModuleManager: Shutting down and abandoning module CustomMeshComponent (336)
[2017.12.17-22.39.37:939][ 19]LogModuleManager: Shutting down and abandoning module CableComponent (334)
[2017.12.17-22.39.37:939][ 19]LogModuleManager: Shutting down and abandoning module ArchVisCharacter (332)
[2017.12.17-22.39.37:940][ 19]LogModuleManager: Shutting down and abandoning module AndroidPermission (330)
[2017.12.17-22.39.37:940][ 19]LogModuleManager: Shutting down and abandoning module ActorSequence (326)
[2017.12.17-22.39.37:940][ 19]LogModuleManager: Shutting down and abandoning module MediaPlayerEditor (324)
[2017.12.17-22.39.37:940][ 19]LogModuleManager: Shutting down and abandoning module MediaCompositingEditor (322)
[2017.12.17-22.39.37:940][ 19]LogModuleManager: Shutting down and abandoning module MediaCompositing (320)
[2017.12.17-22.39.37:940][ 19]LogModuleManager: Shutting down and abandoning module HTML5Networking (318)
[2017.12.17-22.39.37:940][ 19]LogModuleManager: Shutting down and abandoning module AlembicImporter (316)
[2017.12.17-22.39.37:940][ 19]LogModuleManager: Shutting down and abandoning module AlembicLibrary (315)
[2017.12.17-22.39.37:940][ 19]LogModuleManager: Shutting down and abandoning module GeometryCache (314)
[2017.12.17-22.39.37:940][ 19]LogModuleManager: Shutting down and abandoning module GeometryCacheEd (313)
[2017.12.17-22.39.37:941][ 19]LogModuleManager: Shutting down and abandoning module SpeedTreeImporter (308)
[2017.12.17-22.39.37:941][ 19]LogModuleManager: Shutting down and abandoning module PluginBrowser (306)
[2017.12.17-22.39.37:941][ 19]LogModuleManager: Shutting down and abandoning module MobileLauncherProfileWizard (304)
[2017.12.17-22.39.37:941][ 19]LogModuleManager: Shutting down and abandoning module VisualStudioSourceCodeAccess (302)
[2017.12.17-22.39.37:941][ 19]LogModuleManager: Shutting down and abandoning module VisualStudioCodeSourceCodeAccess (300)
[2017.12.17-22.39.37:941][ 19]LogModuleManager: Shutting down and abandoning module UObjectPlugin (298)
[2017.12.17-22.39.37:942][ 19]LogModuleManager: Shutting down and abandoning module SubversionSourceControl (296)
[2017.12.17-22.39.37:942][ 19]LogModuleManager: Shutting down and abandoning module PerforceSourceControl (294)
[2017.12.17-22.39.37:942][ 19]LogModuleManager: Shutting down and abandoning module GitSourceControl (292)
[2017.12.17-22.39.37:942][ 19]LogModuleManager: Shutting down and abandoning module SourceControl (291)
[2017.12.17-22.39.37:978][ 19]LogModuleManager: Shutting down and abandoning module LightPropagationVolumeEditor (288)
[2017.12.17-22.39.37:978][ 19]LogModuleManager: Shutting down and abandoning module PaperTiledImporter (286)
[2017.12.17-22.39.37:978][ 19]LogModuleManager: Shutting down and abandoning module PaperSpriteSheetImporter (284)
[2017.12.17-22.39.37:978][ 19]LogModuleManager: Shutting down and abandoning module Paper2DEditor (282)
[2017.12.17-22.39.37:979][ 19]LogModuleManager: Shutting down and abandoning module MeshPaint (281)
[2017.12.17-22.39.37:979][ 19]LogModuleManager: Shutting down and abandoning module LevelEditor (279)
[2017.12.17-22.39.37:989][ 19]LogModuleManager: Shutting down and abandoning module PixelInspectorModule (278)
[2017.12.17-22.39.37:989][ 19]LogModuleManager: Shutting down and abandoning module MainFrame (276)
[2017.12.17-22.39.37:989][ 19]LogModuleManager: Shutting down and abandoning module HotReload (275)
[2017.12.17-22.39.37:989][ 19]LogDirectoryWatcher: A directory notification for 'C:/Users/first/Documents/GitHub/infiniteloop-project/unrealengineproject/Binaries/Win64' was aborted.
[2017.12.17-22.39.37:992][ 19]LogModuleManager: Shutting down and abandoning module unrealengineproject (270)
[2017.12.17-22.39.37:992][ 19]LogModuleManager: Shutting down and abandoning module RuntimePhysXCooking (268)
[2017.12.17-22.39.37:992][ 19]LogModuleManager: Shutting down and abandoning module PhysXVehiclesEditor (266)
[2017.12.17-22.39.38:026][ 19]LogModuleManager: Shutting down and abandoning module PhysXVehicles (264)
[2017.12.17-22.39.38:026][ 19]LogModuleManager: Shutting down and abandoning module OculusEditor (262)
[2017.12.17-22.39.38:026][ 19]LogModuleManager: Shutting down and abandoning module LocationServicesBPLibrary (260)
[2017.12.17-22.39.38:026][ 19]LogModuleManager: Shutting down and abandoning module ImmediatePhysicsEditor (258)
[2017.12.17-22.39.38:026][ 19]LogModuleManager: Shutting down and abandoning module ImmediatePhysics (256)
[2017.12.17-22.39.38:089][ 19]LogModuleManager: Shutting down and abandoning module UdpMessaging (254)
[2017.12.17-22.39.38:232][ 19]LogModuleManager: Shutting down and abandoning module TcpMessaging (252)
[2017.12.17-22.39.38:370][ 19]LogModuleManager: Shutting down and abandoning module GameplayTagsEditor (250)
[2017.12.17-22.39.38:467][ 19]LogModuleManager: Shutting down and abandoning module FacialAnimationEditor (248)
[2017.12.17-22.39.38:469][ 19]LogModuleManager: Shutting down and abandoning module FacialAnimation (246)
[2017.12.17-22.39.38:469][ 19]LogModuleManager: Shutting down and abandoning module AssetManagerEditor (244)
[2017.12.17-22.39.38:538][ 19]LogModuleManager: Shutting down and abandoning module GraphEditor (243)
[2017.12.17-22.39.38:539][ 19]LogModuleManager: Shutting down and abandoning module ContentBrowser (241)
[2017.12.17-22.39.38:546][ 19]LogModuleManager: Shutting down and abandoning module LightPropagationVolumeRuntime (238)
[2017.12.17-22.39.38:547][ 19]LogModuleManager: Shutting down and abandoning module Paper2D (236)
[2017.12.17-22.39.38:547][ 19]LogModuleManager: Shutting down and abandoning module WindowsMoviePlayer (234)
[2017.12.17-22.39.38:575][ 19]LogModuleManager: Shutting down and abandoning module WmfMedia (232)
[2017.12.17-22.39.38:652][ 19]LogModuleManager: Shutting down and abandoning module ImgMedia (230)
[2017.12.17-22.39.38:652][ 19]LogModuleManager: Shutting down and abandoning module PacketHandler (228)
[2017.12.17-22.39.38:653][ 19]LogModuleManager: Shutting down and abandoning module ClothingSystemEditor (226)
[2017.12.17-22.39.38:653][ 19]LogModuleManager: Shutting down and abandoning module ClothingSystemRuntime (224)
[2017.12.17-22.39.38:694][ 19]LogModuleManager: Shutting down and abandoning module MediaAssets (222)
[2017.12.17-22.39.38:694][ 19]LogModuleManager: Shutting down and abandoning module Media (221)
[2017.12.17-22.39.38:705][ 19]LogModuleManager: Shutting down and abandoning module Overlay (218)
[2017.12.17-22.39.38:705][ 19]LogModuleManager: Shutting down and abandoning module OverlayEditor (217)
[2017.12.17-22.39.38:705][ 19]LogModuleManager: Shutting down and abandoning module VREditor (214)
[2017.12.17-22.39.38:980][ 19]LogModuleManager: Shutting down and abandoning module StringTableEditor (212)
[2017.12.17-22.39.38:999][ 19]LogModuleManager: Shutting down and abandoning module GameplayTasksEditor (210)
[2017.12.17-22.39.39:002][ 19]LogModuleManager: Shutting down and abandoning module BehaviorTreeEditor (208)
[2017.12.17-22.39.39:234][ 19]LogModuleManager: Shutting down and abandoning module FunctionalTesting (206)
[2017.12.17-22.39.39:291][ 19]LogModuleManager: Shutting down and abandoning module CollisionAnalyzer (204)
[2017.12.17-22.39.39:418][ 19]LogModuleManager: Shutting down and abandoning module WorkspaceMenuStructure (203)
[2017.12.17-22.39.39:418][ 19]LogModuleManager: Shutting down and abandoning module UMG (200)
[2017.12.17-22.39.39:489][ 19]LogModuleManager: Shutting down and abandoning module UMGEditor (199)
[2017.12.17-22.39.39:654][ 19]LogModuleManager: Shutting down and abandoning module Sequencer (198)
[2017.12.17-22.39.39:839][ 19]LogModuleManager: Shutting down and abandoning module MessageLog (195)
[2017.12.17-22.39.39:839][ 19]LogModuleManager: Shutting down and abandoning module SlateReflector (190)
[2017.12.17-22.39.40:294][ 19]LogModuleManager: Shutting down and abandoning module Slate (188)
[2017.12.17-22.39.40:294][ 19]LogModuleManager: Shutting down and abandoning module EditorStyle (186)
[2017.12.17-22.39.40:303][ 19]LogModuleManager: Shutting down and abandoning module MRMesh (184)
[2017.12.17-22.39.40:304][ 19]LogModuleManager: Shutting down and abandoning module SourceCodeAccess (182)
[2017.12.17-22.39.40:304][ 19]LogModuleManager: Shutting down and abandoning module HeadMountedDisplay (180)
[2017.12.17-22.39.40:304][ 19]LogModuleManager: Shutting down and abandoning module XAudio2 (178)
[2017.12.17-22.39.40:304][ 19]LogModuleManager: Shutting down and abandoning module Networking (176)
[2017.12.17-22.39.40:304][ 19]LogModuleManager: Shutting down and abandoning module Core (172)
[2017.12.17-22.39.40:304][ 19]LogModuleManager: Shutting down and abandoning module LevelSequence (168)
[2017.12.17-22.39.40:421][ 19]LogModuleManager: Shutting down and abandoning module DirectoryWatcher (166)
[2017.12.17-22.39.40:424][ 19]LogModuleManager: Shutting down and abandoning module KismetCompiler (164)
[2017.12.17-22.39.40:424][ 19]LogModuleManager: Shutting down and abandoning module MeshUtilities (162)
[2017.12.17-22.39.40:626][ 19]LogModuleManager: Shutting down and abandoning module MeshMergeUtilities (161)
[2017.12.17-22.39.40:766][ 19]LogModuleManager: Shutting down and abandoning module MeshReductionInterface (160)
[2017.12.17-22.39.40:766][ 19]LogModuleManager: Shutting down and abandoning module SimplygonSwarm (159)
[2017.12.17-22.39.41:028][ 19]LogModuleManager: Shutting down and abandoning module SimplygonMeshReduction (157)
[2017.12.17-22.39.41:028][ 19]LogModuleManager: Shutting down and abandoning module QuadricMeshReduction (155)
[2017.12.17-22.39.41:028][ 19]LogModuleManager: Shutting down and abandoning module MaterialBaking (151)
[2017.12.17-22.39.41:076][ 19]LogModuleManager: Shutting down and abandoning module DerivedDataCache (148)
[2017.12.17-22.39.41:196][ 19]LogDerivedDataCache: Shutdown
[2017.12.17-22.39.41:196][ 19]LogModuleManager: Shutting down and abandoning module TargetPlatform (146)
[2017.12.17-22.39.41:196][ 19]LogModuleManager: Shutting down and abandoning module VulkanShaderFormat (145)
[2017.12.17-22.39.41:230][ 19]LogModuleManager: Shutting down and abandoning module ShaderFormatVectorVM (143)
[2017.12.17-22.39.41:269][ 19]LogModuleManager: Shutting down and abandoning module ShaderFormatOpenGL (141)
[2017.12.17-22.39.41:307][ 19]LogModuleManager: Shutting down and abandoning module ShaderFormatD3D (139)
[2017.12.17-22.39.41:307][ 19]LogModuleManager: Shutting down and abandoning module MetalShaderFormat (137)
[2017.12.17-22.39.41:388][ 19]LogModuleManager: Shutting down and abandoning module TextureFormatUncompressed (135)
[2017.12.17-22.39.41:389][ 19]LogModuleManager: Shutting down and abandoning module TextureFormatPVR (133)
[2017.12.17-22.39.41:389][ 19]LogModuleManager: Shutting down and abandoning module TextureFormatDXT (131)
[2017.12.17-22.39.41:389][ 19]LogModuleManager: Shutting down and abandoning module TextureFormatIntelISPCTexComp (129)
[2017.12.17-22.39.41:389][ 19]LogModuleManager: Shutting down and abandoning module TextureFormatASTC (127)
[2017.12.17-22.39.41:389][ 19]LogModuleManager: Shutting down and abandoning module ImageWrapper (126)
[2017.12.17-22.39.41:389][ 19]LogModuleManager: Shutting down and abandoning module TextureFormatAndroid (123)
[2017.12.17-22.39.41:391][ 19]LogModuleManager: Shutting down and abandoning module AudioFormatOpus (121)
[2017.12.17-22.39.41:393][ 19]LogModuleManager: Shutting down and abandoning module AudioFormatOgg (119)
[2017.12.17-22.39.41:393][ 19]LogModuleManager: Shutting down and abandoning module AudioFormatADPCM (117)
[2017.12.17-22.39.41:393][ 19]LogModuleManager: Shutting down and abandoning module LinuxTargetPlatform (115)
[2017.12.17-22.39.41:393][ 19]LogModuleManager: Shutting down and abandoning module LinuxServerTargetPlatform (113)
[2017.12.17-22.39.41:393][ 19]LogModuleManager: Shutting down and abandoning module LinuxNoEditorTargetPlatform (111)
[2017.12.17-22.39.41:393][ 19]LogModuleManager: Shutting down and abandoning module LinuxClientTargetPlatform (109)
[2017.12.17-22.39.41:393][ 19]LogModuleManager: Shutting down and abandoning module TVOSTargetPlatform (107)
[2017.12.17-22.39.41:394][ 19]LogModuleManager: Shutting down and abandoning module Messaging (105)
[2017.12.17-22.39.41:394][ 19]LogModuleManager: Shutting down and abandoning module IOSTargetPlatform (103)
[2017.12.17-22.39.41:394][ 19]LogModuleManager: Shutting down and abandoning module HTML5TargetPlatform (101)
[2017.12.17-22.39.41:394][ 19]LogModuleManager: Shutting down and abandoning module AndroidTargetPlatform (99)
[2017.12.17-22.39.41:394][ 19]LogModuleManager: Shutting down and abandoning module Android_PVRTCTargetPlatform (97)
[2017.12.17-22.39.41:394][ 19]LogModuleManager: Shutting down and abandoning module Android_MultiTargetPlatform (95)
[2017.12.17-22.39.41:394][ 19]LogModuleManager: Shutting down and abandoning module Android_ETC2TargetPlatform (93)
[2017.12.17-22.39.41:394][ 19]LogModuleManager: Shutting down and abandoning module Android_ETC1TargetPlatform (91)
[2017.12.17-22.39.41:394][ 19]LogModuleManager: Shutting down and abandoning module Android_DXTTargetPlatform (89)
[2017.12.17-22.39.41:395][ 19]LogModuleManager: Shutting down and abandoning module Android_ATCTargetPlatform (87)
[2017.12.17-22.39.41:395][ 19]LogModuleManager: Shutting down and abandoning module Android_ASTCTargetPlatform (85)
[2017.12.17-22.39.41:395][ 19]LogModuleManager: Shutting down and abandoning module WindowsTargetPlatform (83)
[2017.12.17-22.39.41:395][ 19]LogModuleManager: Shutting down and abandoning module WindowsServerTargetPlatform (81)
[2017.12.17-22.39.41:395][ 19]LogModuleManager: Shutting down and abandoning module WindowsNoEditorTargetPlatform (79)
[2017.12.17-22.39.41:395][ 19]LogModuleManager: Shutting down and abandoning module WindowsClientTargetPlatform (77)
[2017.12.17-22.39.41:395][ 19]LogModuleManager: Shutting down and abandoning module MacTargetPlatform (75)
[2017.12.17-22.39.41:395][ 19]LogModuleManager: Shutting down and abandoning module MacServerTargetPlatform (73)
[2017.12.17-22.39.41:396][ 19]LogModuleManager: Shutting down and abandoning module MacNoEditorTargetPlatform (71)
[2017.12.17-22.39.41:396][ 19]LogModuleManager: Shutting down and abandoning module MacClientTargetPlatform (69)
[2017.12.17-22.39.41:396][ 19]LogModuleManager: Shutting down and abandoning module AllDesktopTargetPlatform (67)
[2017.12.17-22.39.41:396][ 19]LogModuleManager: Shutting down and abandoning module InputCore (64)
[2017.12.17-22.39.41:396][ 19]LogModuleManager: Shutting down and abandoning module Settings (62)
[2017.12.17-22.39.41:396][ 19]LogModuleManager: Shutting down and abandoning module PhysXCooking (60)
[2017.12.17-22.39.41:396][ 19]LogModuleManager: Shutting down and abandoning module SteamVR (58)
[2017.12.17-22.39.41:397][ 19]LogModuleManager: Shutting down and abandoning module OculusHMD (56)
[2017.12.17-22.39.41:433][ 19]LogModuleManager: Shutting down and abandoning module ExampleDeviceProfileSelector (54)
[2017.12.17-22.39.41:433][ 19]LogModuleManager: Shutting down and abandoning module AppleARKit (52)
[2017.12.17-22.39.41:434][ 19]LogModuleManager: Shutting down and abandoning module AugmentedReality (51)
[2017.12.17-22.39.41:434][ 19]LogModuleManager: Shutting down and abandoning module OnlineBlueprintSupport (48)
[2017.12.17-22.39.41:434][ 19]LogModuleManager: Shutting down and abandoning module OnlineSubsystem (44)
[2017.12.17-22.39.41:479][ 19]LogModuleManager: Shutting down and abandoning module XMPP (43)
[2017.12.17-22.39.41:646][ 19]LogModuleManager: Shutting down and abandoning module HTTP (41)
[2017.12.17-22.39.41:646][ 19]LogHttp: Display: Http module shutting down, but needs to wait on 1 outstanding Http requests:
[2017.12.17-22.39.41:688][ 19]LogHttp: Display: 	verb=[POST] url=[https://datarouter.ol.epicgames.com/datarouter/api/v1/public/data?SessionID=%7B41EA3071-4513-16BA-242D-ABA6DBE3FCD5%7D&AppID=UEEditor.Rocket.Release&AppVersion=4.18.2-3794801%2B%2B%2BUE4%2BRelease-4.18&UserID=46c0820940d2b7a4efcf83a7ad15bb1c%7C5b7304fe5b73447ea97fc26d48c5b36a%7Cfe1d0201-8652-47a8-bc02-ffb63c3615ba&AppEnvironment=datacollector-binary&UploadType=eteventstream] status=Processing
[2017.12.17-22.39.41:719][ 19]LogModuleManager: Shutting down and abandoning module SSL (40)
[2017.12.17-22.39.41:838][ 19]LogModuleManager: Shutting down and abandoning module AnimationModifiers (36)
[2017.12.17-22.39.41:888][ 19]LogModuleManager: Shutting down and abandoning module PropertyEditor (35)
[2017.12.17-22.39.41:889][ 19]LogModuleManager: Shutting down and abandoning module AudioEditor (32)
[2017.12.17-22.39.42:028][ 19]LogModuleManager: Shutting down and abandoning module TextureCompressor (30)
[2017.12.17-22.39.43:149][ 19]LogModuleManager: Shutting down and abandoning module ShaderCore (28)
[2017.12.17-22.39.43:150][ 19]LogModuleManager: Shutting down and abandoning module Landscape (26)
[2017.12.17-22.39.43:150][ 19]LogModuleManager: Shutting down and abandoning module SlateRHIRenderer (24)
[2017.12.17-22.39.43:411][ 19]LogModuleManager: Shutting down and abandoning module OpenGLDrv (22)
[2017.12.17-22.39.43:450][ 19]LogModuleManager: Shutting down and abandoning module D3D11RHI (20)
[2017.12.17-22.39.43:451][ 19]LogModuleManager: Shutting down and abandoning module AnimGraphRuntime (18)
[2017.12.17-22.39.43:478][ 19]LogModuleManager: Shutting down and abandoning module Renderer (16)
[2017.12.17-22.39.43:478][ 19]LogModuleManager: Shutting down and abandoning module Engine (14)
[2017.12.17-22.39.43:478][ 19]LogModuleManager: Shutting down and abandoning module CoreUObject (12)
[2017.12.17-22.39.43:483][ 19]LogModuleManager: Shutting down and abandoning module NetworkFile (10)
[2017.12.17-22.39.43:512][ 19]LogModuleManager: Shutting down and abandoning module CookedIterativeFile (8)
[2017.12.17-22.39.43:512][ 19]LogModuleManager: Shutting down and abandoning module StreamingFile (6)
[2017.12.17-22.39.43:525][ 19]LogModuleManager: Shutting down and abandoning module SandboxFile (4)
[2017.12.17-22.39.43:525][ 19]LogModuleManager: Shutting down and abandoning module PakFile (2)
[2017.12.17-22.39.43:594][ 19]LogExit: Exiting.
[2017.12.17-22.39.43:617][ 19]Log file closed, 12/17/17 20:39:43
